0.47681
0.811102
0.976216
0.782211
0.635937
0.621143
0.521701
0.796924
0.408901
0.638384
0.395153
0.632392
0.676425
0.64645
0.674451
0.3004
0.805381
0.322783
0.665873
0.641676
0.936802
0.594009
0.577894
1.024851
0.497663
0.57074
0.840434
0.668746
0.529817
0.761993
0.623208
0.588627
0.990505
0.460919
0.508747
0.875396
0.61738
0.527927
0.355021
0.431181
0.499999
0.627698
0.57599
0.510739
0.630779
0.394902
0.85391
0.516326
0.682952
0.525488
0.416972
1.212056
0.434857
0.653766
0.514124
0.923819
0.620316
0.76453
0.582647
0.50544
0.589061
0.606199
0.744988
0.391882
0.538108
0.547953
0.572623
0.505472
0.621139
0.447664
1.042369
0.390222
0.626267
0.6892
0.632039
0.369423
0.415971
0.612234
0.86084
0.58937
0.539177
0.674989
0.776527
0.576704
0.83964
0.676442
0.724425
0.872319
0.925062
0.631448
0.798672
1.218382
0.402225
0.573723
0.469785
0.722702
0.662965
0.500898
0.63355
0.677206
