[INFO]	 [main]	 2019-06-07 07:14:58.445591

[INFO]	 [req_0]	 2019-06-07 07:14:58.445591

[INFO]	 [c0]	 2019-06-07 07:14:58.445643
[INFO]	 [c0]	 2019-06-07 07:14:58.445667
[INFO]	 [c0]	Time elapsed:  2.4e-05  seconds.

[INFO]	 [pool]	 2019-06-07 07:14:58.445700

[INFO]	 [c2]	 2019-06-07 07:14:58.493149

[INFO]	 [c1]	 2019-06-07 07:14:58.497777
[INFO]	 [c2]	 2019-06-07 07:14:58.592944
[INFO]	 [c2]	Time elapsed:  0.099795  seconds.
[INFO]	 [c1]	 2019-06-07 07:14:59.072301
[INFO]	 [c1]	Time elapsed:  0.574524  seconds.
[INFO]	 [pool]	 2019-06-07 07:14:59.139101
[INFO]	 [pool]	Time elapsed:  0.693401  seconds.

[INFO]	 [c3]	 2019-06-07 07:14:59.139181
[INFO]	 [c3]	 2019-06-07 07:14:59.167255
[INFO]	 [c3]	 Time elapsed:  0.028074  seconds.

[INFO]	 [c4]	 2019-06-07 07:14:59.167320
[INFO]	 [c4]	 2019-06-07 07:14:59.167345
[INFO]	 [c4]	 Time elapsed:  2.5e-05  seconds.

[INFO]	 [req_0]	 2019-06-07 07:14:58.445591

[INFO]	 [req_0]	 Time elapsed:  0.722005  seconds.

[INFO]	 [req_1]	 2019-06-07 07:14:58.445591

[INFO]	 [c0]	 2019-06-07 07:14:59.167719
[INFO]	 [c0]	 2019-06-07 07:14:59.167736
[INFO]	 [c0]	Time elapsed:  1.7e-05  seconds.

[INFO]	 [pool]	 2019-06-07 07:14:59.167761

[INFO]	 [c2]	 2019-06-07 07:14:59.214527

[INFO]	 [c1]	 2019-06-07 07:14:59.219197
[INFO]	 [c2]	 2019-06-07 07:14:59.311140
[INFO]	 [c2]	Time elapsed:  0.096613  seconds.
[INFO]	 [c1]	 2019-06-07 07:14:59.832487
[INFO]	 [c1]	Time elapsed:  0.61329  seconds.
[INFO]	 [pool]	 2019-06-07 07:14:59.960487
[INFO]	 [pool]	Time elapsed:  0.792726  seconds.

[INFO]	 [c3]	 2019-06-07 07:14:59.960582
[INFO]	 [c3]	 2019-06-07 07:14:59.981430
[INFO]	 [c3]	 Time elapsed:  0.020848  seconds.

[INFO]	 [c4]	 2019-06-07 07:14:59.981491
[INFO]	 [c4]	 2019-06-07 07:14:59.981514
[INFO]	 [c4]	 Time elapsed:  2.3e-05  seconds.

[INFO]	 [req_1]	 2019-06-07 07:14:58.445591

[INFO]	 [req_1]	 Time elapsed:  0.814112  seconds.

[INFO]	 [req_2]	 2019-06-07 07:14:58.445591

[INFO]	 [c0]	 2019-06-07 07:14:59.981890
[INFO]	 [c0]	 2019-06-07 07:14:59.981910
[INFO]	 [c0]	Time elapsed:  2e-05  seconds.

[INFO]	 [pool]	 2019-06-07 07:14:59.981941

[INFO]	 [c2]	 2019-06-07 07:15:00.031419

[INFO]	 [c1]	 2019-06-07 07:15:00.036104
[INFO]	 [c2]	 2019-06-07 07:15:00.129192
[INFO]	 [c2]	Time elapsed:  0.097773  seconds.
[INFO]	 [c1]	 2019-06-07 07:15:00.503068
[INFO]	 [c1]	Time elapsed:  0.466964  seconds.
[INFO]	 [pool]	 2019-06-07 07:15:00.576930
[INFO]	 [pool]	Time elapsed:  0.594989  seconds.

[INFO]	 [c3]	 2019-06-07 07:15:00.577015
[INFO]	 [c3]	 2019-06-07 07:15:00.597526
[INFO]	 [c3]	 Time elapsed:  0.020511  seconds.

[INFO]	 [c4]	 2019-06-07 07:15:00.597597
[INFO]	 [c4]	 2019-06-07 07:15:00.597621
[INFO]	 [c4]	 Time elapsed:  2.4e-05  seconds.

[INFO]	 [req_2]	 2019-06-07 07:14:58.445591

[INFO]	 [req_2]	 Time elapsed:  0.616062  seconds.

[INFO]	 [req_3]	 2019-06-07 07:14:58.445591

[INFO]	 [c0]	 2019-06-07 07:15:00.598013
[INFO]	 [c0]	 2019-06-07 07:15:00.598031
[INFO]	 [c0]	Time elapsed:  1.8e-05  seconds.

[INFO]	 [pool]	 2019-06-07 07:15:00.598065

[INFO]	 [c2]	 2019-06-07 07:15:00.645214

[INFO]	 [c1]	 2019-06-07 07:15:00.650539
[INFO]	 [c2]	 2019-06-07 07:15:00.743751
[INFO]	 [c2]	Time elapsed:  0.098537  seconds.
[INFO]	 [c1]	 2019-06-07 07:15:01.212786
[INFO]	 [c1]	Time elapsed:  0.562247  seconds.
[INFO]	 [pool]	 2019-06-07 07:15:01.294526
[INFO]	 [pool]	Time elapsed:  0.696461  seconds.

[INFO]	 [c3]	 2019-06-07 07:15:01.294614
[INFO]	 [c3]	 2019-06-07 07:15:01.314493
[INFO]	 [c3]	 Time elapsed:  0.019879  seconds.

[INFO]	 [c4]	 2019-06-07 07:15:01.314555
[INFO]	 [c4]	 2019-06-07 07:15:01.314582
[INFO]	 [c4]	 Time elapsed:  2.7e-05  seconds.

[INFO]	 [req_3]	 2019-06-07 07:14:58.445591

[INFO]	 [req_3]	 Time elapsed:  0.716924  seconds.

[INFO]	 [req_4]	 2019-06-07 07:14:58.445591

[INFO]	 [c0]	 2019-06-07 07:15:01.315003
[INFO]	 [c0]	 2019-06-07 07:15:01.315023
[INFO]	 [c0]	Time elapsed:  2e-05  seconds.

[INFO]	 [pool]	 2019-06-07 07:15:01.315063

[INFO]	 [c2]	 2019-06-07 07:15:01.365883

[INFO]	 [c1]	 2019-06-07 07:15:01.370978
[INFO]	 [c2]	 2019-06-07 07:15:01.464961
[INFO]	 [c2]	Time elapsed:  0.099078  seconds.
[INFO]	 [c1]	 2019-06-07 07:15:02.103642
[INFO]	 [c1]	Time elapsed:  0.732664  seconds.
[INFO]	 [pool]	 2019-06-07 07:15:02.212618
[INFO]	 [pool]	Time elapsed:  0.897555  seconds.

[INFO]	 [c3]	 2019-06-07 07:15:02.212702
[INFO]	 [c3]	 2019-06-07 07:15:02.232652
[INFO]	 [c3]	 Time elapsed:  0.01995  seconds.

[INFO]	 [c4]	 2019-06-07 07:15:02.232716
[INFO]	 [c4]	 2019-06-07 07:15:02.232741
[INFO]	 [c4]	 Time elapsed:  2.5e-05  seconds.

[INFO]	 [req_4]	 2019-06-07 07:14:58.445591

[INFO]	 [req_4]	 Time elapsed:  0.918079  seconds.

[INFO]	 [req_5]	 2019-06-07 07:14:58.445591

[INFO]	 [c0]	 2019-06-07 07:15:02.233150
[INFO]	 [c0]	 2019-06-07 07:15:02.233182
[INFO]	 [c0]	Time elapsed:  3.2e-05  seconds.

[INFO]	 [pool]	 2019-06-07 07:15:02.233224

[INFO]	 [c2]	 2019-06-07 07:15:02.280706

[INFO]	 [c1]	 2019-06-07 07:15:02.285441
[INFO]	 [c2]	 2019-06-07 07:15:02.379547
[INFO]	 [c2]	Time elapsed:  0.098841  seconds.
[INFO]	 [c1]	 2019-06-07 07:15:02.824976
[INFO]	 [c1]	Time elapsed:  0.539535  seconds.
[INFO]	 [pool]	 2019-06-07 07:15:02.927377
[INFO]	 [pool]	Time elapsed:  0.694153  seconds.

[INFO]	 [c3]	 2019-06-07 07:15:02.927466
[INFO]	 [c3]	 2019-06-07 07:15:02.947010
[INFO]	 [c3]	 Time elapsed:  0.019544  seconds.

[INFO]	 [c4]	 2019-06-07 07:15:02.947083
[INFO]	 [c4]	 2019-06-07 07:15:02.947106
[INFO]	 [c4]	 Time elapsed:  2.3e-05  seconds.

[INFO]	 [req_5]	 2019-06-07 07:14:58.445591

[INFO]	 [req_5]	 Time elapsed:  0.714272  seconds.

[INFO]	 [req_6]	 2019-06-07 07:14:58.445591

[INFO]	 [c0]	 2019-06-07 07:15:02.947479
[INFO]	 [c0]	 2019-06-07 07:15:02.947498
[INFO]	 [c0]	Time elapsed:  1.9e-05  seconds.

[INFO]	 [pool]	 2019-06-07 07:15:02.947520

[INFO]	 [c2]	 2019-06-07 07:15:02.994407

[INFO]	 [c1]	 2019-06-07 07:15:02.999209
[INFO]	 [c2]	 2019-06-07 07:15:03.093414
[INFO]	 [c2]	Time elapsed:  0.099007  seconds.
[INFO]	 [c1]	 2019-06-07 07:15:03.861841
[INFO]	 [c1]	Time elapsed:  0.862632  seconds.
[INFO]	 [pool]	 2019-06-07 07:15:03.941006
[INFO]	 [pool]	Time elapsed:  0.993486  seconds.

[INFO]	 [c3]	 2019-06-07 07:15:03.941097
[INFO]	 [c3]	 2019-06-07 07:15:03.961226
[INFO]	 [c3]	 Time elapsed:  0.020129  seconds.

[INFO]	 [c4]	 2019-06-07 07:15:03.961287
[INFO]	 [c4]	 2019-06-07 07:15:03.961310
[INFO]	 [c4]	 Time elapsed:  2.3e-05  seconds.

[INFO]	 [req_6]	 2019-06-07 07:14:58.445591

[INFO]	 [req_6]	 Time elapsed:  1.014134  seconds.

[INFO]	 [req_7]	 2019-06-07 07:14:58.445591

[INFO]	 [c0]	 2019-06-07 07:15:03.961666
[INFO]	 [c0]	 2019-06-07 07:15:03.961685
[INFO]	 [c0]	Time elapsed:  1.9e-05  seconds.

[INFO]	 [pool]	 2019-06-07 07:15:03.961713

[INFO]	 [c2]	 2019-06-07 07:15:04.009196

[INFO]	 [c1]	 2019-06-07 07:15:04.014089
[INFO]	 [c2]	 2019-06-07 07:15:04.108094
[INFO]	 [c2]	Time elapsed:  0.098898  seconds.
[INFO]	 [c1]	 2019-06-07 07:15:04.467501
[INFO]	 [c1]	Time elapsed:  0.453412  seconds.
[INFO]	 [pool]	 2019-06-07 07:15:04.555184
[INFO]	 [pool]	Time elapsed:  0.593471  seconds.

[INFO]	 [c3]	 2019-06-07 07:15:04.555268
[INFO]	 [c3]	 2019-06-07 07:15:04.575041
[INFO]	 [c3]	 Time elapsed:  0.019773  seconds.

[INFO]	 [c4]	 2019-06-07 07:15:04.575104
[INFO]	 [c4]	 2019-06-07 07:15:04.575129
[INFO]	 [c4]	 Time elapsed:  2.5e-05  seconds.

[INFO]	 [req_7]	 2019-06-07 07:14:58.445591

[INFO]	 [req_7]	 Time elapsed:  0.61378  seconds.

[INFO]	 [req_8]	 2019-06-07 07:14:58.445591

[INFO]	 [c0]	 2019-06-07 07:15:04.575504
[INFO]	 [c0]	 2019-06-07 07:15:04.575518
[INFO]	 [c0]	Time elapsed:  1.4e-05  seconds.

[INFO]	 [pool]	 2019-06-07 07:15:04.575539

[INFO]	 [c2]	 2019-06-07 07:15:04.622993

[INFO]	 [c1]	 2019-06-07 07:15:04.627923
[INFO]	 [c2]	 2019-06-07 07:15:04.721269
[INFO]	 [c2]	Time elapsed:  0.098276  seconds.
[INFO]	 [c1]	 2019-06-07 07:15:05.151477
[INFO]	 [c1]	Time elapsed:  0.523554  seconds.
[INFO]	 [pool]	 2019-06-07 07:15:05.269106
[INFO]	 [pool]	Time elapsed:  0.693567  seconds.

[INFO]	 [c3]	 2019-06-07 07:15:05.269189
[INFO]	 [c3]	 2019-06-07 07:15:05.289073
[INFO]	 [c3]	 Time elapsed:  0.019884  seconds.

[INFO]	 [c4]	 2019-06-07 07:15:05.289135
[INFO]	 [c4]	 2019-06-07 07:15:05.289162
[INFO]	 [c4]	 Time elapsed:  2.7e-05  seconds.

[INFO]	 [req_8]	 2019-06-07 07:14:58.445591

[INFO]	 [req_8]	 Time elapsed:  0.713984  seconds.

[INFO]	 [req_9]	 2019-06-07 07:14:58.445591

[INFO]	 [c0]	 2019-06-07 07:15:05.289546
[INFO]	 [c0]	 2019-06-07 07:15:05.289565
[INFO]	 [c0]	Time elapsed:  1.9e-05  seconds.

[INFO]	 [pool]	 2019-06-07 07:15:05.289592

[INFO]	 [c2]	 2019-06-07 07:15:05.337152

[INFO]	 [c1]	 2019-06-07 07:15:05.341664
[INFO]	 [c2]	 2019-06-07 07:15:05.435645
[INFO]	 [c2]	Time elapsed:  0.098493  seconds.
[INFO]	 [c1]	 2019-06-07 07:15:06.524589
[INFO]	 [c1]	Time elapsed:  1.182925  seconds.
[INFO]	 [pool]	 2019-06-07 07:15:06.584538
[INFO]	 [pool]	Time elapsed:  1.294946  seconds.

[INFO]	 [c3]	 2019-06-07 07:15:06.584622
[INFO]	 [c3]	 2019-06-07 07:15:06.604619
[INFO]	 [c3]	 Time elapsed:  0.019997  seconds.

[INFO]	 [c4]	 2019-06-07 07:15:06.604680
[INFO]	 [c4]	 2019-06-07 07:15:06.604704
[INFO]	 [c4]	 Time elapsed:  2.4e-05  seconds.

[INFO]	 [req_9]	 2019-06-07 07:14:58.445591

[INFO]	 [req_9]	 Time elapsed:  1.315454  seconds.

[INFO]	 [req_10]	 2019-06-07 07:14:58.445591

[INFO]	 [c0]	 2019-06-07 07:15:06.605057
[INFO]	 [c0]	 2019-06-07 07:15:06.605071
[INFO]	 [c0]	Time elapsed:  1.4e-05  seconds.

[INFO]	 [pool]	 2019-06-07 07:15:06.605096

[INFO]	 [c2]	 2019-06-07 07:15:06.652540

[INFO]	 [c1]	 2019-06-07 07:15:06.656887
[INFO]	 [c2]	 2019-06-07 07:15:06.750839
[INFO]	 [c2]	Time elapsed:  0.098299  seconds.
[INFO]	 [c1]	 2019-06-07 07:15:07.508732
[INFO]	 [c1]	Time elapsed:  0.851845  seconds.
[INFO]	 [pool]	 2019-06-07 07:15:07.599171
[INFO]	 [pool]	Time elapsed:  0.994075  seconds.

[INFO]	 [c3]	 2019-06-07 07:15:07.599261
[INFO]	 [c3]	 2019-06-07 07:15:07.619855
[INFO]	 [c3]	 Time elapsed:  0.020594  seconds.

[INFO]	 [c4]	 2019-06-07 07:15:07.619916
[INFO]	 [c4]	 2019-06-07 07:15:07.619941
[INFO]	 [c4]	 Time elapsed:  2.5e-05  seconds.

[INFO]	 [req_10]	 2019-06-07 07:14:58.445591

[INFO]	 [req_10]	 Time elapsed:  1.015203  seconds.

[INFO]	 [req_11]	 2019-06-07 07:14:58.445591

[INFO]	 [c0]	 2019-06-07 07:15:07.620324
[INFO]	 [c0]	 2019-06-07 07:15:07.620342
[INFO]	 [c0]	Time elapsed:  1.8e-05  seconds.

[INFO]	 [pool]	 2019-06-07 07:15:07.620379

[INFO]	 [c2]	 2019-06-07 07:15:07.667510

[INFO]	 [c1]	 2019-06-07 07:15:07.672148
[INFO]	 [c2]	 2019-06-07 07:15:07.766118
[INFO]	 [c2]	Time elapsed:  0.098608  seconds.
[INFO]	 [c1]	 2019-06-07 07:15:08.209828
[INFO]	 [c1]	Time elapsed:  0.53768  seconds.
[INFO]	 [pool]	 2019-06-07 07:15:08.315339
[INFO]	 [pool]	Time elapsed:  0.69496  seconds.

[INFO]	 [c3]	 2019-06-07 07:15:08.315428
[INFO]	 [c3]	 2019-06-07 07:15:08.335274
[INFO]	 [c3]	 Time elapsed:  0.019846  seconds.

[INFO]	 [c4]	 2019-06-07 07:15:08.335337
[INFO]	 [c4]	 2019-06-07 07:15:08.335368
[INFO]	 [c4]	 Time elapsed:  3.1e-05  seconds.

[INFO]	 [req_11]	 2019-06-07 07:14:58.445591

[INFO]	 [req_11]	 Time elapsed:  0.715358  seconds.

[INFO]	 [req_12]	 2019-06-07 07:14:58.445591

[INFO]	 [c0]	 2019-06-07 07:15:08.335757
[INFO]	 [c0]	 2019-06-07 07:15:08.335775
[INFO]	 [c0]	Time elapsed:  1.8e-05  seconds.

[INFO]	 [pool]	 2019-06-07 07:15:08.335806

[INFO]	 [c2]	 2019-06-07 07:15:08.383881

[INFO]	 [c1]	 2019-06-07 07:15:08.388283
[INFO]	 [c2]	 2019-06-07 07:15:08.482167
[INFO]	 [c2]	Time elapsed:  0.098286  seconds.
[INFO]	 [c1]	 2019-06-07 07:15:08.926812
[INFO]	 [c1]	Time elapsed:  0.538529  seconds.
[INFO]	 [pool]	 2019-06-07 07:15:09.033243
[INFO]	 [pool]	Time elapsed:  0.697437  seconds.

[INFO]	 [c3]	 2019-06-07 07:15:09.033331
[INFO]	 [c3]	 2019-06-07 07:15:09.052917
[INFO]	 [c3]	 Time elapsed:  0.019586  seconds.

[INFO]	 [c4]	 2019-06-07 07:15:09.052980
[INFO]	 [c4]	 2019-06-07 07:15:09.053012
[INFO]	 [c4]	 Time elapsed:  3.2e-05  seconds.

[INFO]	 [req_12]	 2019-06-07 07:14:58.445591

[INFO]	 [req_12]	 Time elapsed:  0.717597  seconds.

[INFO]	 [req_13]	 2019-06-07 07:14:58.445591

[INFO]	 [c0]	 2019-06-07 07:15:09.053424
[INFO]	 [c0]	 2019-06-07 07:15:09.053442
[INFO]	 [c0]	Time elapsed:  1.8e-05  seconds.

[INFO]	 [pool]	 2019-06-07 07:15:09.053472

[INFO]	 [c2]	 2019-06-07 07:15:09.102876

[INFO]	 [c1]	 2019-06-07 07:15:09.107792
[INFO]	 [c2]	 2019-06-07 07:15:09.201268
[INFO]	 [c2]	Time elapsed:  0.098392  seconds.
[INFO]	 [c1]	 2019-06-07 07:15:09.889543
[INFO]	 [c1]	Time elapsed:  0.781751  seconds.
[INFO]	 [pool]	 2019-06-07 07:15:09.951975
[INFO]	 [pool]	Time elapsed:  0.898503  seconds.

[INFO]	 [c3]	 2019-06-07 07:15:09.952070
[INFO]	 [c3]	 2019-06-07 07:15:09.971904
[INFO]	 [c3]	 Time elapsed:  0.019834  seconds.

[INFO]	 [c4]	 2019-06-07 07:15:09.971974
[INFO]	 [c4]	 2019-06-07 07:15:09.972003
[INFO]	 [c4]	 Time elapsed:  2.9e-05  seconds.

[INFO]	 [req_13]	 2019-06-07 07:14:58.445591

[INFO]	 [req_13]	 Time elapsed:  0.918925  seconds.

[INFO]	 [req_14]	 2019-06-07 07:14:58.445591

[INFO]	 [c0]	 2019-06-07 07:15:09.972403
[INFO]	 [c0]	 2019-06-07 07:15:09.972415
[INFO]	 [c0]	Time elapsed:  1.2e-05  seconds.

[INFO]	 [pool]	 2019-06-07 07:15:09.972448

[INFO]	 [c2]	 2019-06-07 07:15:10.022759

[INFO]	 [c1]	 2019-06-07 07:15:10.027861
[INFO]	 [c2]	 2019-06-07 07:15:10.122292
[INFO]	 [c2]	Time elapsed:  0.099533  seconds.
[INFO]	 [c1]	 2019-06-07 07:15:10.537638
[INFO]	 [c1]	Time elapsed:  0.509777  seconds.
[INFO]	 [pool]	 2019-06-07 07:15:10.671786
[INFO]	 [pool]	Time elapsed:  0.699338  seconds.

[INFO]	 [c3]	 2019-06-07 07:15:10.671877
[INFO]	 [c3]	 2019-06-07 07:15:10.692417
[INFO]	 [c3]	 Time elapsed:  0.02054  seconds.

[INFO]	 [c4]	 2019-06-07 07:15:10.692478
[INFO]	 [c4]	 2019-06-07 07:15:10.692505
[INFO]	 [c4]	 Time elapsed:  2.7e-05  seconds.

[INFO]	 [req_14]	 2019-06-07 07:14:58.445591

[INFO]	 [req_14]	 Time elapsed:  0.720429  seconds.

[INFO]	 [req_15]	 2019-06-07 07:14:58.445591

[INFO]	 [c0]	 2019-06-07 07:15:10.692910
[INFO]	 [c0]	 2019-06-07 07:15:10.692936
[INFO]	 [c0]	Time elapsed:  2.6e-05  seconds.

[INFO]	 [pool]	 2019-06-07 07:15:10.692969

[INFO]	 [c2]	 2019-06-07 07:15:10.743774

[INFO]	 [c1]	 2019-06-07 07:15:10.748295
[INFO]	 [c2]	 2019-06-07 07:15:10.841879
[INFO]	 [c2]	Time elapsed:  0.098105  seconds.
[INFO]	 [c1]	 2019-06-07 07:15:11.363756
[INFO]	 [c1]	Time elapsed:  0.615461  seconds.
[INFO]	 [pool]	 2019-06-07 07:15:11.490039
[INFO]	 [pool]	Time elapsed:  0.79707  seconds.

[INFO]	 [c3]	 2019-06-07 07:15:11.490134
[INFO]	 [c3]	 2019-06-07 07:15:11.509589
[INFO]	 [c3]	 Time elapsed:  0.019455  seconds.

[INFO]	 [c4]	 2019-06-07 07:15:11.509647
[INFO]	 [c4]	 2019-06-07 07:15:11.509674
[INFO]	 [c4]	 Time elapsed:  2.7e-05  seconds.

[INFO]	 [req_15]	 2019-06-07 07:14:58.445591

[INFO]	 [req_15]	 Time elapsed:  0.817081  seconds.

[INFO]	 [req_16]	 2019-06-07 07:14:58.445591

[INFO]	 [c0]	 2019-06-07 07:15:11.510048
[INFO]	 [c0]	 2019-06-07 07:15:11.510067
[INFO]	 [c0]	Time elapsed:  1.9e-05  seconds.

[INFO]	 [pool]	 2019-06-07 07:15:11.510094

[INFO]	 [c2]	 2019-06-07 07:15:11.557329

[INFO]	 [c1]	 2019-06-07 07:15:11.561922
[INFO]	 [c2]	 2019-06-07 07:15:11.655679
[INFO]	 [c2]	Time elapsed:  0.09835  seconds.
[INFO]	 [c1]	 2019-06-07 07:15:12.250364
[INFO]	 [c1]	Time elapsed:  0.688442  seconds.
[INFO]	 [pool]	 2019-06-07 07:15:12.305113
[INFO]	 [pool]	Time elapsed:  0.795019  seconds.

[INFO]	 [c3]	 2019-06-07 07:15:12.305201
[INFO]	 [c3]	 2019-06-07 07:15:12.324617
[INFO]	 [c3]	 Time elapsed:  0.019416  seconds.

[INFO]	 [c4]	 2019-06-07 07:15:12.324682
[INFO]	 [c4]	 2019-06-07 07:15:12.324709
[INFO]	 [c4]	 Time elapsed:  2.7e-05  seconds.

[INFO]	 [req_16]	 2019-06-07 07:14:58.445591

[INFO]	 [req_16]	 Time elapsed:  0.815002  seconds.

[INFO]	 [req_17]	 2019-06-07 07:14:58.445591

[INFO]	 [c0]	 2019-06-07 07:15:12.325111
[INFO]	 [c0]	 2019-06-07 07:15:12.325124
[INFO]	 [c0]	Time elapsed:  1.3e-05  seconds.

[INFO]	 [pool]	 2019-06-07 07:15:12.325154

[INFO]	 [c2]	 2019-06-07 07:15:12.373598

[INFO]	 [c1]	 2019-06-07 07:15:12.378595
[INFO]	 [c2]	 2019-06-07 07:15:12.472225
[INFO]	 [c2]	Time elapsed:  0.098627  seconds.
[INFO]	 [c1]	 2019-06-07 07:15:12.940981
[INFO]	 [c1]	Time elapsed:  0.562386  seconds.
[INFO]	 [pool]	 2019-06-07 07:15:13.021373
[INFO]	 [pool]	Time elapsed:  0.696219  seconds.

[INFO]	 [c3]	 2019-06-07 07:15:13.021458
[INFO]	 [c3]	 2019-06-07 07:15:13.041742
[INFO]	 [c3]	 Time elapsed:  0.020284  seconds.

[INFO]	 [c4]	 2019-06-07 07:15:13.041804
[INFO]	 [c4]	 2019-06-07 07:15:13.041828
[INFO]	 [c4]	 Time elapsed:  2.4e-05  seconds.

[INFO]	 [req_17]	 2019-06-07 07:14:58.445591

[INFO]	 [req_17]	 Time elapsed:  0.717022  seconds.

[INFO]	 [req_18]	 2019-06-07 07:14:58.445591

[INFO]	 [c0]	 2019-06-07 07:15:13.042199
[INFO]	 [c0]	 2019-06-07 07:15:13.042217
[INFO]	 [c0]	Time elapsed:  1.8e-05  seconds.

[INFO]	 [pool]	 2019-06-07 07:15:13.042260

[INFO]	 [c2]	 2019-06-07 07:15:13.091326

[INFO]	 [c1]	 2019-06-07 07:15:13.095982
[INFO]	 [c2]	 2019-06-07 07:15:13.189169
[INFO]	 [c2]	Time elapsed:  0.097843  seconds.
[INFO]	 [c1]	 2019-06-07 07:15:13.729578
[INFO]	 [c1]	Time elapsed:  0.633596  seconds.
[INFO]	 [pool]	 2019-06-07 07:15:13.839605
[INFO]	 [pool]	Time elapsed:  0.797345  seconds.

[INFO]	 [c3]	 2019-06-07 07:15:13.839687
[INFO]	 [c3]	 2019-06-07 07:15:13.859981
[INFO]	 [c3]	 Time elapsed:  0.020294  seconds.

[INFO]	 [c4]	 2019-06-07 07:15:13.860045
[INFO]	 [c4]	 2019-06-07 07:15:13.860070
[INFO]	 [c4]	 Time elapsed:  2.5e-05  seconds.

[INFO]	 [req_18]	 2019-06-07 07:14:58.445591

[INFO]	 [req_18]	 Time elapsed:  0.8182  seconds.

[INFO]	 [req_19]	 2019-06-07 07:14:58.445591

[INFO]	 [c0]	 2019-06-07 07:15:13.860452
[INFO]	 [c0]	 2019-06-07 07:15:13.860470
[INFO]	 [c0]	Time elapsed:  1.8e-05  seconds.

[INFO]	 [pool]	 2019-06-07 07:15:13.860497

[INFO]	 [c2]	 2019-06-07 07:15:13.910070

[INFO]	 [c1]	 2019-06-07 07:15:13.915025
[INFO]	 [c2]	 2019-06-07 07:15:14.009033
[INFO]	 [c2]	Time elapsed:  0.098963  seconds.
[INFO]	 [c1]	 2019-06-07 07:15:14.540475
[INFO]	 [c1]	Time elapsed:  0.62545  seconds.
[INFO]	 [pool]	 2019-06-07 07:15:14.655560
[INFO]	 [pool]	Time elapsed:  0.795063  seconds.

[INFO]	 [c3]	 2019-06-07 07:15:14.655657
[INFO]	 [c3]	 2019-06-07 07:15:14.675081
[INFO]	 [c3]	 Time elapsed:  0.019424  seconds.

[INFO]	 [c4]	 2019-06-07 07:15:14.675143
[INFO]	 [c4]	 2019-06-07 07:15:14.675171
[INFO]	 [c4]	 Time elapsed:  2.8e-05  seconds.

[INFO]	 [req_19]	 2019-06-07 07:14:58.445591

[INFO]	 [req_19]	 Time elapsed:  0.815035  seconds.

[INFO]	 [req_20]	 2019-06-07 07:14:58.445591

[INFO]	 [c0]	 2019-06-07 07:15:14.675546
[INFO]	 [c0]	 2019-06-07 07:15:14.675565
[INFO]	 [c0]	Time elapsed:  1.9e-05  seconds.

[INFO]	 [pool]	 2019-06-07 07:15:14.675596

[INFO]	 [c2]	 2019-06-07 07:15:14.723239

[INFO]	 [c1]	 2019-06-07 07:15:14.728117
[INFO]	 [c2]	 2019-06-07 07:15:14.821085
[INFO]	 [c2]	Time elapsed:  0.097846  seconds.
[INFO]	 [c1]	 2019-06-07 07:15:15.387405
[INFO]	 [c1]	Time elapsed:  0.659288  seconds.
[INFO]	 [pool]	 2019-06-07 07:15:15.468739
[INFO]	 [pool]	Time elapsed:  0.793143  seconds.

[INFO]	 [c3]	 2019-06-07 07:15:15.468826
[INFO]	 [c3]	 2019-06-07 07:15:15.488639
[INFO]	 [c3]	 Time elapsed:  0.019813  seconds.

[INFO]	 [c4]	 2019-06-07 07:15:15.488703
[INFO]	 [c4]	 2019-06-07 07:15:15.488728
[INFO]	 [c4]	 Time elapsed:  2.5e-05  seconds.

[INFO]	 [req_20]	 2019-06-07 07:14:58.445591

[INFO]	 [req_20]	 Time elapsed:  0.813512  seconds.

[INFO]	 [req_21]	 2019-06-07 07:14:58.445591

[INFO]	 [c0]	 2019-06-07 07:15:15.489117
[INFO]	 [c0]	 2019-06-07 07:15:15.489138
[INFO]	 [c0]	Time elapsed:  2.1e-05  seconds.

[INFO]	 [pool]	 2019-06-07 07:15:15.489165

[INFO]	 [c2]	 2019-06-07 07:15:15.536757

[INFO]	 [c1]	 2019-06-07 07:15:15.541707
[INFO]	 [c2]	 2019-06-07 07:15:15.635420
[INFO]	 [c2]	Time elapsed:  0.098663  seconds.
[INFO]	 [c1]	 2019-06-07 07:15:16.316744
[INFO]	 [c1]	Time elapsed:  0.775037  seconds.
[INFO]	 [pool]	 2019-06-07 07:15:16.383230
[INFO]	 [pool]	Time elapsed:  0.894065  seconds.

[INFO]	 [c3]	 2019-06-07 07:15:16.383309
[INFO]	 [c3]	 2019-06-07 07:15:16.403023
[INFO]	 [c3]	 Time elapsed:  0.019714  seconds.

[INFO]	 [c4]	 2019-06-07 07:15:16.403087
[INFO]	 [c4]	 2019-06-07 07:15:16.403112
[INFO]	 [c4]	 Time elapsed:  2.5e-05  seconds.

[INFO]	 [req_21]	 2019-06-07 07:14:58.445591

[INFO]	 [req_21]	 Time elapsed:  0.914315  seconds.

[INFO]	 [req_22]	 2019-06-07 07:14:58.445591

[INFO]	 [c0]	 2019-06-07 07:15:16.403487
[INFO]	 [c0]	 2019-06-07 07:15:16.403506
[INFO]	 [c0]	Time elapsed:  1.9e-05  seconds.

[INFO]	 [pool]	 2019-06-07 07:15:16.403543

[INFO]	 [c2]	 2019-06-07 07:15:16.452080

[INFO]	 [c1]	 2019-06-07 07:15:16.457532
[INFO]	 [c2]	 2019-06-07 07:15:16.549604
[INFO]	 [c2]	Time elapsed:  0.097524  seconds.
[INFO]	 [c1]	 2019-06-07 07:15:17.054969
[INFO]	 [c1]	Time elapsed:  0.597437  seconds.
[INFO]	 [pool]	 2019-06-07 07:15:17.198280
[INFO]	 [pool]	Time elapsed:  0.794737  seconds.

[INFO]	 [c3]	 2019-06-07 07:15:17.198365
[INFO]	 [c3]	 2019-06-07 07:15:17.218855
[INFO]	 [c3]	 Time elapsed:  0.02049  seconds.

[INFO]	 [c4]	 2019-06-07 07:15:17.218918
[INFO]	 [c4]	 2019-06-07 07:15:17.218940
[INFO]	 [c4]	 Time elapsed:  2.2e-05  seconds.

[INFO]	 [req_22]	 2019-06-07 07:14:58.445591

[INFO]	 [req_22]	 Time elapsed:  0.815771  seconds.

[INFO]	 [req_23]	 2019-06-07 07:14:58.445591

[INFO]	 [c0]	 2019-06-07 07:15:17.219311
[INFO]	 [c0]	 2019-06-07 07:15:17.219329
[INFO]	 [c0]	Time elapsed:  1.8e-05  seconds.

[INFO]	 [pool]	 2019-06-07 07:15:17.219356

[INFO]	 [c2]	 2019-06-07 07:15:17.266885

[INFO]	 [c1]	 2019-06-07 07:15:17.271878
[INFO]	 [c2]	 2019-06-07 07:15:17.364140
[INFO]	 [c2]	Time elapsed:  0.097255  seconds.
[INFO]	 [c1]	 2019-06-07 07:15:17.896456
[INFO]	 [c1]	Time elapsed:  0.624578  seconds.
[INFO]	 [pool]	 2019-06-07 07:15:18.013182
[INFO]	 [pool]	Time elapsed:  0.793826  seconds.

[INFO]	 [c3]	 2019-06-07 07:15:18.013270
[INFO]	 [c3]	 2019-06-07 07:15:18.032865
[INFO]	 [c3]	 Time elapsed:  0.019595  seconds.

[INFO]	 [c4]	 2019-06-07 07:15:18.032928
[INFO]	 [c4]	 2019-06-07 07:15:18.032953
[INFO]	 [c4]	 Time elapsed:  2.5e-05  seconds.

[INFO]	 [req_23]	 2019-06-07 07:14:58.445591

[INFO]	 [req_23]	 Time elapsed:  0.813954  seconds.

[INFO]	 [req_24]	 2019-06-07 07:14:58.445591

[INFO]	 [c0]	 2019-06-07 07:15:18.033328
[INFO]	 [c0]	 2019-06-07 07:15:18.033346
[INFO]	 [c0]	Time elapsed:  1.8e-05  seconds.

[INFO]	 [pool]	 2019-06-07 07:15:18.033372

[INFO]	 [c2]	 2019-06-07 07:15:18.080684

[INFO]	 [c1]	 2019-06-07 07:15:18.085176
[INFO]	 [c2]	 2019-06-07 07:15:18.178691
[INFO]	 [c2]	Time elapsed:  0.098007  seconds.
[INFO]	 [c1]	 2019-06-07 07:15:18.578447
[INFO]	 [c1]	Time elapsed:  0.493271  seconds.
[INFO]	 [pool]	 2019-06-07 07:15:18.626185
[INFO]	 [pool]	Time elapsed:  0.592813  seconds.

[INFO]	 [c3]	 2019-06-07 07:15:18.626275
[INFO]	 [c3]	 2019-06-07 07:15:18.645642
[INFO]	 [c3]	 Time elapsed:  0.019367  seconds.

[INFO]	 [c4]	 2019-06-07 07:15:18.645707
[INFO]	 [c4]	 2019-06-07 07:15:18.645735
[INFO]	 [c4]	 Time elapsed:  2.8e-05  seconds.

[INFO]	 [req_24]	 2019-06-07 07:14:58.445591

[INFO]	 [req_24]	 Time elapsed:  0.612737  seconds.

[INFO]	 [req_25]	 2019-06-07 07:14:58.445591

[INFO]	 [c0]	 2019-06-07 07:15:18.646124
[INFO]	 [c0]	 2019-06-07 07:15:18.646144
[INFO]	 [c0]	Time elapsed:  2e-05  seconds.

[INFO]	 [pool]	 2019-06-07 07:15:18.646172

[INFO]	 [c2]	 2019-06-07 07:15:18.693495

[INFO]	 [c1]	 2019-06-07 07:15:18.697949
[INFO]	 [c2]	 2019-06-07 07:15:18.793120
[INFO]	 [c2]	Time elapsed:  0.099625  seconds.
[INFO]	 [c1]	 2019-06-07 07:15:19.436364
[INFO]	 [c1]	Time elapsed:  0.738415  seconds.
[INFO]	 [pool]	 2019-06-07 07:15:19.539950
[INFO]	 [pool]	Time elapsed:  0.893778  seconds.

[INFO]	 [c3]	 2019-06-07 07:15:19.540036
[INFO]	 [c3]	 2019-06-07 07:15:19.559749
[INFO]	 [c3]	 Time elapsed:  0.019713  seconds.

[INFO]	 [c4]	 2019-06-07 07:15:19.559812
[INFO]	 [c4]	 2019-06-07 07:15:19.559840
[INFO]	 [c4]	 Time elapsed:  2.8e-05  seconds.

[INFO]	 [req_25]	 2019-06-07 07:14:58.445591

[INFO]	 [req_25]	 Time elapsed:  0.914032  seconds.

[INFO]	 [req_26]	 2019-06-07 07:14:58.445591

[INFO]	 [c0]	 2019-06-07 07:15:19.560214
[INFO]	 [c0]	 2019-06-07 07:15:19.560233
[INFO]	 [c0]	Time elapsed:  1.9e-05  seconds.

[INFO]	 [pool]	 2019-06-07 07:15:19.560259

[INFO]	 [c2]	 2019-06-07 07:15:19.607748

[INFO]	 [c1]	 2019-06-07 07:15:19.612610
[INFO]	 [c2]	 2019-06-07 07:15:19.706287
[INFO]	 [c2]	Time elapsed:  0.098539  seconds.
[INFO]	 [c1]	 2019-06-07 07:15:20.184139
[INFO]	 [c1]	Time elapsed:  0.571529  seconds.
[INFO]	 [pool]	 2019-06-07 07:15:20.253374
[INFO]	 [pool]	Time elapsed:  0.693115  seconds.

[INFO]	 [c3]	 2019-06-07 07:15:20.253463
[INFO]	 [c3]	 2019-06-07 07:15:20.273031
[INFO]	 [c3]	 Time elapsed:  0.019568  seconds.

[INFO]	 [c4]	 2019-06-07 07:15:20.273099
[INFO]	 [c4]	 2019-06-07 07:15:20.273130
[INFO]	 [c4]	 Time elapsed:  3.1e-05  seconds.

[INFO]	 [req_26]	 2019-06-07 07:14:58.445591

[INFO]	 [req_26]	 Time elapsed:  0.71324  seconds.

[INFO]	 [req_27]	 2019-06-07 07:14:58.445591

[INFO]	 [c0]	 2019-06-07 07:15:20.273517
[INFO]	 [c0]	 2019-06-07 07:15:20.273535
[INFO]	 [c0]	Time elapsed:  1.8e-05  seconds.

[INFO]	 [pool]	 2019-06-07 07:15:20.273570

[INFO]	 [c2]	 2019-06-07 07:15:20.322572

[INFO]	 [c1]	 2019-06-07 07:15:20.327499
[INFO]	 [c2]	 2019-06-07 07:15:20.420885
[INFO]	 [c2]	Time elapsed:  0.098313  seconds.
[INFO]	 [c1]	 2019-06-07 07:15:20.908951
[INFO]	 [c1]	Time elapsed:  0.581452  seconds.
[INFO]	 [pool]	 2019-06-07 07:15:20.967897
[INFO]	 [pool]	Time elapsed:  0.694327  seconds.

[INFO]	 [c3]	 2019-06-07 07:15:20.967977
[INFO]	 [c3]	 2019-06-07 07:15:20.987259
[INFO]	 [c3]	 Time elapsed:  0.019282  seconds.

[INFO]	 [c4]	 2019-06-07 07:15:20.987323
[INFO]	 [c4]	 2019-06-07 07:15:20.987350
[INFO]	 [c4]	 Time elapsed:  2.7e-05  seconds.

[INFO]	 [req_27]	 2019-06-07 07:14:58.445591

[INFO]	 [req_27]	 Time elapsed:  0.714151  seconds.

[INFO]	 [req_28]	 2019-06-07 07:14:58.445591

[INFO]	 [c0]	 2019-06-07 07:15:20.987740
[INFO]	 [c0]	 2019-06-07 07:15:20.987767
[INFO]	 [c0]	Time elapsed:  2.7e-05  seconds.

[INFO]	 [pool]	 2019-06-07 07:15:20.987798

[INFO]	 [c2]	 2019-06-07 07:15:21.035250

[INFO]	 [c1]	 2019-06-07 07:15:21.040085
[INFO]	 [c2]	 2019-06-07 07:15:21.133821
[INFO]	 [c2]	Time elapsed:  0.098571  seconds.
[INFO]	 [c1]	 2019-06-07 07:15:21.542410
[INFO]	 [c1]	Time elapsed:  0.502325  seconds.
[INFO]	 [pool]	 2019-06-07 07:15:21.681665
[INFO]	 [pool]	Time elapsed:  0.693867  seconds.

[INFO]	 [c3]	 2019-06-07 07:15:21.681745
[INFO]	 [c3]	 2019-06-07 07:15:21.701166
[INFO]	 [c3]	 Time elapsed:  0.019421  seconds.

[INFO]	 [c4]	 2019-06-07 07:15:21.701224
[INFO]	 [c4]	 2019-06-07 07:15:21.701251
[INFO]	 [c4]	 Time elapsed:  2.7e-05  seconds.

[INFO]	 [req_28]	 2019-06-07 07:14:58.445591

[INFO]	 [req_28]	 Time elapsed:  0.713829  seconds.

[INFO]	 [req_29]	 2019-06-07 07:14:58.445591

[INFO]	 [c0]	 2019-06-07 07:15:21.701626
[INFO]	 [c0]	 2019-06-07 07:15:21.701639
[INFO]	 [c0]	Time elapsed:  1.3e-05  seconds.

[INFO]	 [pool]	 2019-06-07 07:15:21.701666

[INFO]	 [c2]	 2019-06-07 07:15:21.749113

[INFO]	 [c1]	 2019-06-07 07:15:21.753623
[INFO]	 [c2]	 2019-06-07 07:15:21.849089
[INFO]	 [c2]	Time elapsed:  0.099976  seconds.
[INFO]	 [c1]	 2019-06-07 07:15:22.603111
[INFO]	 [c1]	Time elapsed:  0.849488  seconds.
[INFO]	 [pool]	 2019-06-07 07:15:22.696415
[INFO]	 [pool]	Time elapsed:  0.994749  seconds.

[INFO]	 [c3]	 2019-06-07 07:15:22.696503
[INFO]	 [c3]	 2019-06-07 07:15:22.715902
[INFO]	 [c3]	 Time elapsed:  0.019399  seconds.

[INFO]	 [c4]	 2019-06-07 07:15:22.715960
[INFO]	 [c4]	 2019-06-07 07:15:22.715984
[INFO]	 [c4]	 Time elapsed:  2.4e-05  seconds.

[INFO]	 [req_29]	 2019-06-07 07:14:58.445591

[INFO]	 [req_29]	 Time elapsed:  1.014661  seconds.

[INFO]	 [req_30]	 2019-06-07 07:14:58.445591

[INFO]	 [c0]	 2019-06-07 07:15:22.716348
[INFO]	 [c0]	 2019-06-07 07:15:22.716366
[INFO]	 [c0]	Time elapsed:  1.8e-05  seconds.

[INFO]	 [pool]	 2019-06-07 07:15:22.716393

[INFO]	 [c2]	 2019-06-07 07:15:22.763515

[INFO]	 [c1]	 2019-06-07 07:15:22.768326
[INFO]	 [c2]	 2019-06-07 07:15:22.862416
[INFO]	 [c2]	Time elapsed:  0.098901  seconds.
[INFO]	 [c1]	 2019-06-07 07:15:23.680589
[INFO]	 [c1]	Time elapsed:  0.912263  seconds.
[INFO]	 [pool]	 2019-06-07 07:15:23.811856
[INFO]	 [pool]	Time elapsed:  1.095463  seconds.

[INFO]	 [c3]	 2019-06-07 07:15:23.811938
[INFO]	 [c3]	 2019-06-07 07:15:23.831738
[INFO]	 [c3]	 Time elapsed:  0.0198  seconds.

[INFO]	 [c4]	 2019-06-07 07:15:23.831803
[INFO]	 [c4]	 2019-06-07 07:15:23.831828
[INFO]	 [c4]	 Time elapsed:  2.5e-05  seconds.

[INFO]	 [req_30]	 2019-06-07 07:14:58.445591

[INFO]	 [req_30]	 Time elapsed:  1.115801  seconds.

[INFO]	 [req_31]	 2019-06-07 07:14:58.445591

[INFO]	 [c0]	 2019-06-07 07:15:23.832207
[INFO]	 [c0]	 2019-06-07 07:15:23.832225
[INFO]	 [c0]	Time elapsed:  1.8e-05  seconds.

[INFO]	 [pool]	 2019-06-07 07:15:23.832259

[INFO]	 [c2]	 2019-06-07 07:15:23.879766

[INFO]	 [c1]	 2019-06-07 07:15:23.884201
[INFO]	 [c2]	 2019-06-07 07:15:23.979046
[INFO]	 [c2]	Time elapsed:  0.09928  seconds.
[INFO]	 [c1]	 2019-06-07 07:15:24.569708
[INFO]	 [c1]	Time elapsed:  0.685507  seconds.
[INFO]	 [pool]	 2019-06-07 07:15:24.625956
[INFO]	 [pool]	Time elapsed:  0.793697  seconds.

[INFO]	 [c3]	 2019-06-07 07:15:24.626048
[INFO]	 [c3]	 2019-06-07 07:15:24.645509
[INFO]	 [c3]	 Time elapsed:  0.019461  seconds.

[INFO]	 [c4]	 2019-06-07 07:15:24.645575
[INFO]	 [c4]	 2019-06-07 07:15:24.645605
[INFO]	 [c4]	 Time elapsed:  3e-05  seconds.

[INFO]	 [req_31]	 2019-06-07 07:14:58.445591

[INFO]	 [req_31]	 Time elapsed:  0.81373  seconds.

[INFO]	 [req_32]	 2019-06-07 07:14:58.445591

[INFO]	 [c0]	 2019-06-07 07:15:24.645995
[INFO]	 [c0]	 2019-06-07 07:15:24.646014
[INFO]	 [c0]	Time elapsed:  1.9e-05  seconds.

[INFO]	 [pool]	 2019-06-07 07:15:24.646049

[INFO]	 [c2]	 2019-06-07 07:15:24.693442

[INFO]	 [c1]	 2019-06-07 07:15:24.697860
[INFO]	 [c2]	 2019-06-07 07:15:24.791864
[INFO]	 [c2]	Time elapsed:  0.098422  seconds.
[INFO]	 [c1]	 2019-06-07 07:15:25.708752
[INFO]	 [c1]	Time elapsed:  1.010892  seconds.
[INFO]	 [pool]	 2019-06-07 07:15:25.841274
[INFO]	 [pool]	Time elapsed:  1.195225  seconds.

[INFO]	 [c3]	 2019-06-07 07:15:25.841364
[INFO]	 [c3]	 2019-06-07 07:15:25.861005
[INFO]	 [c3]	 Time elapsed:  0.019641  seconds.

[INFO]	 [c4]	 2019-06-07 07:15:25.861074
[INFO]	 [c4]	 2019-06-07 07:15:25.861102
[INFO]	 [c4]	 Time elapsed:  2.8e-05  seconds.

[INFO]	 [req_32]	 2019-06-07 07:14:58.445591

[INFO]	 [req_32]	 Time elapsed:  1.215423  seconds.

[INFO]	 [req_33]	 2019-06-07 07:14:58.445591

[INFO]	 [c0]	 2019-06-07 07:15:25.861492
[INFO]	 [c0]	 2019-06-07 07:15:25.861511
[INFO]	 [c0]	Time elapsed:  1.9e-05  seconds.

[INFO]	 [pool]	 2019-06-07 07:15:25.861545

[INFO]	 [c2]	 2019-06-07 07:15:25.908733

[INFO]	 [c1]	 2019-06-07 07:15:25.913523
[INFO]	 [c2]	 2019-06-07 07:15:26.006744
[INFO]	 [c2]	Time elapsed:  0.098011  seconds.
[INFO]	 [c1]	 2019-06-07 07:15:26.442398
[INFO]	 [c1]	Time elapsed:  0.528875  seconds.
[INFO]	 [pool]	 2019-06-07 07:15:26.555611
[INFO]	 [pool]	Time elapsed:  0.694066  seconds.

[INFO]	 [c3]	 2019-06-07 07:15:26.555699
[INFO]	 [c3]	 2019-06-07 07:15:26.576616
[INFO]	 [c3]	 Time elapsed:  0.020917  seconds.

[INFO]	 [c4]	 2019-06-07 07:15:26.576679
[INFO]	 [c4]	 2019-06-07 07:15:26.576712
[INFO]	 [c4]	 Time elapsed:  3.3e-05  seconds.

[INFO]	 [req_33]	 2019-06-07 07:14:58.445591

[INFO]	 [req_33]	 Time elapsed:  0.715535  seconds.

[INFO]	 [req_34]	 2019-06-07 07:14:58.445591

[INFO]	 [c0]	 2019-06-07 07:15:26.577070
[INFO]	 [c0]	 2019-06-07 07:15:26.577089
[INFO]	 [c0]	Time elapsed:  1.9e-05  seconds.

[INFO]	 [pool]	 2019-06-07 07:15:26.577120

[INFO]	 [c2]	 2019-06-07 07:15:26.624554

[INFO]	 [c1]	 2019-06-07 07:15:26.629109
[INFO]	 [c2]	 2019-06-07 07:15:26.723976
[INFO]	 [c2]	Time elapsed:  0.099422  seconds.
[INFO]	 [c1]	 2019-06-07 07:15:27.400983
[INFO]	 [c1]	Time elapsed:  0.771874  seconds.
[INFO]	 [pool]	 2019-06-07 07:15:27.472300
[INFO]	 [pool]	Time elapsed:  0.89518  seconds.

[INFO]	 [c3]	 2019-06-07 07:15:27.472393
[INFO]	 [c3]	 2019-06-07 07:15:27.492035
[INFO]	 [c3]	 Time elapsed:  0.019642  seconds.

[INFO]	 [c4]	 2019-06-07 07:15:27.492101
[INFO]	 [c4]	 2019-06-07 07:15:27.492128
[INFO]	 [c4]	 Time elapsed:  2.7e-05  seconds.

[INFO]	 [req_34]	 2019-06-07 07:14:58.445591

[INFO]	 [req_34]	 Time elapsed:  0.915398  seconds.

[INFO]	 [req_35]	 2019-06-07 07:14:58.445591

[INFO]	 [c0]	 2019-06-07 07:15:27.492541
[INFO]	 [c0]	 2019-06-07 07:15:27.492560
[INFO]	 [c0]	Time elapsed:  1.9e-05  seconds.

[INFO]	 [pool]	 2019-06-07 07:15:27.492593

[INFO]	 [c2]	 2019-06-07 07:15:27.541013

[INFO]	 [c1]	 2019-06-07 07:15:27.545113
[INFO]	 [c2]	 2019-06-07 07:15:27.641264
[INFO]	 [c2]	Time elapsed:  0.100251  seconds.
[INFO]	 [c1]	 2019-06-07 07:15:27.946144
[INFO]	 [c1]	Time elapsed:  0.401031  seconds.
[INFO]	 [pool]	 2019-06-07 07:15:28.086003
[INFO]	 [pool]	Time elapsed:  0.59341  seconds.

[INFO]	 [c3]	 2019-06-07 07:15:28.086092
[INFO]	 [c3]	 2019-06-07 07:15:28.105593
[INFO]	 [c3]	 Time elapsed:  0.019501  seconds.

[INFO]	 [c4]	 2019-06-07 07:15:28.105654
[INFO]	 [c4]	 2019-06-07 07:15:28.105680
[INFO]	 [c4]	 Time elapsed:  2.6e-05  seconds.

[INFO]	 [req_35]	 2019-06-07 07:14:58.445591

[INFO]	 [req_35]	 Time elapsed:  0.613456  seconds.

[INFO]	 [req_36]	 2019-06-07 07:14:58.445591

[INFO]	 [c0]	 2019-06-07 07:15:28.106057
[INFO]	 [c0]	 2019-06-07 07:15:28.106076
[INFO]	 [c0]	Time elapsed:  1.9e-05  seconds.

[INFO]	 [pool]	 2019-06-07 07:15:28.106104

[INFO]	 [c2]	 2019-06-07 07:15:28.153694

[INFO]	 [c1]	 2019-06-07 07:15:28.158615
[INFO]	 [c2]	 2019-06-07 07:15:28.252629
[INFO]	 [c2]	Time elapsed:  0.098935  seconds.
[INFO]	 [c1]	 2019-06-07 07:15:28.716180
[INFO]	 [c1]	Time elapsed:  0.557565  seconds.
[INFO]	 [pool]	 2019-06-07 07:15:28.799743
[INFO]	 [pool]	Time elapsed:  0.693639  seconds.

[INFO]	 [c3]	 2019-06-07 07:15:28.799848
[INFO]	 [c3]	 2019-06-07 07:15:28.819500
[INFO]	 [c3]	 Time elapsed:  0.019652  seconds.

[INFO]	 [c4]	 2019-06-07 07:15:28.819578
[INFO]	 [c4]	 2019-06-07 07:15:28.819611
[INFO]	 [c4]	 Time elapsed:  3.3e-05  seconds.

[INFO]	 [req_36]	 2019-06-07 07:14:58.445591

[INFO]	 [req_36]	 Time elapsed:  0.713888  seconds.

[INFO]	 [req_37]	 2019-06-07 07:14:58.445591

[INFO]	 [c0]	 2019-06-07 07:15:28.819998
[INFO]	 [c0]	 2019-06-07 07:15:28.820016
[INFO]	 [c0]	Time elapsed:  1.8e-05  seconds.

[INFO]	 [pool]	 2019-06-07 07:15:28.820049

[INFO]	 [c2]	 2019-06-07 07:15:28.868247

[INFO]	 [c1]	 2019-06-07 07:15:28.875386
[INFO]	 [c2]	 2019-06-07 07:15:28.966920
[INFO]	 [c2]	Time elapsed:  0.098673  seconds.
[INFO]	 [c1]	 2019-06-07 07:15:29.715513
[INFO]	 [c1]	Time elapsed:  0.840127  seconds.
[INFO]	 [pool]	 2019-06-07 07:15:29.815140
[INFO]	 [pool]	Time elapsed:  0.995091  seconds.

[INFO]	 [c3]	 2019-06-07 07:15:29.815231
[INFO]	 [c3]	 2019-06-07 07:15:29.835128
[INFO]	 [c3]	 Time elapsed:  0.019897  seconds.

[INFO]	 [c4]	 2019-06-07 07:15:29.835192
[INFO]	 [c4]	 2019-06-07 07:15:29.835218
[INFO]	 [c4]	 Time elapsed:  2.6e-05  seconds.

[INFO]	 [req_37]	 2019-06-07 07:14:58.445591

[INFO]	 [req_37]	 Time elapsed:  1.015568  seconds.

[INFO]	 [req_38]	 2019-06-07 07:14:58.445591

[INFO]	 [c0]	 2019-06-07 07:15:29.835629
[INFO]	 [c0]	 2019-06-07 07:15:29.835648
[INFO]	 [c0]	Time elapsed:  1.9e-05  seconds.

[INFO]	 [pool]	 2019-06-07 07:15:29.835683

[INFO]	 [c2]	 2019-06-07 07:15:29.883856

[INFO]	 [c1]	 2019-06-07 07:15:29.888789
[INFO]	 [c2]	 2019-06-07 07:15:29.983777
[INFO]	 [c2]	Time elapsed:  0.099921  seconds.
[INFO]	 [c1]	 2019-06-07 07:15:30.644128
[INFO]	 [c1]	Time elapsed:  0.755339  seconds.
[INFO]	 [pool]	 2019-06-07 07:15:30.732335
[INFO]	 [pool]	Time elapsed:  0.896652  seconds.

[INFO]	 [c3]	 2019-06-07 07:15:30.732420
[INFO]	 [c3]	 2019-06-07 07:15:30.753390
[INFO]	 [c3]	 Time elapsed:  0.02097  seconds.

[INFO]	 [c4]	 2019-06-07 07:15:30.753456
[INFO]	 [c4]	 2019-06-07 07:15:30.753496
[INFO]	 [c4]	 Time elapsed:  4e-05  seconds.

[INFO]	 [req_38]	 2019-06-07 07:14:58.445591

[INFO]	 [req_38]	 Time elapsed:  0.918192  seconds.

[INFO]	 [req_39]	 2019-06-07 07:14:58.445591

[INFO]	 [c0]	 2019-06-07 07:15:30.753873
[INFO]	 [c0]	 2019-06-07 07:15:30.753887
[INFO]	 [c0]	Time elapsed:  1.4e-05  seconds.

[INFO]	 [pool]	 2019-06-07 07:15:30.753922

[INFO]	 [c2]	 2019-06-07 07:15:30.804075

[INFO]	 [c1]	 2019-06-07 07:15:30.808411
[INFO]	 [c2]	 2019-06-07 07:15:30.903457
[INFO]	 [c2]	Time elapsed:  0.099382  seconds.
[INFO]	 [c1]	 2019-06-07 07:15:31.292451
[INFO]	 [c1]	Time elapsed:  0.48404  seconds.
[INFO]	 [pool]	 2019-06-07 07:15:31.349564
[INFO]	 [pool]	Time elapsed:  0.595642  seconds.

[INFO]	 [c3]	 2019-06-07 07:15:31.349649
[INFO]	 [c3]	 2019-06-07 07:15:31.370885
[INFO]	 [c3]	 Time elapsed:  0.021236  seconds.

[INFO]	 [c4]	 2019-06-07 07:15:31.370952
[INFO]	 [c4]	 2019-06-07 07:15:31.370978
[INFO]	 [c4]	 Time elapsed:  2.6e-05  seconds.

[INFO]	 [req_39]	 2019-06-07 07:14:58.445591

[INFO]	 [req_39]	 Time elapsed:  0.617428  seconds.

[INFO]	 [req_40]	 2019-06-07 07:14:58.445591

[INFO]	 [c0]	 2019-06-07 07:15:31.371376
[INFO]	 [c0]	 2019-06-07 07:15:31.371390
[INFO]	 [c0]	Time elapsed:  1.4e-05  seconds.

[INFO]	 [pool]	 2019-06-07 07:15:31.371428

[INFO]	 [c2]	 2019-06-07 07:15:31.419494

[INFO]	 [c1]	 2019-06-07 07:15:31.424175
[INFO]	 [c2]	 2019-06-07 07:15:31.519279
[INFO]	 [c2]	Time elapsed:  0.099785  seconds.
[INFO]	 [c1]	 2019-06-07 07:15:31.961282
[INFO]	 [c1]	Time elapsed:  0.537107  seconds.
[INFO]	 [pool]	 2019-06-07 07:15:32.066385
[INFO]	 [pool]	Time elapsed:  0.694957  seconds.

[INFO]	 [c3]	 2019-06-07 07:15:32.066470
[INFO]	 [c3]	 2019-06-07 07:15:32.087685
[INFO]	 [c3]	 Time elapsed:  0.021215  seconds.

[INFO]	 [c4]	 2019-06-07 07:15:32.087752
[INFO]	 [c4]	 2019-06-07 07:15:32.087777
[INFO]	 [c4]	 Time elapsed:  2.5e-05  seconds.

[INFO]	 [req_40]	 2019-06-07 07:14:58.445591

[INFO]	 [req_40]	 Time elapsed:  0.716715  seconds.

[INFO]	 [req_41]	 2019-06-07 07:14:58.445591

[INFO]	 [c0]	 2019-06-07 07:15:32.088155
[INFO]	 [c0]	 2019-06-07 07:15:32.088173
[INFO]	 [c0]	Time elapsed:  1.8e-05  seconds.

[INFO]	 [pool]	 2019-06-07 07:15:32.088201

[INFO]	 [c2]	 2019-06-07 07:15:32.136558

[INFO]	 [c1]	 2019-06-07 07:15:32.140966
[INFO]	 [c2]	 2019-06-07 07:15:32.235793
[INFO]	 [c2]	Time elapsed:  0.099235  seconds.
[INFO]	 [c1]	 2019-06-07 07:15:32.550910
[INFO]	 [c1]	Time elapsed:  0.409944  seconds.
[INFO]	 [pool]	 2019-06-07 07:15:32.683588
[INFO]	 [pool]	Time elapsed:  0.595387  seconds.

[INFO]	 [c3]	 2019-06-07 07:15:32.683670
[INFO]	 [c3]	 2019-06-07 07:15:32.704007
[INFO]	 [c3]	 Time elapsed:  0.020337  seconds.

[INFO]	 [c4]	 2019-06-07 07:15:32.704075
[INFO]	 [c4]	 2019-06-07 07:15:32.704100
[INFO]	 [c4]	 Time elapsed:  2.5e-05  seconds.

[INFO]	 [req_41]	 2019-06-07 07:14:58.445591

[INFO]	 [req_41]	 Time elapsed:  0.616274  seconds.

[INFO]	 [req_42]	 2019-06-07 07:14:58.445591

[INFO]	 [c0]	 2019-06-07 07:15:32.704492
[INFO]	 [c0]	 2019-06-07 07:15:32.704510
[INFO]	 [c0]	Time elapsed:  1.8e-05  seconds.

[INFO]	 [pool]	 2019-06-07 07:15:32.704540

[INFO]	 [c2]	 2019-06-07 07:15:32.753163

[INFO]	 [c1]	 2019-06-07 07:15:32.757569
[INFO]	 [c2]	 2019-06-07 07:15:32.851767
[INFO]	 [c2]	Time elapsed:  0.098604  seconds.
[INFO]	 [c1]	 2019-06-07 07:15:33.915698
[INFO]	 [c1]	Time elapsed:  1.158129  seconds.
[INFO]	 [pool]	 2019-06-07 07:15:34.000033
[INFO]	 [pool]	Time elapsed:  1.295493  seconds.

[INFO]	 [c3]	 2019-06-07 07:15:34.000118
[INFO]	 [c3]	 2019-06-07 07:15:34.019889
[INFO]	 [c3]	 Time elapsed:  0.019771  seconds.

[INFO]	 [c4]	 2019-06-07 07:15:34.019952
[INFO]	 [c4]	 2019-06-07 07:15:34.019981
[INFO]	 [c4]	 Time elapsed:  2.9e-05  seconds.

[INFO]	 [req_42]	 2019-06-07 07:14:58.445591

[INFO]	 [req_42]	 Time elapsed:  1.315834  seconds.

[INFO]	 [req_43]	 2019-06-07 07:14:58.445591

[INFO]	 [c0]	 2019-06-07 07:15:34.020380
[INFO]	 [c0]	 2019-06-07 07:15:34.020400
[INFO]	 [c0]	Time elapsed:  2e-05  seconds.

[INFO]	 [pool]	 2019-06-07 07:15:34.020438

[INFO]	 [c2]	 2019-06-07 07:15:34.068804

[INFO]	 [c1]	 2019-06-07 07:15:34.073192
[INFO]	 [c2]	 2019-06-07 07:15:34.167618
[INFO]	 [c2]	Time elapsed:  0.098814  seconds.
[INFO]	 [c1]	 2019-06-07 07:15:34.635705
[INFO]	 [c1]	Time elapsed:  0.562513  seconds.
[INFO]	 [pool]	 2019-06-07 07:15:34.714292
[INFO]	 [pool]	Time elapsed:  0.693854  seconds.

[INFO]	 [c3]	 2019-06-07 07:15:34.714385
[INFO]	 [c3]	 2019-06-07 07:15:34.734208
[INFO]	 [c3]	 Time elapsed:  0.019823  seconds.

[INFO]	 [c4]	 2019-06-07 07:15:34.734291
[INFO]	 [c4]	 2019-06-07 07:15:34.734321
[INFO]	 [c4]	 Time elapsed:  3e-05  seconds.

[INFO]	 [req_43]	 2019-06-07 07:14:58.445591

[INFO]	 [req_43]	 Time elapsed:  0.714278  seconds.

[INFO]	 [req_44]	 2019-06-07 07:14:58.445591

[INFO]	 [c0]	 2019-06-07 07:15:34.734722
[INFO]	 [c0]	 2019-06-07 07:15:34.734742
[INFO]	 [c0]	Time elapsed:  2e-05  seconds.

[INFO]	 [pool]	 2019-06-07 07:15:34.734770

[INFO]	 [c2]	 2019-06-07 07:15:34.783129

[INFO]	 [c1]	 2019-06-07 07:15:34.787509
[INFO]	 [c2]	 2019-06-07 07:15:34.881449
[INFO]	 [c2]	Time elapsed:  0.09832  seconds.
[INFO]	 [c1]	 2019-06-07 07:15:35.198964
[INFO]	 [c1]	Time elapsed:  0.411455  seconds.
[INFO]	 [pool]	 2019-06-07 07:15:35.331156
[INFO]	 [pool]	Time elapsed:  0.596386  seconds.

[INFO]	 [c3]	 2019-06-07 07:15:35.331239
[INFO]	 [c3]	 2019-06-07 07:15:35.350514
[INFO]	 [c3]	 Time elapsed:  0.019275  seconds.

[INFO]	 [c4]	 2019-06-07 07:15:35.350578
[INFO]	 [c4]	 2019-06-07 07:15:35.350605
[INFO]	 [c4]	 Time elapsed:  2.7e-05  seconds.

[INFO]	 [req_44]	 2019-06-07 07:14:58.445591

[INFO]	 [req_44]	 Time elapsed:  0.616205  seconds.

[INFO]	 [req_45]	 2019-06-07 07:14:58.445591

[INFO]	 [c0]	 2019-06-07 07:15:35.350990
[INFO]	 [c0]	 2019-06-07 07:15:35.351010
[INFO]	 [c0]	Time elapsed:  2e-05  seconds.

[INFO]	 [pool]	 2019-06-07 07:15:35.351040

[INFO]	 [c2]	 2019-06-07 07:15:35.398907

[INFO]	 [c1]	 2019-06-07 07:15:35.403240
[INFO]	 [c2]	 2019-06-07 07:15:35.496999
[INFO]	 [c2]	Time elapsed:  0.098092  seconds.
[INFO]	 [c1]	 2019-06-07 07:15:36.037546
[INFO]	 [c1]	Time elapsed:  0.634306  seconds.
[INFO]	 [pool]	 2019-06-07 07:15:36.145986
[INFO]	 [pool]	Time elapsed:  0.794946  seconds.

[INFO]	 [c3]	 2019-06-07 07:15:36.146078
[INFO]	 [c3]	 2019-06-07 07:15:36.165392
[INFO]	 [c3]	 Time elapsed:  0.019314  seconds.

[INFO]	 [c4]	 2019-06-07 07:15:36.165455
[INFO]	 [c4]	 2019-06-07 07:15:36.165480
[INFO]	 [c4]	 Time elapsed:  2.5e-05  seconds.

[INFO]	 [req_45]	 2019-06-07 07:14:58.445591

[INFO]	 [req_45]	 Time elapsed:  0.814825  seconds.

[INFO]	 [req_46]	 2019-06-07 07:14:58.445591

[INFO]	 [c0]	 2019-06-07 07:15:36.165873
[INFO]	 [c0]	 2019-06-07 07:15:36.165893
[INFO]	 [c0]	Time elapsed:  2e-05  seconds.

[INFO]	 [pool]	 2019-06-07 07:15:36.165921

[INFO]	 [c2]	 2019-06-07 07:15:36.213269

[INFO]	 [c1]	 2019-06-07 07:15:36.217768
[INFO]	 [c2]	 2019-06-07 07:15:36.312629
[INFO]	 [c2]	Time elapsed:  0.09936  seconds.
[INFO]	 [c1]	 2019-06-07 07:15:36.630026
[INFO]	 [c1]	Time elapsed:  0.412258  seconds.
[INFO]	 [pool]	 2019-06-07 07:15:36.758774
[INFO]	 [pool]	Time elapsed:  0.592853  seconds.

[INFO]	 [c3]	 2019-06-07 07:15:36.758856
[INFO]	 [c3]	 2019-06-07 07:15:36.777656
[INFO]	 [c3]	 Time elapsed:  0.0188  seconds.

[INFO]	 [c4]	 2019-06-07 07:15:36.777719
[INFO]	 [c4]	 2019-06-07 07:15:36.777743
[INFO]	 [c4]	 Time elapsed:  2.4e-05  seconds.

[INFO]	 [req_46]	 2019-06-07 07:14:58.445591

[INFO]	 [req_46]	 Time elapsed:  0.612208  seconds.

[INFO]	 [req_47]	 2019-06-07 07:14:58.445591

[INFO]	 [c0]	 2019-06-07 07:15:36.778141
[INFO]	 [c0]	 2019-06-07 07:15:36.778160
[INFO]	 [c0]	Time elapsed:  1.9e-05  seconds.

[INFO]	 [pool]	 2019-06-07 07:15:36.778193

[INFO]	 [c2]	 2019-06-07 07:15:36.825985

[INFO]	 [c1]	 2019-06-07 07:15:36.830796
[INFO]	 [c2]	 2019-06-07 07:15:36.923742
[INFO]	 [c2]	Time elapsed:  0.097757  seconds.
[INFO]	 [c1]	 2019-06-07 07:15:37.897550
[INFO]	 [c1]	Time elapsed:  1.066754  seconds.
[INFO]	 [pool]	 2019-06-07 07:15:37.973357
[INFO]	 [pool]	Time elapsed:  1.195164  seconds.

[INFO]	 [c3]	 2019-06-07 07:15:37.973443
[INFO]	 [c3]	 2019-06-07 07:15:37.993235
[INFO]	 [c3]	 Time elapsed:  0.019792  seconds.

[INFO]	 [c4]	 2019-06-07 07:15:37.993298
[INFO]	 [c4]	 2019-06-07 07:15:37.993325
[INFO]	 [c4]	 Time elapsed:  2.7e-05  seconds.

[INFO]	 [req_47]	 2019-06-07 07:14:58.445591

[INFO]	 [req_47]	 Time elapsed:  1.215499  seconds.

[INFO]	 [req_48]	 2019-06-07 07:14:58.445591

[INFO]	 [c0]	 2019-06-07 07:15:37.993707
[INFO]	 [c0]	 2019-06-07 07:15:37.993727
[INFO]	 [c0]	Time elapsed:  2e-05  seconds.

[INFO]	 [pool]	 2019-06-07 07:15:37.993761

[INFO]	 [c2]	 2019-06-07 07:15:38.041005

[INFO]	 [c1]	 2019-06-07 07:15:38.045429
[INFO]	 [c2]	 2019-06-07 07:15:38.138835
[INFO]	 [c2]	Time elapsed:  0.09783  seconds.
[INFO]	 [c1]	 2019-06-07 07:15:38.609974
[INFO]	 [c1]	Time elapsed:  0.564545  seconds.
[INFO]	 [pool]	 2019-06-07 07:15:38.686275
[INFO]	 [pool]	Time elapsed:  0.692514  seconds.

[INFO]	 [c3]	 2019-06-07 07:15:38.686366
[INFO]	 [c3]	 2019-06-07 07:15:38.705225
[INFO]	 [c3]	 Time elapsed:  0.018859  seconds.

[INFO]	 [c4]	 2019-06-07 07:15:38.705290
[INFO]	 [c4]	 2019-06-07 07:15:38.705319
[INFO]	 [c4]	 Time elapsed:  2.9e-05  seconds.

[INFO]	 [req_48]	 2019-06-07 07:14:58.445591

[INFO]	 [req_48]	 Time elapsed:  0.71195  seconds.

[INFO]	 [req_49]	 2019-06-07 07:14:58.445591

[INFO]	 [c0]	 2019-06-07 07:15:38.705709
[INFO]	 [c0]	 2019-06-07 07:15:38.705728
[INFO]	 [c0]	Time elapsed:  1.9e-05  seconds.

[INFO]	 [pool]	 2019-06-07 07:15:38.705755

[INFO]	 [c2]	 2019-06-07 07:15:38.753171

[INFO]	 [c1]	 2019-06-07 07:15:38.757775
[INFO]	 [c2]	 2019-06-07 07:15:38.851542
[INFO]	 [c2]	Time elapsed:  0.098371  seconds.
[INFO]	 [c1]	 2019-06-07 07:15:39.406110
[INFO]	 [c1]	Time elapsed:  0.648335  seconds.
[INFO]	 [pool]	 2019-06-07 07:15:39.500252
[INFO]	 [pool]	Time elapsed:  0.794497  seconds.

[INFO]	 [c3]	 2019-06-07 07:15:39.500334
[INFO]	 [c3]	 2019-06-07 07:15:39.519549
[INFO]	 [c3]	 Time elapsed:  0.019215  seconds.

[INFO]	 [c4]	 2019-06-07 07:15:39.519613
[INFO]	 [c4]	 2019-06-07 07:15:39.519639
[INFO]	 [c4]	 Time elapsed:  2.6e-05  seconds.

[INFO]	 [req_49]	 2019-06-07 07:14:58.445591

[INFO]	 [req_49]	 Time elapsed:  0.814247  seconds.

[INFO]	 [req_50]	 2019-06-07 07:14:58.445591

[INFO]	 [c0]	 2019-06-07 07:15:39.520016
[INFO]	 [c0]	 2019-06-07 07:15:39.520033
[INFO]	 [c0]	Time elapsed:  1.7e-05  seconds.

[INFO]	 [pool]	 2019-06-07 07:15:39.520059

[INFO]	 [c2]	 2019-06-07 07:15:39.568002

[INFO]	 [c1]	 2019-06-07 07:15:39.574620
[INFO]	 [c2]	 2019-06-07 07:15:39.666643
[INFO]	 [c2]	Time elapsed:  0.098641  seconds.
[INFO]	 [c1]	 2019-06-07 07:15:40.074838
[INFO]	 [c1]	Time elapsed:  0.500218  seconds.
[INFO]	 [pool]	 2019-06-07 07:15:40.214845
[INFO]	 [pool]	Time elapsed:  0.694786  seconds.

[INFO]	 [c3]	 2019-06-07 07:15:40.214932
[INFO]	 [c3]	 2019-06-07 07:15:40.234487
[INFO]	 [c3]	 Time elapsed:  0.019555  seconds.

[INFO]	 [c4]	 2019-06-07 07:15:40.234556
[INFO]	 [c4]	 2019-06-07 07:15:40.234584
[INFO]	 [c4]	 Time elapsed:  2.8e-05  seconds.

[INFO]	 [req_50]	 2019-06-07 07:14:58.445591

[INFO]	 [req_50]	 Time elapsed:  0.714915  seconds.

[INFO]	 [req_51]	 2019-06-07 07:14:58.445591

[INFO]	 [c0]	 2019-06-07 07:15:40.235002
[INFO]	 [c0]	 2019-06-07 07:15:40.235016
[INFO]	 [c0]	Time elapsed:  1.4e-05  seconds.

[INFO]	 [pool]	 2019-06-07 07:15:40.235044

[INFO]	 [c2]	 2019-06-07 07:15:40.284171

[INFO]	 [c1]	 2019-06-07 07:15:40.289030
[INFO]	 [c2]	 2019-06-07 07:15:40.383496
[INFO]	 [c2]	Time elapsed:  0.099325  seconds.
[INFO]	 [c1]	 2019-06-07 07:15:41.103452
[INFO]	 [c1]	Time elapsed:  0.814422  seconds.
[INFO]	 [pool]	 2019-06-07 07:15:41.233176
[INFO]	 [pool]	Time elapsed:  0.998132  seconds.

[INFO]	 [c3]	 2019-06-07 07:15:41.233260
[INFO]	 [c3]	 2019-06-07 07:15:41.252564
[INFO]	 [c3]	 Time elapsed:  0.019304  seconds.

[INFO]	 [c4]	 2019-06-07 07:15:41.252627
[INFO]	 [c4]	 2019-06-07 07:15:41.252655
[INFO]	 [c4]	 Time elapsed:  2.8e-05  seconds.

[INFO]	 [req_51]	 2019-06-07 07:14:58.445591

[INFO]	 [req_51]	 Time elapsed:  1.017971  seconds.

[INFO]	 [req_52]	 2019-06-07 07:14:58.445591

[INFO]	 [c0]	 2019-06-07 07:15:41.253030
[INFO]	 [c0]	 2019-06-07 07:15:41.253048
[INFO]	 [c0]	Time elapsed:  1.8e-05  seconds.

[INFO]	 [pool]	 2019-06-07 07:15:41.253075

[INFO]	 [c2]	 2019-06-07 07:15:41.300520

[INFO]	 [c1]	 2019-06-07 07:15:41.305772
[INFO]	 [c2]	 2019-06-07 07:15:41.398783
[INFO]	 [c2]	Time elapsed:  0.098263  seconds.
[INFO]	 [c1]	 2019-06-07 07:15:41.836120
[INFO]	 [c1]	Time elapsed:  0.530348  seconds.
[INFO]	 [pool]	 2019-06-07 07:15:41.947234
[INFO]	 [pool]	Time elapsed:  0.694159  seconds.

[INFO]	 [c3]	 2019-06-07 07:15:41.947322
[INFO]	 [c3]	 2019-06-07 07:15:41.966171
[INFO]	 [c3]	 Time elapsed:  0.018849  seconds.

[INFO]	 [c4]	 2019-06-07 07:15:41.966253
[INFO]	 [c4]	 2019-06-07 07:15:41.966280
[INFO]	 [c4]	 Time elapsed:  2.7e-05  seconds.

[INFO]	 [req_52]	 2019-06-07 07:14:58.445591

[INFO]	 [req_52]	 Time elapsed:  0.713572  seconds.

[INFO]	 [req_53]	 2019-06-07 07:14:58.445591

[INFO]	 [c0]	 2019-06-07 07:15:41.966660
[INFO]	 [c0]	 2019-06-07 07:15:41.966679
[INFO]	 [c0]	Time elapsed:  1.9e-05  seconds.

[INFO]	 [pool]	 2019-06-07 07:15:41.966707

[INFO]	 [c2]	 2019-06-07 07:15:42.014175

[INFO]	 [c1]	 2019-06-07 07:15:42.018923
[INFO]	 [c2]	 2019-06-07 07:15:42.112234
[INFO]	 [c2]	Time elapsed:  0.098059  seconds.
[INFO]	 [c1]	 2019-06-07 07:15:42.634879
[INFO]	 [c1]	Time elapsed:  0.615956  seconds.
[INFO]	 [pool]	 2019-06-07 07:15:42.764087
[INFO]	 [pool]	Time elapsed:  0.79738  seconds.

[INFO]	 [c3]	 2019-06-07 07:15:42.764179
[INFO]	 [c3]	 2019-06-07 07:15:42.784314
[INFO]	 [c3]	 Time elapsed:  0.020135  seconds.

[INFO]	 [c4]	 2019-06-07 07:15:42.784382
[INFO]	 [c4]	 2019-06-07 07:15:42.784405
[INFO]	 [c4]	 Time elapsed:  2.3e-05  seconds.

[INFO]	 [req_53]	 2019-06-07 07:14:58.445591

[INFO]	 [req_53]	 Time elapsed:  0.818074  seconds.

[INFO]	 [req_54]	 2019-06-07 07:14:58.445591

[INFO]	 [c0]	 2019-06-07 07:15:42.784802
[INFO]	 [c0]	 2019-06-07 07:15:42.784820
[INFO]	 [c0]	Time elapsed:  1.8e-05  seconds.

[INFO]	 [pool]	 2019-06-07 07:15:42.784850

[INFO]	 [c2]	 2019-06-07 07:15:42.832197

[INFO]	 [c1]	 2019-06-07 07:15:42.837040
[INFO]	 [c2]	 2019-06-07 07:15:42.931708
[INFO]	 [c2]	Time elapsed:  0.099511  seconds.
[INFO]	 [c1]	 2019-06-07 07:15:43.692306
[INFO]	 [c1]	Time elapsed:  0.855266  seconds.
[INFO]	 [pool]	 2019-06-07 07:15:43.778775
[INFO]	 [pool]	Time elapsed:  0.993925  seconds.

[INFO]	 [c3]	 2019-06-07 07:15:43.778857
[INFO]	 [c3]	 2019-06-07 07:15:43.798567
[INFO]	 [c3]	 Time elapsed:  0.01971  seconds.

[INFO]	 [c4]	 2019-06-07 07:15:43.798631
[INFO]	 [c4]	 2019-06-07 07:15:43.798658
[INFO]	 [c4]	 Time elapsed:  2.7e-05  seconds.

[INFO]	 [req_54]	 2019-06-07 07:14:58.445591

[INFO]	 [req_54]	 Time elapsed:  1.014176  seconds.

[INFO]	 [req_55]	 2019-06-07 07:14:58.445591

[INFO]	 [c0]	 2019-06-07 07:15:43.799032
[INFO]	 [c0]	 2019-06-07 07:15:43.799049
[INFO]	 [c0]	Time elapsed:  1.7e-05  seconds.

[INFO]	 [pool]	 2019-06-07 07:15:43.799076

[INFO]	 [c2]	 2019-06-07 07:15:43.846540

[INFO]	 [c1]	 2019-06-07 07:15:43.851177
[INFO]	 [c2]	 2019-06-07 07:15:43.943406
[INFO]	 [c2]	Time elapsed:  0.096866  seconds.
[INFO]	 [c1]	 2019-06-07 07:15:44.482651
[INFO]	 [c1]	Time elapsed:  0.631474  seconds.
[INFO]	 [pool]	 2019-06-07 07:15:44.593948
[INFO]	 [pool]	Time elapsed:  0.794872  seconds.

[INFO]	 [c3]	 2019-06-07 07:15:44.594035
[INFO]	 [c3]	 2019-06-07 07:15:44.614027
[INFO]	 [c3]	 Time elapsed:  0.019992  seconds.

[INFO]	 [c4]	 2019-06-07 07:15:44.614091
[INFO]	 [c4]	 2019-06-07 07:15:44.614115
[INFO]	 [c4]	 Time elapsed:  2.4e-05  seconds.

[INFO]	 [req_55]	 2019-06-07 07:14:58.445591

[INFO]	 [req_55]	 Time elapsed:  0.815415  seconds.

[INFO]	 [req_56]	 2019-06-07 07:14:58.445591

[INFO]	 [c0]	 2019-06-07 07:15:44.614512
[INFO]	 [c0]	 2019-06-07 07:15:44.614525
[INFO]	 [c0]	Time elapsed:  1.3e-05  seconds.

[INFO]	 [pool]	 2019-06-07 07:15:44.614545

[INFO]	 [c2]	 2019-06-07 07:15:44.662221

[INFO]	 [c1]	 2019-06-07 07:15:44.667127
[INFO]	 [c2]	 2019-06-07 07:15:44.760846
[INFO]	 [c2]	Time elapsed:  0.098625  seconds.
[INFO]	 [c1]	 2019-06-07 07:15:45.343541
[INFO]	 [c1]	Time elapsed:  0.676414  seconds.
[INFO]	 [pool]	 2019-06-07 07:15:45.409927
[INFO]	 [pool]	Time elapsed:  0.795382  seconds.

[INFO]	 [c3]	 2019-06-07 07:15:45.410018
[INFO]	 [c3]	 2019-06-07 07:15:45.429821
[INFO]	 [c3]	 Time elapsed:  0.019803  seconds.

[INFO]	 [c4]	 2019-06-07 07:15:45.429888
[INFO]	 [c4]	 2019-06-07 07:15:45.429915
[INFO]	 [c4]	 Time elapsed:  2.7e-05  seconds.

[INFO]	 [req_56]	 2019-06-07 07:14:58.445591

[INFO]	 [req_56]	 Time elapsed:  0.81571  seconds.

[INFO]	 [req_57]	 2019-06-07 07:14:58.445591

[INFO]	 [c0]	 2019-06-07 07:15:45.430312
[INFO]	 [c0]	 2019-06-07 07:15:45.430331
[INFO]	 [c0]	Time elapsed:  1.9e-05  seconds.

[INFO]	 [pool]	 2019-06-07 07:15:45.430358

[INFO]	 [c2]	 2019-06-07 07:15:45.479237

[INFO]	 [c1]	 2019-06-07 07:15:45.483657
[INFO]	 [c2]	 2019-06-07 07:15:45.576935
[INFO]	 [c2]	Time elapsed:  0.097698  seconds.
[INFO]	 [c1]	 2019-06-07 07:15:46.119441
[INFO]	 [c1]	Time elapsed:  0.635784  seconds.
[INFO]	 [pool]	 2019-06-07 07:15:46.225624
[INFO]	 [pool]	Time elapsed:  0.795266  seconds.

[INFO]	 [c3]	 2019-06-07 07:15:46.225717
[INFO]	 [c3]	 2019-06-07 07:15:46.246255
[INFO]	 [c3]	 Time elapsed:  0.020538  seconds.

[INFO]	 [c4]	 2019-06-07 07:15:46.246320
[INFO]	 [c4]	 2019-06-07 07:15:46.246349
[INFO]	 [c4]	 Time elapsed:  2.9e-05  seconds.

[INFO]	 [req_57]	 2019-06-07 07:14:58.445591

[INFO]	 [req_57]	 Time elapsed:  0.816379  seconds.

[INFO]	 [req_58]	 2019-06-07 07:14:58.445591

[INFO]	 [c0]	 2019-06-07 07:15:46.246752
[INFO]	 [c0]	 2019-06-07 07:15:46.246771
[INFO]	 [c0]	Time elapsed:  1.9e-05  seconds.

[INFO]	 [pool]	 2019-06-07 07:15:46.246807

[INFO]	 [c2]	 2019-06-07 07:15:46.295609

[INFO]	 [c1]	 2019-06-07 07:15:46.299946
[INFO]	 [c2]	 2019-06-07 07:15:46.394165
[INFO]	 [c2]	Time elapsed:  0.098556  seconds.
[INFO]	 [c1]	 2019-06-07 07:15:47.134222
[INFO]	 [c1]	Time elapsed:  0.834276  seconds.
[INFO]	 [pool]	 2019-06-07 07:15:47.241669
[INFO]	 [pool]	Time elapsed:  0.994862  seconds.

[INFO]	 [c3]	 2019-06-07 07:15:47.241762
[INFO]	 [c3]	 2019-06-07 07:15:47.261412
[INFO]	 [c3]	 Time elapsed:  0.01965  seconds.

[INFO]	 [c4]	 2019-06-07 07:15:47.261477
[INFO]	 [c4]	 2019-06-07 07:15:47.261502
[INFO]	 [c4]	 Time elapsed:  2.5e-05  seconds.

[INFO]	 [req_58]	 2019-06-07 07:14:58.445591

[INFO]	 [req_58]	 Time elapsed:  1.015055  seconds.

[INFO]	 [req_59]	 2019-06-07 07:14:58.445591

[INFO]	 [c0]	 2019-06-07 07:15:47.261870
[INFO]	 [c0]	 2019-06-07 07:15:47.261883
[INFO]	 [c0]	Time elapsed:  1.3e-05  seconds.

[INFO]	 [pool]	 2019-06-07 07:15:47.261909

[INFO]	 [c2]	 2019-06-07 07:15:47.310177

[INFO]	 [c1]	 2019-06-07 07:15:47.314829
[INFO]	 [c2]	 2019-06-07 07:15:47.408423
[INFO]	 [c2]	Time elapsed:  0.098246  seconds.
[INFO]	 [c1]	 2019-06-07 07:15:47.876601
[INFO]	 [c1]	Time elapsed:  0.561772  seconds.
[INFO]	 [pool]	 2019-06-07 07:15:47.956705
[INFO]	 [pool]	Time elapsed:  0.694796  seconds.

[INFO]	 [c3]	 2019-06-07 07:15:47.956794
[INFO]	 [c3]	 2019-06-07 07:15:47.976629
[INFO]	 [c3]	 Time elapsed:  0.019835  seconds.

[INFO]	 [c4]	 2019-06-07 07:15:47.976688
[INFO]	 [c4]	 2019-06-07 07:15:47.976714
[INFO]	 [c4]	 Time elapsed:  2.6e-05  seconds.

[INFO]	 [req_59]	 2019-06-07 07:14:58.445591

[INFO]	 [req_59]	 Time elapsed:  0.715143  seconds.

[INFO]	 [req_60]	 2019-06-07 07:14:58.445591

[INFO]	 [c0]	 2019-06-07 07:15:47.977085
[INFO]	 [c0]	 2019-06-07 07:15:47.977103
[INFO]	 [c0]	Time elapsed:  1.8e-05  seconds.

[INFO]	 [pool]	 2019-06-07 07:15:47.977134

[INFO]	 [c2]	 2019-06-07 07:15:48.025451

[INFO]	 [c1]	 2019-06-07 07:15:48.031362
[INFO]	 [c2]	 2019-06-07 07:15:48.124619
[INFO]	 [c2]	Time elapsed:  0.099168  seconds.
[INFO]	 [c1]	 2019-06-07 07:15:48.593836
[INFO]	 [c1]	Time elapsed:  0.562474  seconds.
[INFO]	 [pool]	 2019-06-07 07:15:48.671788
[INFO]	 [pool]	Time elapsed:  0.694654  seconds.

[INFO]	 [c3]	 2019-06-07 07:15:48.671886
[INFO]	 [c3]	 2019-06-07 07:15:48.691984
[INFO]	 [c3]	 Time elapsed:  0.020098  seconds.

[INFO]	 [c4]	 2019-06-07 07:15:48.692052
[INFO]	 [c4]	 2019-06-07 07:15:48.692103
[INFO]	 [c4]	 Time elapsed:  5.1e-05  seconds.

[INFO]	 [req_60]	 2019-06-07 07:14:58.445591

[INFO]	 [req_60]	 Time elapsed:  0.715392  seconds.

[INFO]	 [req_61]	 2019-06-07 07:14:58.445591

[INFO]	 [c0]	 2019-06-07 07:15:48.692582
[INFO]	 [c0]	 2019-06-07 07:15:48.692615
[INFO]	 [c0]	Time elapsed:  3.3e-05  seconds.

[INFO]	 [pool]	 2019-06-07 07:15:48.692649

[INFO]	 [c2]	 2019-06-07 07:15:48.741728

[INFO]	 [c1]	 2019-06-07 07:15:48.745761
[INFO]	 [c2]	 2019-06-07 07:15:48.841005
[INFO]	 [c2]	Time elapsed:  0.099277  seconds.
[INFO]	 [c1]	 2019-06-07 07:15:49.289251
[INFO]	 [c1]	Time elapsed:  0.54349  seconds.
[INFO]	 [pool]	 2019-06-07 07:15:49.387226
[INFO]	 [pool]	Time elapsed:  0.694577  seconds.

[INFO]	 [c3]	 2019-06-07 07:15:49.387313
[INFO]	 [c3]	 2019-06-07 07:15:49.407615
[INFO]	 [c3]	 Time elapsed:  0.020302  seconds.

[INFO]	 [c4]	 2019-06-07 07:15:49.407688
[INFO]	 [c4]	 2019-06-07 07:15:49.407714
[INFO]	 [c4]	 Time elapsed:  2.6e-05  seconds.

[INFO]	 [req_61]	 2019-06-07 07:14:58.445591

[INFO]	 [req_61]	 Time elapsed:  0.715476  seconds.

[INFO]	 [req_62]	 2019-06-07 07:14:58.445591

[INFO]	 [c0]	 2019-06-07 07:15:49.408112
[INFO]	 [c0]	 2019-06-07 07:15:49.408131
[INFO]	 [c0]	Time elapsed:  1.9e-05  seconds.

[INFO]	 [pool]	 2019-06-07 07:15:49.408151

[INFO]	 [c2]	 2019-06-07 07:15:49.457509

[INFO]	 [c1]	 2019-06-07 07:15:49.461152
[INFO]	 [c2]	 2019-06-07 07:15:49.557391
[INFO]	 [c2]	Time elapsed:  0.099882  seconds.
[INFO]	 [c1]	 2019-06-07 07:15:50.330308
[INFO]	 [c1]	Time elapsed:  0.869156  seconds.
[INFO]	 [pool]	 2019-06-07 07:15:50.404617
[INFO]	 [pool]	Time elapsed:  0.996466  seconds.

[INFO]	 [c3]	 2019-06-07 07:15:50.404713
[INFO]	 [c3]	 2019-06-07 07:15:50.423727
[INFO]	 [c3]	 Time elapsed:  0.019014  seconds.

[INFO]	 [c4]	 2019-06-07 07:15:50.423799
[INFO]	 [c4]	 2019-06-07 07:15:50.423827
[INFO]	 [c4]	 Time elapsed:  2.8e-05  seconds.

[INFO]	 [req_62]	 2019-06-07 07:14:58.445591

[INFO]	 [req_62]	 Time elapsed:  1.016062  seconds.

[INFO]	 [req_63]	 2019-06-07 07:14:58.445591

[INFO]	 [c0]	 2019-06-07 07:15:50.424238
[INFO]	 [c0]	 2019-06-07 07:15:50.424257
[INFO]	 [c0]	Time elapsed:  1.9e-05  seconds.

[INFO]	 [pool]	 2019-06-07 07:15:50.424299

[INFO]	 [c2]	 2019-06-07 07:15:50.473837

[INFO]	 [c1]	 2019-06-07 07:15:50.477880
[INFO]	 [c2]	 2019-06-07 07:15:50.573278
[INFO]	 [c2]	Time elapsed:  0.099441  seconds.
[INFO]	 [c1]	 2019-06-07 07:15:51.067994
[INFO]	 [c1]	Time elapsed:  0.590114  seconds.
[INFO]	 [pool]	 2019-06-07 07:15:51.119667
[INFO]	 [pool]	Time elapsed:  0.695368  seconds.

[INFO]	 [c3]	 2019-06-07 07:15:51.119753
[INFO]	 [c3]	 2019-06-07 07:15:51.138958
[INFO]	 [c3]	 Time elapsed:  0.019205  seconds.

[INFO]	 [c4]	 2019-06-07 07:15:51.139025
[INFO]	 [c4]	 2019-06-07 07:15:51.139052
[INFO]	 [c4]	 Time elapsed:  2.7e-05  seconds.

[INFO]	 [req_63]	 2019-06-07 07:14:58.445591

[INFO]	 [req_63]	 Time elapsed:  0.715123  seconds.

[INFO]	 [req_64]	 2019-06-07 07:14:58.445591

[INFO]	 [c0]	 2019-06-07 07:15:51.139424
[INFO]	 [c0]	 2019-06-07 07:15:51.139442
[INFO]	 [c0]	Time elapsed:  1.8e-05  seconds.

[INFO]	 [pool]	 2019-06-07 07:15:51.139469

[INFO]	 [c2]	 2019-06-07 07:15:51.187663

[INFO]	 [c1]	 2019-06-07 07:15:51.191369
[INFO]	 [c2]	 2019-06-07 07:15:51.286098
[INFO]	 [c2]	Time elapsed:  0.098435  seconds.
[INFO]	 [c1]	 2019-06-07 07:15:51.813364
[INFO]	 [c1]	Time elapsed:  0.621995  seconds.
[INFO]	 [pool]	 2019-06-07 07:15:51.932691
[INFO]	 [pool]	Time elapsed:  0.793222  seconds.

[INFO]	 [c3]	 2019-06-07 07:15:51.932768
[INFO]	 [c3]	 2019-06-07 07:15:51.952533
[INFO]	 [c3]	 Time elapsed:  0.019765  seconds.

[INFO]	 [c4]	 2019-06-07 07:15:51.952600
[INFO]	 [c4]	 2019-06-07 07:15:51.952625
[INFO]	 [c4]	 Time elapsed:  2.5e-05  seconds.

[INFO]	 [req_64]	 2019-06-07 07:14:58.445591

[INFO]	 [req_64]	 Time elapsed:  0.813527  seconds.

[INFO]	 [req_65]	 2019-06-07 07:14:58.445591

[INFO]	 [c0]	 2019-06-07 07:15:51.953005
[INFO]	 [c0]	 2019-06-07 07:15:51.953024
[INFO]	 [c0]	Time elapsed:  1.9e-05  seconds.

[INFO]	 [pool]	 2019-06-07 07:15:51.953057

[INFO]	 [c2]	 2019-06-07 07:15:52.001412

[INFO]	 [c1]	 2019-06-07 07:15:52.005589
[INFO]	 [c2]	 2019-06-07 07:15:52.100008
[INFO]	 [c2]	Time elapsed:  0.098596  seconds.
[INFO]	 [c1]	 2019-06-07 07:15:52.654397
[INFO]	 [c1]	Time elapsed:  0.648808  seconds.
[INFO]	 [pool]	 2019-06-07 07:15:52.747099
[INFO]	 [pool]	Time elapsed:  0.794042  seconds.

[INFO]	 [c3]	 2019-06-07 07:15:52.747184
[INFO]	 [c3]	 2019-06-07 07:15:52.766445
[INFO]	 [c3]	 Time elapsed:  0.019261  seconds.

[INFO]	 [c4]	 2019-06-07 07:15:52.766503
[INFO]	 [c4]	 2019-06-07 07:15:52.766529
[INFO]	 [c4]	 Time elapsed:  2.6e-05  seconds.

[INFO]	 [req_65]	 2019-06-07 07:14:58.445591

[INFO]	 [req_65]	 Time elapsed:  0.813844  seconds.

[INFO]	 [req_66]	 2019-06-07 07:14:58.445591

[INFO]	 [c0]	 2019-06-07 07:15:52.766907
[INFO]	 [c0]	 2019-06-07 07:15:52.766925
[INFO]	 [c0]	Time elapsed:  1.8e-05  seconds.

[INFO]	 [pool]	 2019-06-07 07:15:52.766953

[INFO]	 [c2]	 2019-06-07 07:15:52.814949

[INFO]	 [c1]	 2019-06-07 07:15:52.818671
[INFO]	 [c2]	 2019-06-07 07:15:52.912859
[INFO]	 [c2]	Time elapsed:  0.09791  seconds.
[INFO]	 [c1]	 2019-06-07 07:15:53.606545
[INFO]	 [c1]	Time elapsed:  0.787874  seconds.
[INFO]	 [pool]	 2019-06-07 07:15:53.661148
[INFO]	 [pool]	Time elapsed:  0.894195  seconds.

[INFO]	 [c3]	 2019-06-07 07:15:53.661234
[INFO]	 [c3]	 2019-06-07 07:15:53.680675
[INFO]	 [c3]	 Time elapsed:  0.019441  seconds.

[INFO]	 [c4]	 2019-06-07 07:15:53.680743
[INFO]	 [c4]	 2019-06-07 07:15:53.680768
[INFO]	 [c4]	 Time elapsed:  2.5e-05  seconds.

[INFO]	 [req_66]	 2019-06-07 07:14:58.445591

[INFO]	 [req_66]	 Time elapsed:  0.914177  seconds.

[INFO]	 [req_67]	 2019-06-07 07:14:58.445591

[INFO]	 [c0]	 2019-06-07 07:15:53.681143
[INFO]	 [c0]	 2019-06-07 07:15:53.681161
[INFO]	 [c0]	Time elapsed:  1.8e-05  seconds.

[INFO]	 [pool]	 2019-06-07 07:15:53.681192

[INFO]	 [c2]	 2019-06-07 07:15:53.730462

[INFO]	 [c1]	 2019-06-07 07:15:53.734120
[INFO]	 [c2]	 2019-06-07 07:15:53.828310
[INFO]	 [c2]	Time elapsed:  0.097848  seconds.
[INFO]	 [c1]	 2019-06-07 07:15:54.587285
[INFO]	 [c1]	Time elapsed:  0.853165  seconds.
[INFO]	 [pool]	 2019-06-07 07:15:54.676553
[INFO]	 [pool]	Time elapsed:  0.995361  seconds.

[INFO]	 [c3]	 2019-06-07 07:15:54.676634
[INFO]	 [c3]	 2019-06-07 07:15:54.695823
[INFO]	 [c3]	 Time elapsed:  0.019189  seconds.

[INFO]	 [c4]	 2019-06-07 07:15:54.695885
[INFO]	 [c4]	 2019-06-07 07:15:54.695912
[INFO]	 [c4]	 Time elapsed:  2.7e-05  seconds.

[INFO]	 [req_67]	 2019-06-07 07:14:58.445591

[INFO]	 [req_67]	 Time elapsed:  1.015099  seconds.

[INFO]	 [req_68]	 2019-06-07 07:14:58.445591

[INFO]	 [c0]	 2019-06-07 07:15:54.696296
[INFO]	 [c0]	 2019-06-07 07:15:54.696314
[INFO]	 [c0]	Time elapsed:  1.8e-05  seconds.

[INFO]	 [pool]	 2019-06-07 07:15:54.696342

[INFO]	 [c2]	 2019-06-07 07:15:54.744489

[INFO]	 [c1]	 2019-06-07 07:15:54.748210
[INFO]	 [c2]	 2019-06-07 07:15:54.842644
[INFO]	 [c2]	Time elapsed:  0.098155  seconds.
[INFO]	 [c1]	 2019-06-07 07:15:55.386569
[INFO]	 [c1]	Time elapsed:  0.638359  seconds.
[INFO]	 [pool]	 2019-06-07 07:15:55.489978
[INFO]	 [pool]	Time elapsed:  0.793636  seconds.

[INFO]	 [c3]	 2019-06-07 07:15:55.490058
[INFO]	 [c3]	 2019-06-07 07:15:55.508955
[INFO]	 [c3]	 Time elapsed:  0.018897  seconds.

[INFO]	 [c4]	 2019-06-07 07:15:55.509015
[INFO]	 [c4]	 2019-06-07 07:15:55.509043
[INFO]	 [c4]	 Time elapsed:  2.8e-05  seconds.

[INFO]	 [req_68]	 2019-06-07 07:14:58.445591

[INFO]	 [req_68]	 Time elapsed:  0.813089  seconds.

[INFO]	 [req_69]	 2019-06-07 07:14:58.445591

[INFO]	 [c0]	 2019-06-07 07:15:55.509450
[INFO]	 [c0]	 2019-06-07 07:15:55.509468
[INFO]	 [c0]	Time elapsed:  1.8e-05  seconds.

[INFO]	 [pool]	 2019-06-07 07:15:55.509492

[INFO]	 [c2]	 2019-06-07 07:15:55.557926

[INFO]	 [c1]	 2019-06-07 07:15:55.561819
[INFO]	 [c2]	 2019-06-07 07:15:55.656201
[INFO]	 [c2]	Time elapsed:  0.098275  seconds.
[INFO]	 [c1]	 2019-06-07 07:15:56.386977
[INFO]	 [c1]	Time elapsed:  0.825158  seconds.
[INFO]	 [pool]	 2019-06-07 07:15:56.504022
[INFO]	 [pool]	Time elapsed:  0.99453  seconds.

[INFO]	 [c3]	 2019-06-07 07:15:56.504117
[INFO]	 [c3]	 2019-06-07 07:15:56.523062
[INFO]	 [c3]	 Time elapsed:  0.018945  seconds.

[INFO]	 [c4]	 2019-06-07 07:15:56.523125
[INFO]	 [c4]	 2019-06-07 07:15:56.523153
[INFO]	 [c4]	 Time elapsed:  2.8e-05  seconds.

[INFO]	 [req_69]	 2019-06-07 07:14:58.445591

[INFO]	 [req_69]	 Time elapsed:  1.014047  seconds.

[INFO]	 [req_70]	 2019-06-07 07:14:58.445591

[INFO]	 [c0]	 2019-06-07 07:15:56.523565
[INFO]	 [c0]	 2019-06-07 07:15:56.523578
[INFO]	 [c0]	Time elapsed:  1.3e-05  seconds.

[INFO]	 [pool]	 2019-06-07 07:15:56.523613

[INFO]	 [c2]	 2019-06-07 07:15:56.571928

[INFO]	 [c1]	 2019-06-07 07:15:56.575580
[INFO]	 [c2]	 2019-06-07 07:15:56.669198
[INFO]	 [c2]	Time elapsed:  0.09727  seconds.
[INFO]	 [c1]	 2019-06-07 07:15:57.477464
[INFO]	 [c1]	Time elapsed:  0.901884  seconds.
[INFO]	 [pool]	 2019-06-07 07:15:57.618704
[INFO]	 [pool]	Time elapsed:  1.095091  seconds.

[INFO]	 [c3]	 2019-06-07 07:15:57.618796
[INFO]	 [c3]	 2019-06-07 07:15:57.638068
[INFO]	 [c3]	 Time elapsed:  0.019272  seconds.

[INFO]	 [c4]	 2019-06-07 07:15:57.638131
[INFO]	 [c4]	 2019-06-07 07:15:57.638156
[INFO]	 [c4]	 Time elapsed:  2.5e-05  seconds.

[INFO]	 [req_70]	 2019-06-07 07:14:58.445591

[INFO]	 [req_70]	 Time elapsed:  1.11495  seconds.

[INFO]	 [req_71]	 2019-06-07 07:14:58.445591

[INFO]	 [c0]	 2019-06-07 07:15:57.638573
[INFO]	 [c0]	 2019-06-07 07:15:57.638592
[INFO]	 [c0]	Time elapsed:  1.9e-05  seconds.

[INFO]	 [pool]	 2019-06-07 07:15:57.638623

[INFO]	 [c2]	 2019-06-07 07:15:57.687379

[INFO]	 [c1]	 2019-06-07 07:15:57.691085
[INFO]	 [c2]	 2019-06-07 07:15:57.785638
[INFO]	 [c2]	Time elapsed:  0.098259  seconds.
[INFO]	 [c1]	 2019-06-07 07:15:58.281689
[INFO]	 [c1]	Time elapsed:  0.590604  seconds.
[INFO]	 [pool]	 2019-06-07 07:15:58.332523
[INFO]	 [pool]	Time elapsed:  0.6939  seconds.

[INFO]	 [c3]	 2019-06-07 07:15:58.332607
[INFO]	 [c3]	 2019-06-07 07:15:58.351494
[INFO]	 [c3]	 Time elapsed:  0.018887  seconds.

[INFO]	 [c4]	 2019-06-07 07:15:58.351553
[INFO]	 [c4]	 2019-06-07 07:15:58.351598
[INFO]	 [c4]	 Time elapsed:  4.5e-05  seconds.

[INFO]	 [req_71]	 2019-06-07 07:14:58.445591

[INFO]	 [req_71]	 Time elapsed:  0.713403  seconds.

[INFO]	 [req_72]	 2019-06-07 07:14:58.445591

[INFO]	 [c0]	 2019-06-07 07:15:58.352064
[INFO]	 [c0]	 2019-06-07 07:15:58.352095
[INFO]	 [c0]	Time elapsed:  3.1e-05  seconds.

[INFO]	 [pool]	 2019-06-07 07:15:58.352141

[INFO]	 [c2]	 2019-06-07 07:15:58.400622

[INFO]	 [c1]	 2019-06-07 07:15:58.405135
[INFO]	 [c2]	 2019-06-07 07:15:58.498459
[INFO]	 [c2]	Time elapsed:  0.097837  seconds.
[INFO]	 [c1]	 2019-06-07 07:15:58.916332
[INFO]	 [c1]	Time elapsed:  0.511197  seconds.
[INFO]	 [pool]	 2019-06-07 07:15:59.048539
[INFO]	 [pool]	Time elapsed:  0.696398  seconds.

[INFO]	 [c3]	 2019-06-07 07:15:59.048618
[INFO]	 [c3]	 2019-06-07 07:15:59.067695
[INFO]	 [c3]	 Time elapsed:  0.019077  seconds.

[INFO]	 [c4]	 2019-06-07 07:15:59.067757
[INFO]	 [c4]	 2019-06-07 07:15:59.067802
[INFO]	 [c4]	 Time elapsed:  4.5e-05  seconds.

[INFO]	 [req_72]	 2019-06-07 07:14:58.445591

[INFO]	 [req_72]	 Time elapsed:  0.716102  seconds.

[INFO]	 [req_73]	 2019-06-07 07:14:58.445591

[INFO]	 [c0]	 2019-06-07 07:15:59.068251
[INFO]	 [c0]	 2019-06-07 07:15:59.068278
[INFO]	 [c0]	Time elapsed:  2.7e-05  seconds.

[INFO]	 [pool]	 2019-06-07 07:15:59.068317

[INFO]	 [c2]	 2019-06-07 07:15:59.116968

[INFO]	 [c1]	 2019-06-07 07:15:59.120994
[INFO]	 [c2]	 2019-06-07 07:15:59.213694
[INFO]	 [c2]	Time elapsed:  0.096726  seconds.
[INFO]	 [c1]	 2019-06-07 07:15:59.753728
[INFO]	 [c1]	Time elapsed:  0.632734  seconds.
[INFO]	 [pool]	 2019-06-07 07:15:59.864630
[INFO]	 [pool]	Time elapsed:  0.796313  seconds.

[INFO]	 [c3]	 2019-06-07 07:15:59.864721
[INFO]	 [c3]	 2019-06-07 07:15:59.883607
[INFO]	 [c3]	 Time elapsed:  0.018886  seconds.

[INFO]	 [c4]	 2019-06-07 07:15:59.883676
[INFO]	 [c4]	 2019-06-07 07:15:59.883715
[INFO]	 [c4]	 Time elapsed:  3.9e-05  seconds.

[INFO]	 [req_73]	 2019-06-07 07:14:58.445591

[INFO]	 [req_73]	 Time elapsed:  0.815852  seconds.

[INFO]	 [req_74]	 2019-06-07 07:14:58.445591

[INFO]	 [c0]	 2019-06-07 07:15:59.884162
[INFO]	 [c0]	 2019-06-07 07:15:59.884195
[INFO]	 [c0]	Time elapsed:  3.3e-05  seconds.

[INFO]	 [pool]	 2019-06-07 07:15:59.884229

[INFO]	 [c2]	 2019-06-07 07:15:59.932816

[INFO]	 [c1]	 2019-06-07 07:15:59.936654
[INFO]	 [c2]	 2019-06-07 07:16:00.030728
[INFO]	 [c2]	Time elapsed:  0.097912  seconds.
[INFO]	 [c1]	 2019-06-07 07:16:00.455447
[INFO]	 [c1]	Time elapsed:  0.518793  seconds.
[INFO]	 [pool]	 2019-06-07 07:16:00.579537
[INFO]	 [pool]	Time elapsed:  0.695308  seconds.

[INFO]	 [c3]	 2019-06-07 07:16:00.579627
[INFO]	 [c3]	 2019-06-07 07:16:00.598433
[INFO]	 [c3]	 Time elapsed:  0.018806  seconds.

[INFO]	 [c4]	 2019-06-07 07:16:00.598501
[INFO]	 [c4]	 2019-06-07 07:16:00.598547
[INFO]	 [c4]	 Time elapsed:  4.6e-05  seconds.

[INFO]	 [req_74]	 2019-06-07 07:14:58.445591

[INFO]	 [req_74]	 Time elapsed:  0.714765  seconds.

[INFO]	 [req_75]	 2019-06-07 07:14:58.445591

[INFO]	 [c0]	 2019-06-07 07:16:00.599000
[INFO]	 [c0]	 2019-06-07 07:16:00.599028
[INFO]	 [c0]	Time elapsed:  2.8e-05  seconds.

[INFO]	 [pool]	 2019-06-07 07:16:00.599076

[INFO]	 [c2]	 2019-06-07 07:16:00.647095

[INFO]	 [c1]	 2019-06-07 07:16:00.651250
[INFO]	 [c2]	 2019-06-07 07:16:00.746090
[INFO]	 [c2]	Time elapsed:  0.098995  seconds.
[INFO]	 [c1]	 2019-06-07 07:16:01.694214
[INFO]	 [c1]	Time elapsed:  1.042964  seconds.
[INFO]	 [pool]	 2019-06-07 07:16:01.795998
[INFO]	 [pool]	Time elapsed:  1.196922  seconds.

[INFO]	 [c3]	 2019-06-07 07:16:01.796085
[INFO]	 [c3]	 2019-06-07 07:16:01.814839
[INFO]	 [c3]	 Time elapsed:  0.018754  seconds.

[INFO]	 [c4]	 2019-06-07 07:16:01.814902
[INFO]	 [c4]	 2019-06-07 07:16:01.814945
[INFO]	 [c4]	 Time elapsed:  4.3e-05  seconds.

[INFO]	 [req_75]	 2019-06-07 07:14:58.445591

[INFO]	 [req_75]	 Time elapsed:  1.216338  seconds.

[INFO]	 [req_76]	 2019-06-07 07:14:58.445591

[INFO]	 [c0]	 2019-06-07 07:16:01.815402
[INFO]	 [c0]	 2019-06-07 07:16:01.815433
[INFO]	 [c0]	Time elapsed:  3.1e-05  seconds.

[INFO]	 [pool]	 2019-06-07 07:16:01.815475

[INFO]	 [c2]	 2019-06-07 07:16:01.863964

[INFO]	 [c1]	 2019-06-07 07:16:01.867872
[INFO]	 [c2]	 2019-06-07 07:16:01.961984
[INFO]	 [c2]	Time elapsed:  0.09802  seconds.
[INFO]	 [c1]	 2019-06-07 07:16:02.503032
[INFO]	 [c1]	Time elapsed:  0.63516  seconds.
[INFO]	 [pool]	 2019-06-07 07:16:02.610625
[INFO]	 [pool]	Time elapsed:  0.79515  seconds.

[INFO]	 [c3]	 2019-06-07 07:16:02.610717
[INFO]	 [c3]	 2019-06-07 07:16:02.629461
[INFO]	 [c3]	 Time elapsed:  0.018744  seconds.

[INFO]	 [c4]	 2019-06-07 07:16:02.629530
[INFO]	 [c4]	 2019-06-07 07:16:02.629578
[INFO]	 [c4]	 Time elapsed:  4.8e-05  seconds.

[INFO]	 [req_76]	 2019-06-07 07:14:58.445591

[INFO]	 [req_76]	 Time elapsed:  0.814546  seconds.

[INFO]	 [req_77]	 2019-06-07 07:14:58.445591

[INFO]	 [c0]	 2019-06-07 07:16:02.630020
[INFO]	 [c0]	 2019-06-07 07:16:02.630044
[INFO]	 [c0]	Time elapsed:  2.4e-05  seconds.

[INFO]	 [pool]	 2019-06-07 07:16:02.630086

[INFO]	 [c2]	 2019-06-07 07:16:02.678429

[INFO]	 [c1]	 2019-06-07 07:16:02.682326
[INFO]	 [c2]	 2019-06-07 07:16:02.775940
[INFO]	 [c2]	Time elapsed:  0.097511  seconds.
[INFO]	 [c1]	 2019-06-07 07:16:03.085903
[INFO]	 [c1]	Time elapsed:  0.403577  seconds.
[INFO]	 [pool]	 2019-06-07 07:16:03.224509
[INFO]	 [pool]	Time elapsed:  0.594423  seconds.

[INFO]	 [c3]	 2019-06-07 07:16:03.224590
[INFO]	 [c3]	 2019-06-07 07:16:03.243695
[INFO]	 [c3]	 Time elapsed:  0.019105  seconds.

[INFO]	 [c4]	 2019-06-07 07:16:03.243760
[INFO]	 [c4]	 2019-06-07 07:16:03.243805
[INFO]	 [c4]	 Time elapsed:  4.5e-05  seconds.

[INFO]	 [req_77]	 2019-06-07 07:14:58.445591

[INFO]	 [req_77]	 Time elapsed:  0.614159  seconds.

[INFO]	 [req_78]	 2019-06-07 07:14:58.445591

[INFO]	 [c0]	 2019-06-07 07:16:03.244255
[INFO]	 [c0]	 2019-06-07 07:16:03.244285
[INFO]	 [c0]	Time elapsed:  3e-05  seconds.

[INFO]	 [pool]	 2019-06-07 07:16:03.244332

[INFO]	 [c2]	 2019-06-07 07:16:03.292321

[INFO]	 [c1]	 2019-06-07 07:16:03.296392
[INFO]	 [c2]	 2019-06-07 07:16:03.389608
[INFO]	 [c2]	Time elapsed:  0.097287  seconds.
[INFO]	 [c1]	 2019-06-07 07:16:04.113012
[INFO]	 [c1]	Time elapsed:  0.81662  seconds.
[INFO]	 [pool]	 2019-06-07 07:16:04.241836
[INFO]	 [pool]	Time elapsed:  0.997504  seconds.

[INFO]	 [c3]	 2019-06-07 07:16:04.241916
[INFO]	 [c3]	 2019-06-07 07:16:04.262296
[INFO]	 [c3]	 Time elapsed:  0.02038  seconds.

[INFO]	 [c4]	 2019-06-07 07:16:04.262366
[INFO]	 [c4]	 2019-06-07 07:16:04.262408
[INFO]	 [c4]	 Time elapsed:  4.2e-05  seconds.

[INFO]	 [req_78]	 2019-06-07 07:14:58.445591

[INFO]	 [req_78]	 Time elapsed:  1.018526  seconds.

[INFO]	 [req_79]	 2019-06-07 07:14:58.445591

[INFO]	 [c0]	 2019-06-07 07:16:04.262840
[INFO]	 [c0]	 2019-06-07 07:16:04.262869
[INFO]	 [c0]	Time elapsed:  2.9e-05  seconds.

[INFO]	 [pool]	 2019-06-07 07:16:04.262915

[INFO]	 [c2]	 2019-06-07 07:16:04.311208

[INFO]	 [c1]	 2019-06-07 07:16:04.315289
[INFO]	 [c2]	 2019-06-07 07:16:04.411562
[INFO]	 [c2]	Time elapsed:  0.100354  seconds.
[INFO]	 [c1]	 2019-06-07 07:16:05.227193
[INFO]	 [c1]	Time elapsed:  0.911904  seconds.
[INFO]	 [pool]	 2019-06-07 07:16:05.359293
[INFO]	 [pool]	Time elapsed:  1.096378  seconds.

[INFO]	 [c3]	 2019-06-07 07:16:05.359378
[INFO]	 [c3]	 2019-06-07 07:16:05.378470
[INFO]	 [c3]	 Time elapsed:  0.019092  seconds.

[INFO]	 [c4]	 2019-06-07 07:16:05.378532
[INFO]	 [c4]	 2019-06-07 07:16:05.378558
[INFO]	 [c4]	 Time elapsed:  2.6e-05  seconds.

[INFO]	 [req_79]	 2019-06-07 07:14:58.445591

[INFO]	 [req_79]	 Time elapsed:  1.116055  seconds.

[INFO]	 [req_80]	 2019-06-07 07:14:58.445591

[INFO]	 [c0]	 2019-06-07 07:16:05.378944
[INFO]	 [c0]	 2019-06-07 07:16:05.378958
[INFO]	 [c0]	Time elapsed:  1.4e-05  seconds.

[INFO]	 [pool]	 2019-06-07 07:16:05.378983

[INFO]	 [c2]	 2019-06-07 07:16:05.426596

[INFO]	 [c1]	 2019-06-07 07:16:05.431765
[INFO]	 [c2]	 2019-06-07 07:16:05.524375
[INFO]	 [c2]	Time elapsed:  0.097779  seconds.
[INFO]	 [c1]	 2019-06-07 07:16:06.057907
[INFO]	 [c1]	Time elapsed:  0.626142  seconds.
[INFO]	 [pool]	 2019-06-07 07:16:06.173200
[INFO]	 [pool]	Time elapsed:  0.794217  seconds.

[INFO]	 [c3]	 2019-06-07 07:16:06.173289
[INFO]	 [c3]	 2019-06-07 07:16:06.192834
[INFO]	 [c3]	 Time elapsed:  0.019545  seconds.

[INFO]	 [c4]	 2019-06-07 07:16:06.192896
[INFO]	 [c4]	 2019-06-07 07:16:06.192922
[INFO]	 [c4]	 Time elapsed:  2.6e-05  seconds.

[INFO]	 [req_80]	 2019-06-07 07:14:58.445591

[INFO]	 [req_80]	 Time elapsed:  0.814299  seconds.

[INFO]	 [req_81]	 2019-06-07 07:14:58.445591

[INFO]	 [c0]	 2019-06-07 07:16:06.193314
[INFO]	 [c0]	 2019-06-07 07:16:06.193335
[INFO]	 [c0]	Time elapsed:  2.1e-05  seconds.

[INFO]	 [pool]	 2019-06-07 07:16:06.193380

[INFO]	 [c2]	 2019-06-07 07:16:06.241566

[INFO]	 [c1]	 2019-06-07 07:16:06.245997
[INFO]	 [c2]	 2019-06-07 07:16:06.339994
[INFO]	 [c2]	Time elapsed:  0.098428  seconds.
[INFO]	 [c1]	 2019-06-07 07:16:06.608278
[INFO]	 [c1]	Time elapsed:  0.362281  seconds.
[INFO]	 [pool]	 2019-06-07 07:16:06.686587
[INFO]	 [pool]	Time elapsed:  0.493207  seconds.

[INFO]	 [c3]	 2019-06-07 07:16:06.686675
[INFO]	 [c3]	 2019-06-07 07:16:06.705509
[INFO]	 [c3]	 Time elapsed:  0.018834  seconds.

[INFO]	 [c4]	 2019-06-07 07:16:06.705571
[INFO]	 [c4]	 2019-06-07 07:16:06.705608
[INFO]	 [c4]	 Time elapsed:  3.7e-05  seconds.

[INFO]	 [req_81]	 2019-06-07 07:14:58.445591

[INFO]	 [req_81]	 Time elapsed:  0.512614  seconds.

[INFO]	 [req_82]	 2019-06-07 07:14:58.445591

[INFO]	 [c0]	 2019-06-07 07:16:06.705995
[INFO]	 [c0]	 2019-06-07 07:16:06.706013
[INFO]	 [c0]	Time elapsed:  1.8e-05  seconds.

[INFO]	 [pool]	 2019-06-07 07:16:06.706041

[INFO]	 [c2]	 2019-06-07 07:16:06.753498

[INFO]	 [c1]	 2019-06-07 07:16:06.757946
[INFO]	 [c2]	 2019-06-07 07:16:06.851936
[INFO]	 [c2]	Time elapsed:  0.098438  seconds.
[INFO]	 [c1]	 2019-06-07 07:16:07.395923
[INFO]	 [c1]	Time elapsed:  0.637977  seconds.
[INFO]	 [pool]	 2019-06-07 07:16:07.499738
[INFO]	 [pool]	Time elapsed:  0.793697  seconds.

[INFO]	 [c3]	 2019-06-07 07:16:07.499827
[INFO]	 [c3]	 2019-06-07 07:16:07.518986
[INFO]	 [c3]	 Time elapsed:  0.019159  seconds.

[INFO]	 [c4]	 2019-06-07 07:16:07.519050
[INFO]	 [c4]	 2019-06-07 07:16:07.519081
[INFO]	 [c4]	 Time elapsed:  3.1e-05  seconds.

[INFO]	 [req_82]	 2019-06-07 07:14:58.445591

[INFO]	 [req_82]	 Time elapsed:  0.813416  seconds.

[INFO]	 [req_83]	 2019-06-07 07:14:58.445591

[INFO]	 [c0]	 2019-06-07 07:16:07.519479
[INFO]	 [c0]	 2019-06-07 07:16:07.519498
[INFO]	 [c0]	Time elapsed:  1.9e-05  seconds.

[INFO]	 [pool]	 2019-06-07 07:16:07.519526

[INFO]	 [c2]	 2019-06-07 07:16:07.567505

[INFO]	 [c1]	 2019-06-07 07:16:07.572476
[INFO]	 [c2]	 2019-06-07 07:16:07.669127
[INFO]	 [c2]	Time elapsed:  0.101622  seconds.
[INFO]	 [c1]	 2019-06-07 07:16:08.728405
[INFO]	 [c1]	Time elapsed:  1.155929  seconds.
[INFO]	 [pool]	 2019-06-07 07:16:08.814460
[INFO]	 [pool]	Time elapsed:  1.294934  seconds.

[INFO]	 [c3]	 2019-06-07 07:16:08.814543
[INFO]	 [c3]	 2019-06-07 07:16:08.833485
[INFO]	 [c3]	 Time elapsed:  0.018942  seconds.

[INFO]	 [c4]	 2019-06-07 07:16:08.833544
[INFO]	 [c4]	 2019-06-07 07:16:08.833571
[INFO]	 [c4]	 Time elapsed:  2.7e-05  seconds.

[INFO]	 [req_83]	 2019-06-07 07:14:58.445591

[INFO]	 [req_83]	 Time elapsed:  1.314431  seconds.

[INFO]	 [req_84]	 2019-06-07 07:14:58.445591

[INFO]	 [c0]	 2019-06-07 07:16:08.833960
[INFO]	 [c0]	 2019-06-07 07:16:08.833974
[INFO]	 [c0]	Time elapsed:  1.4e-05  seconds.

[INFO]	 [pool]	 2019-06-07 07:16:08.834014

[INFO]	 [c2]	 2019-06-07 07:16:08.881282

[INFO]	 [c1]	 2019-06-07 07:16:08.885779
[INFO]	 [c2]	 2019-06-07 07:16:08.978916
[INFO]	 [c2]	Time elapsed:  0.097634  seconds.
[INFO]	 [c1]	 2019-06-07 07:16:09.978609
[INFO]	 [c1]	Time elapsed:  1.09283  seconds.
[INFO]	 [pool]	 2019-06-07 07:16:10.027645
[INFO]	 [pool]	Time elapsed:  1.193631  seconds.

[INFO]	 [c3]	 2019-06-07 07:16:10.027728
[INFO]	 [c3]	 2019-06-07 07:16:10.046935
[INFO]	 [c3]	 Time elapsed:  0.019207  seconds.

[INFO]	 [c4]	 2019-06-07 07:16:10.046998
[INFO]	 [c4]	 2019-06-07 07:16:10.047028
[INFO]	 [c4]	 Time elapsed:  3e-05  seconds.

[INFO]	 [req_84]	 2019-06-07 07:14:58.445591

[INFO]	 [req_84]	 Time elapsed:  1.213399  seconds.

[INFO]	 [req_85]	 2019-06-07 07:14:58.445591

[INFO]	 [c0]	 2019-06-07 07:16:10.047416
[INFO]	 [c0]	 2019-06-07 07:16:10.047438
[INFO]	 [c0]	Time elapsed:  2.2e-05  seconds.

[INFO]	 [pool]	 2019-06-07 07:16:10.047459

[INFO]	 [c2]	 2019-06-07 07:16:10.094741

[INFO]	 [c1]	 2019-06-07 07:16:10.099200
[INFO]	 [c2]	 2019-06-07 07:16:10.193355
[INFO]	 [c2]	Time elapsed:  0.098614  seconds.
[INFO]	 [c1]	 2019-06-07 07:16:10.681218
[INFO]	 [c1]	Time elapsed:  0.582018  seconds.
[INFO]	 [pool]	 2019-06-07 07:16:10.740404
[INFO]	 [pool]	Time elapsed:  0.692945  seconds.

[INFO]	 [c3]	 2019-06-07 07:16:10.740496
[INFO]	 [c3]	 2019-06-07 07:16:10.759787
[INFO]	 [c3]	 Time elapsed:  0.019291  seconds.

[INFO]	 [c4]	 2019-06-07 07:16:10.759852
[INFO]	 [c4]	 2019-06-07 07:16:10.759878
[INFO]	 [c4]	 Time elapsed:  2.6e-05  seconds.

[INFO]	 [req_85]	 2019-06-07 07:14:58.445591

[INFO]	 [req_85]	 Time elapsed:  0.712794  seconds.

[INFO]	 [req_86]	 2019-06-07 07:14:58.445591

[INFO]	 [c0]	 2019-06-07 07:16:10.760275
[INFO]	 [c0]	 2019-06-07 07:16:10.760297
[INFO]	 [c0]	Time elapsed:  2.2e-05  seconds.

[INFO]	 [pool]	 2019-06-07 07:16:10.760320

[INFO]	 [c2]	 2019-06-07 07:16:10.808142

[INFO]	 [c1]	 2019-06-07 07:16:10.812202
[INFO]	 [c2]	 2019-06-07 07:16:10.906715
[INFO]	 [c2]	Time elapsed:  0.098573  seconds.
[INFO]	 [c1]	 2019-06-07 07:16:11.563527
[INFO]	 [c1]	Time elapsed:  0.751325  seconds.
[INFO]	 [pool]	 2019-06-07 07:16:11.653855
[INFO]	 [pool]	Time elapsed:  0.893535  seconds.

[INFO]	 [c3]	 2019-06-07 07:16:11.653942
[INFO]	 [c3]	 2019-06-07 07:16:11.673195
[INFO]	 [c3]	 Time elapsed:  0.019253  seconds.

[INFO]	 [c4]	 2019-06-07 07:16:11.673257
[INFO]	 [c4]	 2019-06-07 07:16:11.673287
[INFO]	 [c4]	 Time elapsed:  3e-05  seconds.

[INFO]	 [req_86]	 2019-06-07 07:14:58.445591

[INFO]	 [req_86]	 Time elapsed:  0.913323  seconds.

[INFO]	 [req_87]	 2019-06-07 07:14:58.445591

[INFO]	 [c0]	 2019-06-07 07:16:11.673648
[INFO]	 [c0]	 2019-06-07 07:16:11.673667
[INFO]	 [c0]	Time elapsed:  1.9e-05  seconds.

[INFO]	 [pool]	 2019-06-07 07:16:11.673695

[INFO]	 [c2]	 2019-06-07 07:16:11.721664

[INFO]	 [c1]	 2019-06-07 07:16:11.725515
[INFO]	 [c2]	 2019-06-07 07:16:11.820243
[INFO]	 [c2]	Time elapsed:  0.098579  seconds.
[INFO]	 [c1]	 2019-06-07 07:16:12.441989
[INFO]	 [c1]	Time elapsed:  0.716474  seconds.
[INFO]	 [pool]	 2019-06-07 07:16:12.568509
[INFO]	 [pool]	Time elapsed:  0.894814  seconds.

[INFO]	 [c3]	 2019-06-07 07:16:12.568590
[INFO]	 [c3]	 2019-06-07 07:16:12.588430
[INFO]	 [c3]	 Time elapsed:  0.01984  seconds.

[INFO]	 [c4]	 2019-06-07 07:16:12.588494
[INFO]	 [c4]	 2019-06-07 07:16:12.588519
[INFO]	 [c4]	 Time elapsed:  2.5e-05  seconds.

[INFO]	 [req_87]	 2019-06-07 07:14:58.445591

[INFO]	 [req_87]	 Time elapsed:  0.915198  seconds.

[INFO]	 [req_88]	 2019-06-07 07:14:58.445591

[INFO]	 [c0]	 2019-06-07 07:16:12.588902
[INFO]	 [c0]	 2019-06-07 07:16:12.588922
[INFO]	 [c0]	Time elapsed:  2e-05  seconds.

[INFO]	 [pool]	 2019-06-07 07:16:12.588950

[INFO]	 [c2]	 2019-06-07 07:16:12.636962

[INFO]	 [c1]	 2019-06-07 07:16:12.640920
[INFO]	 [c2]	 2019-06-07 07:16:12.735803
[INFO]	 [c2]	Time elapsed:  0.098841  seconds.
[INFO]	 [c1]	 2019-06-07 07:16:13.661854
[INFO]	 [c1]	Time elapsed:  1.020934  seconds.
[INFO]	 [pool]	 2019-06-07 07:16:13.784621
[INFO]	 [pool]	Time elapsed:  1.195671  seconds.

[INFO]	 [c3]	 2019-06-07 07:16:13.784708
[INFO]	 [c3]	 2019-06-07 07:16:13.805044
[INFO]	 [c3]	 Time elapsed:  0.020336  seconds.

[INFO]	 [c4]	 2019-06-07 07:16:13.805110
[INFO]	 [c4]	 2019-06-07 07:16:13.805136
[INFO]	 [c4]	 Time elapsed:  2.6e-05  seconds.

[INFO]	 [req_88]	 2019-06-07 07:14:58.445591

[INFO]	 [req_88]	 Time elapsed:  1.216568  seconds.

[INFO]	 [req_89]	 2019-06-07 07:14:58.445591

[INFO]	 [c0]	 2019-06-07 07:16:13.805531
[INFO]	 [c0]	 2019-06-07 07:16:13.805549
[INFO]	 [c0]	Time elapsed:  1.8e-05  seconds.

[INFO]	 [pool]	 2019-06-07 07:16:13.805575

[INFO]	 [c2]	 2019-06-07 07:16:13.853794

[INFO]	 [c1]	 2019-06-07 07:16:13.857755
[INFO]	 [c2]	 2019-06-07 07:16:13.952529
[INFO]	 [c2]	Time elapsed:  0.098735  seconds.
[INFO]	 [c1]	 2019-06-07 07:16:14.439346
[INFO]	 [c1]	Time elapsed:  0.581591  seconds.
[INFO]	 [pool]	 2019-06-07 07:16:14.499298
[INFO]	 [pool]	Time elapsed:  0.693723  seconds.

[INFO]	 [c3]	 2019-06-07 07:16:14.499380
[INFO]	 [c3]	 2019-06-07 07:16:14.518409
[INFO]	 [c3]	 Time elapsed:  0.019029  seconds.

[INFO]	 [c4]	 2019-06-07 07:16:14.518473
[INFO]	 [c4]	 2019-06-07 07:16:14.518499
[INFO]	 [c4]	 Time elapsed:  2.6e-05  seconds.

[INFO]	 [req_89]	 2019-06-07 07:14:58.445591

[INFO]	 [req_89]	 Time elapsed:  0.713284  seconds.

[INFO]	 [req_90]	 2019-06-07 07:14:58.445591

[INFO]	 [c0]	 2019-06-07 07:16:14.518876
[INFO]	 [c0]	 2019-06-07 07:16:14.518896
[INFO]	 [c0]	Time elapsed:  2e-05  seconds.

[INFO]	 [pool]	 2019-06-07 07:16:14.518920

[INFO]	 [c2]	 2019-06-07 07:16:14.566647

[INFO]	 [c1]	 2019-06-07 07:16:14.570641
[INFO]	 [c2]	 2019-06-07 07:16:14.664769
[INFO]	 [c2]	Time elapsed:  0.098122  seconds.
[INFO]	 [c1]	 2019-06-07 07:16:15.174617
[INFO]	 [c1]	Time elapsed:  0.603976  seconds.
[INFO]	 [pool]	 2019-06-07 07:16:15.315164
[INFO]	 [pool]	Time elapsed:  0.796244  seconds.

[INFO]	 [c3]	 2019-06-07 07:16:15.315251
[INFO]	 [c3]	 2019-06-07 07:16:15.334668
[INFO]	 [c3]	 Time elapsed:  0.019417  seconds.

[INFO]	 [c4]	 2019-06-07 07:16:15.334733
[INFO]	 [c4]	 2019-06-07 07:16:15.334768
[INFO]	 [c4]	 Time elapsed:  3.5e-05  seconds.

[INFO]	 [req_90]	 2019-06-07 07:14:58.445591

[INFO]	 [req_90]	 Time elapsed:  0.816224  seconds.

[INFO]	 [req_91]	 2019-06-07 07:14:58.445591

[INFO]	 [c0]	 2019-06-07 07:16:15.335157
[INFO]	 [c0]	 2019-06-07 07:16:15.335174
[INFO]	 [c0]	Time elapsed:  1.7e-05  seconds.

[INFO]	 [pool]	 2019-06-07 07:16:15.335199

[INFO]	 [c2]	 2019-06-07 07:16:15.383797

[INFO]	 [c1]	 2019-06-07 07:16:15.387673
[INFO]	 [c2]	 2019-06-07 07:16:15.482552
[INFO]	 [c2]	Time elapsed:  0.098755  seconds.
[INFO]	 [c1]	 2019-06-07 07:16:15.959874
[INFO]	 [c1]	Time elapsed:  0.572201  seconds.
[INFO]	 [pool]	 2019-06-07 07:16:16.030521
[INFO]	 [pool]	Time elapsed:  0.695322  seconds.

[INFO]	 [c3]	 2019-06-07 07:16:16.030606
[INFO]	 [c3]	 2019-06-07 07:16:16.049569
[INFO]	 [c3]	 Time elapsed:  0.018963  seconds.

[INFO]	 [c4]	 2019-06-07 07:16:16.049628
[INFO]	 [c4]	 2019-06-07 07:16:16.049658
[INFO]	 [c4]	 Time elapsed:  3e-05  seconds.

[INFO]	 [req_91]	 2019-06-07 07:14:58.445591

[INFO]	 [req_91]	 Time elapsed:  0.714844  seconds.

[INFO]	 [req_92]	 2019-06-07 07:14:58.445591

[INFO]	 [c0]	 2019-06-07 07:16:16.050076
[INFO]	 [c0]	 2019-06-07 07:16:16.050090
[INFO]	 [c0]	Time elapsed:  1.4e-05  seconds.

[INFO]	 [pool]	 2019-06-07 07:16:16.050122

[INFO]	 [c2]	 2019-06-07 07:16:16.099599

[INFO]	 [c1]	 2019-06-07 07:16:16.104356
[INFO]	 [c2]	 2019-06-07 07:16:16.198831
[INFO]	 [c2]	Time elapsed:  0.099232  seconds.
[INFO]	 [c1]	 2019-06-07 07:16:16.751180
[INFO]	 [c1]	Time elapsed:  0.646824  seconds.
[INFO]	 [pool]	 2019-06-07 07:16:16.848259
[INFO]	 [pool]	Time elapsed:  0.798137  seconds.

[INFO]	 [c3]	 2019-06-07 07:16:16.848347
[INFO]	 [c3]	 2019-06-07 07:16:16.869930
[INFO]	 [c3]	 Time elapsed:  0.021583  seconds.

[INFO]	 [c4]	 2019-06-07 07:16:16.870001
[INFO]	 [c4]	 2019-06-07 07:16:16.870028
[INFO]	 [c4]	 Time elapsed:  2.7e-05  seconds.

[INFO]	 [req_92]	 2019-06-07 07:14:58.445591

[INFO]	 [req_92]	 Time elapsed:  0.820318  seconds.

[INFO]	 [req_93]	 2019-06-07 07:14:58.445591

[INFO]	 [c0]	 2019-06-07 07:16:16.870455
[INFO]	 [c0]	 2019-06-07 07:16:16.870470
[INFO]	 [c0]	Time elapsed:  1.5e-05  seconds.

[INFO]	 [pool]	 2019-06-07 07:16:16.870499

[INFO]	 [c2]	 2019-06-07 07:16:16.921132

[INFO]	 [c1]	 2019-06-07 07:16:16.925843
[INFO]	 [c2]	 2019-06-07 07:16:17.019402
[INFO]	 [c2]	Time elapsed:  0.09827  seconds.
[INFO]	 [c1]	 2019-06-07 07:16:17.731610
[INFO]	 [c1]	Time elapsed:  0.805767  seconds.
[INFO]	 [pool]	 2019-06-07 07:16:17.867789
[INFO]	 [pool]	Time elapsed:  0.99729  seconds.

[INFO]	 [c3]	 2019-06-07 07:16:17.867876
[INFO]	 [c3]	 2019-06-07 07:16:17.888327
[INFO]	 [c3]	 Time elapsed:  0.020451  seconds.

[INFO]	 [c4]	 2019-06-07 07:16:17.888390
[INFO]	 [c4]	 2019-06-07 07:16:17.888417
[INFO]	 [c4]	 Time elapsed:  2.7e-05  seconds.

[INFO]	 [req_93]	 2019-06-07 07:14:58.445591

[INFO]	 [req_93]	 Time elapsed:  1.018279  seconds.

[INFO]	 [req_94]	 2019-06-07 07:14:58.445591

[INFO]	 [c0]	 2019-06-07 07:16:17.888793
[INFO]	 [c0]	 2019-06-07 07:16:17.888816
[INFO]	 [c0]	Time elapsed:  2.3e-05  seconds.

[INFO]	 [pool]	 2019-06-07 07:16:17.888850

[INFO]	 [c2]	 2019-06-07 07:16:17.937185

[INFO]	 [c1]	 2019-06-07 07:16:17.941521
[INFO]	 [c2]	 2019-06-07 07:16:18.035016
[INFO]	 [c2]	Time elapsed:  0.097831  seconds.
[INFO]	 [c1]	 2019-06-07 07:16:18.545560
[INFO]	 [c1]	Time elapsed:  0.604039  seconds.
[INFO]	 [pool]	 2019-06-07 07:16:18.684730
[INFO]	 [pool]	Time elapsed:  0.79588  seconds.

[INFO]	 [c3]	 2019-06-07 07:16:18.684817
[INFO]	 [c3]	 2019-06-07 07:16:18.704764
[INFO]	 [c3]	 Time elapsed:  0.019947  seconds.

[INFO]	 [c4]	 2019-06-07 07:16:18.704830
[INFO]	 [c4]	 2019-06-07 07:16:18.704858
[INFO]	 [c4]	 Time elapsed:  2.8e-05  seconds.

[INFO]	 [req_94]	 2019-06-07 07:14:58.445591

[INFO]	 [req_94]	 Time elapsed:  0.816394  seconds.

[INFO]	 [req_95]	 2019-06-07 07:14:58.445591

[INFO]	 [c0]	 2019-06-07 07:16:18.705248
[INFO]	 [c0]	 2019-06-07 07:16:18.705268
[INFO]	 [c0]	Time elapsed:  2e-05  seconds.

[INFO]	 [pool]	 2019-06-07 07:16:18.705298

[INFO]	 [c2]	 2019-06-07 07:16:18.755562

[INFO]	 [c1]	 2019-06-07 07:16:18.759975
[INFO]	 [c2]	 2019-06-07 07:16:18.853790
[INFO]	 [c2]	Time elapsed:  0.098228  seconds.
[INFO]	 [c1]	 2019-06-07 07:16:19.521041
[INFO]	 [c1]	Time elapsed:  0.761066  seconds.
[INFO]	 [pool]	 2019-06-07 07:16:19.603542
[INFO]	 [pool]	Time elapsed:  0.898244  seconds.

[INFO]	 [c3]	 2019-06-07 07:16:19.603632
[INFO]	 [c3]	 2019-06-07 07:16:19.623394
[INFO]	 [c3]	 Time elapsed:  0.019762  seconds.

[INFO]	 [c4]	 2019-06-07 07:16:19.623455
[INFO]	 [c4]	 2019-06-07 07:16:19.623483
[INFO]	 [c4]	 Time elapsed:  2.8e-05  seconds.

[INFO]	 [req_95]	 2019-06-07 07:14:58.445591

[INFO]	 [req_95]	 Time elapsed:  0.918548  seconds.

[INFO]	 [req_96]	 2019-06-07 07:14:58.445591

[INFO]	 [c0]	 2019-06-07 07:16:19.623858
[INFO]	 [c0]	 2019-06-07 07:16:19.623872
[INFO]	 [c0]	Time elapsed:  1.4e-05  seconds.

[INFO]	 [pool]	 2019-06-07 07:16:19.623900

[INFO]	 [c2]	 2019-06-07 07:16:19.673627

[INFO]	 [c1]	 2019-06-07 07:16:19.678486
[INFO]	 [c2]	 2019-06-07 07:16:19.772495
[INFO]	 [c2]	Time elapsed:  0.098868  seconds.
[INFO]	 [c1]	 2019-06-07 07:16:20.244750
[INFO]	 [c1]	Time elapsed:  0.566264  seconds.
[INFO]	 [pool]	 2019-06-07 07:16:20.321238
[INFO]	 [pool]	Time elapsed:  0.697338  seconds.

[INFO]	 [c3]	 2019-06-07 07:16:20.321327
[INFO]	 [c3]	 2019-06-07 07:16:20.341884
[INFO]	 [c3]	 Time elapsed:  0.020557  seconds.

[INFO]	 [c4]	 2019-06-07 07:16:20.341945
[INFO]	 [c4]	 2019-06-07 07:16:20.341969
[INFO]	 [c4]	 Time elapsed:  2.4e-05  seconds.

[INFO]	 [req_96]	 2019-06-07 07:14:58.445591

[INFO]	 [req_96]	 Time elapsed:  0.718452  seconds.

[INFO]	 [req_97]	 2019-06-07 07:14:58.445591

[INFO]	 [c0]	 2019-06-07 07:16:20.342360
[INFO]	 [c0]	 2019-06-07 07:16:20.342373
[INFO]	 [c0]	Time elapsed:  1.3e-05  seconds.

[INFO]	 [pool]	 2019-06-07 07:16:20.342408

[INFO]	 [c2]	 2019-06-07 07:16:20.392124

[INFO]	 [c1]	 2019-06-07 07:16:20.396452
[INFO]	 [c2]	 2019-06-07 07:16:20.491062
[INFO]	 [c2]	Time elapsed:  0.098938  seconds.
[INFO]	 [c1]	 2019-06-07 07:16:21.107115
[INFO]	 [c1]	Time elapsed:  0.710663  seconds.
[INFO]	 [pool]	 2019-06-07 07:16:21.239472
[INFO]	 [pool]	Time elapsed:  0.897064  seconds.

[INFO]	 [c3]	 2019-06-07 07:16:21.239571
[INFO]	 [c3]	 2019-06-07 07:16:21.259498
[INFO]	 [c3]	 Time elapsed:  0.019927  seconds.

[INFO]	 [c4]	 2019-06-07 07:16:21.259564
[INFO]	 [c4]	 2019-06-07 07:16:21.259591
[INFO]	 [c4]	 Time elapsed:  2.7e-05  seconds.

[INFO]	 [req_97]	 2019-06-07 07:14:58.445591

[INFO]	 [req_97]	 Time elapsed:  0.917554  seconds.

[INFO]	 [req_98]	 2019-06-07 07:14:58.445591

[INFO]	 [c0]	 2019-06-07 07:16:21.259983
[INFO]	 [c0]	 2019-06-07 07:16:21.260003
[INFO]	 [c0]	Time elapsed:  2e-05  seconds.

[INFO]	 [pool]	 2019-06-07 07:16:21.260030

[INFO]	 [c2]	 2019-06-07 07:16:21.311373

[INFO]	 [c1]	 2019-06-07 07:16:21.316174
[INFO]	 [c2]	 2019-06-07 07:16:21.410893
[INFO]	 [c2]	Time elapsed:  0.09952  seconds.
[INFO]	 [c1]	 2019-06-07 07:16:22.061652
[INFO]	 [c1]	Time elapsed:  0.745478  seconds.
[INFO]	 [pool]	 2019-06-07 07:16:22.158491
[INFO]	 [pool]	Time elapsed:  0.898461  seconds.

[INFO]	 [c3]	 2019-06-07 07:16:22.158574
[INFO]	 [c3]	 2019-06-07 07:16:22.179477
[INFO]	 [c3]	 Time elapsed:  0.020903  seconds.

[INFO]	 [c4]	 2019-06-07 07:16:22.179539
[INFO]	 [c4]	 2019-06-07 07:16:22.179565
[INFO]	 [c4]	 Time elapsed:  2.6e-05  seconds.

[INFO]	 [req_98]	 2019-06-07 07:14:58.445591

[INFO]	 [req_98]	 Time elapsed:  0.919913  seconds.

[INFO]	 [req_99]	 2019-06-07 07:14:58.445591

[INFO]	 [c0]	 2019-06-07 07:16:22.179956
[INFO]	 [c0]	 2019-06-07 07:16:22.179974
[INFO]	 [c0]	Time elapsed:  1.8e-05  seconds.

[INFO]	 [pool]	 2019-06-07 07:16:22.180012

[INFO]	 [c2]	 2019-06-07 07:16:22.228183

[INFO]	 [c1]	 2019-06-07 07:16:22.232991
[INFO]	 [c2]	 2019-06-07 07:16:22.327613
[INFO]	 [c2]	Time elapsed:  0.09943  seconds.
[INFO]	 [c1]	 2019-06-07 07:16:22.890087
[INFO]	 [c1]	Time elapsed:  0.657096  seconds.
[INFO]	 [pool]	 2019-06-07 07:16:22.975649
[INFO]	 [pool]	Time elapsed:  0.795637  seconds.

[INFO]	 [c3]	 2019-06-07 07:16:22.975735
[INFO]	 [c3]	 2019-06-07 07:16:22.995455
[INFO]	 [c3]	 Time elapsed:  0.01972  seconds.

[INFO]	 [c4]	 2019-06-07 07:16:22.995523
[INFO]	 [c4]	 2019-06-07 07:16:22.995549
[INFO]	 [c4]	 Time elapsed:  2.6e-05  seconds.

[INFO]	 [req_99]	 2019-06-07 07:14:58.445591

[INFO]	 [req_99]	 Time elapsed:  0.815952  seconds.
[INFO]	 [main]	 2019-06-07 07:16:22.995946
[INFO]	 [main]	 Time elapsed:  84.550355  seconds.
