Starting worker => 187
Input 400 returns Output: req sequence: 1; time: 12902ms; OUPUT (starting from next line):

[INFO] Fatigue Detection finished
Input 401 returns Output: req sequence: 2; time: 2384ms; OUPUT (starting from next line):

[INFO] Fatigue Detection finished
Input 402 returns Output: req sequence: 3; time: 2264ms; OUPUT (starting from next line):

[INFO] Fatigue Detection finished
Input 403 returns Output: req sequence: 4; time: 2540ms; OUPUT (starting from next line):

[INFO] Fatigue Detection finished
Input 404 returns Output: req sequence: 5; time: 2322ms; OUPUT (starting from next line):

[INFO] Fatigue Detection finished
Input 405 returns Output: req sequence: 6; time: 2422ms; OUPUT (starting from next line):

[INFO] Fatigue Detection finished
Input 406 returns Output: req sequence: 7; time: 2327ms; OUPUT (starting from next line):

[INFO] Fatigue Detection finished
Input 407 returns Output: req sequence: 8; time: 2428ms; OUPUT (starting from next line):

[INFO] Fatigue Detection finished
Input 408 returns Output: req sequence: 9; time: 2292ms; OUPUT (starting from next line):

[INFO] Fatigue Detection finished
Input 409 returns Output: req sequence: 10; time: 3981ms; OUPUT (starting from next line):

[INFO] Fatigue Detection finished
Input 410 returns Output: req sequence: 11; time: 2371ms; OUPUT (starting from next line):

[INFO] Fatigue Detection finished
Input 411 returns Output: req sequence: 12; time: 2518ms; OUPUT (starting from next line):

[INFO] Fatigue Detection finished
Input 412 returns Output: req sequence: 13; time: 2422ms; OUPUT (starting from next line):

[INFO] Fatigue Detection finished
Input 413 returns Output: req sequence: 14; time: 2584ms; OUPUT (starting from next line):

[INFO] Fatigue Detection finished
Input 414 returns Output: req sequence: 15; time: 2297ms; OUPUT (starting from next line):

[INFO] Fatigue Detection finished
Input 415 returns Output: req sequence: 16; time: 2487ms; OUPUT (starting from next line):

[INFO] Fatigue Detection finished
Input 416 returns Output: req sequence: 17; time: 2284ms; OUPUT (starting from next line):

[INFO] Fatigue Detection finished
Input 417 returns Output: req sequence: 18; time: 2446ms; OUPUT (starting from next line):

[INFO] Fatigue Detection finished
Input 418 returns Output: req sequence: 19; time: 2250ms; OUPUT (starting from next line):

[INFO] Fatigue Detection finished
Input 419 returns Output: req sequence: 20; time: 2490ms; OUPUT (starting from next line):

[INFO] Fatigue Detection finished
Input 420 returns Output: req sequence: 21; time: 2206ms; OUPUT (starting from next line):

[INFO] Fatigue Detection finished
Input 421 returns Output: req sequence: 22; time: 2262ms; OUPUT (starting from next line):

[INFO] Fatigue Detection finished
Input 422 returns Output: req sequence: 23; time: 2446ms; OUPUT (starting from next line):

[INFO] Fatigue Detection finished
Input 423 returns Output: req sequence: 24; time: 2551ms; OUPUT (starting from next line):

[INFO] Fatigue Detection finished
Input 424 returns Output: req sequence: 25; time: 3101ms; OUPUT (starting from next line):

[INFO] Fatigue Detection finished
Input 425 returns Output: req sequence: 26; time: 2319ms; OUPUT (starting from next line):

[INFO] Fatigue Detection finished
Input 426 returns Output: req sequence: 27; time: 2917ms; OUPUT (starting from next line):

[INFO] Fatigue Detection finished
Input 427 returns Output: req sequence: 28; time: 3913ms; OUPUT (starting from next line):

[INFO] Fatigue Detection finished
Input 428 returns Output: req sequence: 29; time: 3345ms; OUPUT (starting from next line):

[INFO] Fatigue Detection finished
Input 429 returns Output: req sequence: 30; time: 2238ms; OUPUT (starting from next line):

[INFO] Fatigue Detection finished
Input 430 returns Output: req sequence: 31; time: 2566ms; OUPUT (starting from next line):

[INFO] Fatigue Detection finished
Input 431 returns Output: req sequence: 32; time: 2375ms; OUPUT (starting from next line):

[INFO] Fatigue Detection finished
Input 432 returns Output: req sequence: 33; time: 2819ms; OUPUT (starting from next line):

[INFO] Fatigue Detection finished
Input 433 returns Output: req sequence: 34; time: 2284ms; OUPUT (starting from next line):

[INFO] Fatigue Detection finished
Input 434 returns Output: req sequence: 35; time: 2447ms; OUPUT (starting from next line):

[INFO] Fatigue Detection finished
Input 435 returns Output: req sequence: 36; time: 2268ms; OUPUT (starting from next line):

[INFO] Fatigue Detection finished
Input 436 returns Output: req sequence: 37; time: 2245ms; OUPUT (starting from next line):

[INFO] Fatigue Detection finished
Input 437 returns Output: req sequence: 38; time: 2385ms; OUPUT (starting from next line):

[INFO] Fatigue Detection finished
Input 438 returns Output: req sequence: 39; time: 2408ms; OUPUT (starting from next line):

[INFO] Fatigue Detection finished
Input 439 returns Output: req sequence: 40; time: 2261ms; OUPUT (starting from next line):

[INFO] Fatigue Detection finished
Input 440 returns Output: req sequence: 41; time: 2279ms; OUPUT (starting from next line):

[INFO] Fatigue Detection finished
Input 441 returns Output: req sequence: 42; time: 2351ms; OUPUT (starting from next line):

[INFO] Fatigue Detection finished
Input 442 returns Output: req sequence: 43; time: 3996ms; OUPUT (starting from next line):

[INFO] Fatigue Detection finished
Input 443 returns Output: req sequence: 44; time: 2418ms; OUPUT (starting from next line):

[INFO] Fatigue Detection finished
Input 444 returns Output: req sequence: 45; time: 2313ms; OUPUT (starting from next line):

[INFO] Fatigue Detection finished
Input 445 returns Output: req sequence: 46; time: 3231ms; OUPUT (starting from next line):

[INFO] Fatigue Detection finished
Input 446 returns Output: req sequence: 47; time: 2326ms; OUPUT (starting from next line):

[INFO] Fatigue Detection finished
Input 447 returns Output: req sequence: 48; time: 2308ms; OUPUT (starting from next line):

[INFO] Fatigue Detection finished
Input 448 returns Output: req sequence: 49; time: 2236ms; OUPUT (starting from next line):

[INFO] Fatigue Detection finished
Input 449 returns Output: req sequence: 50; time: 2462ms; OUPUT (starting from next line):

[INFO] Fatigue Detection finished
Worker 187 exiting...
Finished 50 requests with time:
137.3521614074707
Parent process exiting...
