Model Server Started -- c1
[Input]inputType: "string"
inputStream: "744"



[INFO]	 [c1]	 2019-06-09 07:30:33.665222
/container/data/dataset3/recordings/744.wav
he's called stella astrid occur
[INFO]	 [c1]	 2019-06-09 07:30:34.135356
[INFO]	 [c1]	Time elapsed:  0.470134  seconds.
[Output]he's called stella astrid occur
[Input]inputType: "string"
inputStream: "714"



[INFO]	 [c1]	 2019-06-09 07:30:34.975716
/container/data/dataset3/recordings/714.wav
at least call stat law ask her to bring the east
[INFO]	 [c1]	 2019-06-09 07:30:35.506266
[INFO]	 [c1]	Time elapsed:  0.53055  seconds.
[Output]at least call stat law ask her to bring the east
[Input]inputType: "string"
inputStream: "790"



[INFO]	 [c1]	 2019-06-09 07:30:35.760486
/container/data/dataset3/recordings/790.wav
these cost to have to bring these things that are
[INFO]	 [c1]	 2019-06-09 07:30:36.454757
[INFO]	 [c1]	Time elapsed:  0.694271  seconds.
[Output]these cost to have to bring these things that are
[Input]inputType: "string"
inputStream: "753"



[INFO]	 [c1]	 2019-06-09 07:30:36.628897
/container/data/dataset3/recordings/753.wav
the schools the stuttering these things
[INFO]	 [c1]	 2019-06-09 07:30:37.271667
[INFO]	 [c1]	Time elapsed:  0.64277  seconds.
[Output]the schools the stuttering these things
[Input]inputType: "string"
inputStream: "764"



[INFO]	 [c1]	 2019-06-09 07:30:37.583463
/container/data/dataset3/recordings/764.wav
she skull still a casket river
[INFO]	 [c1]	 2019-06-09 07:30:37.882280
[INFO]	 [c1]	Time elapsed:  0.298817  seconds.
[Output]she skull still a casket river
[Input]inputType: "string"
inputStream: "723"



[INFO]	 [c1]	 2019-06-09 07:30:38.074930
/container/data/dataset3/recordings/723.wav
the school's ella positively nice
[INFO]	 [c1]	 2019-06-09 07:30:38.724968
[INFO]	 [c1]	Time elapsed:  0.650038  seconds.
[Output]the school's ella positively nice
[Input]inputType: "string"
inputStream: "703"



[INFO]	 [c1]	 2019-06-09 07:30:39.116357
/container/data/dataset3/recordings/703.wav
his own stella after bring these things were confirmed
[INFO]	 [c1]	 2019-06-09 07:30:39.980068
[INFO]	 [c1]	Time elapsed:  0.863711  seconds.
[Output]his own stella after bring these things were confirmed
[Input]inputType: "string"
inputStream: "727"



[INFO]	 [c1]	 2019-06-09 07:30:40.157911
/container/data/dataset3/recordings/727.wav
please call us and good good good
[INFO]	 [c1]	 2019-06-09 07:30:40.845817
[INFO]	 [c1]	Time elapsed:  0.687906  seconds.
[Output]please call us and good good good
[Input]inputType: "string"
inputStream: "784"



[INFO]	 [c1]	 2019-06-09 07:30:41.040353
/container/data/dataset3/recordings/784.wav
please call fellow at the bring the thing
[INFO]	 [c1]	 2019-06-09 07:30:41.530906
[INFO]	 [c1]	Time elapsed:  0.490553  seconds.
[Output]please call fellow at the bring the thing
[Input]inputType: "string"
inputStream: "724"



[INFO]	 [c1]	 2019-06-09 07:30:41.832886
/container/data/dataset3/recordings/724.wav
please help dylan and hit him during the
[INFO]	 [c1]	 2019-06-09 07:30:42.348408
[INFO]	 [c1]	Time elapsed:  0.515522  seconds.
[Output]please help dylan and hit him during the
[Input]inputType: "string"
inputStream: "746"



[INFO]	 [c1]	 2019-06-09 07:30:42.536833
/container/data/dataset3/recordings/746.wav
the schools the best the bring the same
[INFO]	 [c1]	 2019-06-09 07:30:43.223077
[INFO]	 [c1]	Time elapsed:  0.686244  seconds.
[Output]the schools the best the bring the same
[Input]inputType: "string"
inputStream: "778"



[INFO]	 [c1]	 2019-06-09 07:30:43.642774
/container/data/dataset3/recordings/778.wav
nice cold spell it
[INFO]	 [c1]	 2019-06-09 07:30:44.046774
[INFO]	 [c1]	Time elapsed:  0.404  seconds.
[Output]nice cold spell it
[Input]inputType: "string"
inputStream: "771"



[INFO]	 [c1]	 2019-06-09 07:30:44.221531
/container/data/dataset3/recordings/771.wav
to these calls the cost of
[INFO]	 [c1]	 2019-06-09 07:30:44.594005
[INFO]	 [c1]	Time elapsed:  0.372474  seconds.
[Output]to these calls the cost of
[Input]inputType: "string"
inputStream: "759"



[INFO]	 [c1]	 2019-06-09 07:30:44.817589
/container/data/dataset3/recordings/759.wav
these calls still a casket ring
[INFO]	 [c1]	 2019-06-09 07:30:45.346051
[INFO]	 [c1]	Time elapsed:  0.528462  seconds.
[Output]these calls still a casket ring
[Input]inputType: "string"
inputStream: "704"



[INFO]	 [c1]	 2019-06-09 07:30:45.536269
/container/data/dataset3/recordings/704.wav
we are cole allen ask
[INFO]	 [c1]	 2019-06-09 07:30:46.150510
[INFO]	 [c1]	Time elapsed:  0.614241  seconds.
[Output]we are cole allen ask
[Input]inputType: "string"
inputStream: "774"



[INFO]	 [c1]	 2019-06-09 07:30:46.324706
/container/data/dataset3/recordings/774.wav
please call still has to bring these things
[INFO]	 [c1]	 2019-06-09 07:30:46.788806
[INFO]	 [c1]	Time elapsed:  0.4641  seconds.
[Output]please call still has to bring these things
[Input]inputType: "string"
inputStream: "745"



[INFO]	 [c1]	 2019-06-09 07:30:46.973133
/container/data/dataset3/recordings/745.wav
please call bella ask you to bring you
[INFO]	 [c1]	 2019-06-09 07:30:47.440602
[INFO]	 [c1]	Time elapsed:  0.467469  seconds.
[Output]please call bella ask you to bring you
[Input]inputType: "string"
inputStream: "789"



[INFO]	 [c1]	 2019-06-09 07:30:47.621128
/container/data/dataset3/recordings/789.wav
please call spell and ask her to bring these things and
[INFO]	 [c1]	 2019-06-09 07:30:48.145496
[INFO]	 [c1]	Time elapsed:  0.524368  seconds.
[Output]please call spell and ask her to bring these things and
[Input]inputType: "string"
inputStream: "710"



[INFO]	 [c1]	 2019-06-09 07:30:48.322716
/container/data/dataset3/recordings/710.wav
three holes here are
[INFO]	 [c1]	 2019-06-09 07:30:48.795316
[INFO]	 [c1]	Time elapsed:  0.4726  seconds.
[Output]three holes here are
[Input]inputType: "string"
inputStream: "761"



[INFO]	 [c1]	 2019-06-09 07:30:48.967142
/container/data/dataset3/recordings/761.wav
we call that walcott and things like that
[INFO]	 [c1]	 2019-06-09 07:30:50.231854
[INFO]	 [c1]	Time elapsed:  1.264712  seconds.
[Output]we call that walcott and things like that
[Input]inputType: "string"
inputStream: "767"



[INFO]	 [c1]	 2019-06-09 07:30:50.423964
/container/data/dataset3/recordings/767.wav
please off that at the in things
[INFO]	 [c1]	 2019-06-09 07:30:51.298544
[INFO]	 [c1]	Time elapsed:  0.87458  seconds.
[Output]please off that at the in things
[Input]inputType: "string"
inputStream: "747"



[INFO]	 [c1]	 2019-06-09 07:30:51.540097
/container/data/dataset3/recordings/747.wav
please call to ask her to bring
[INFO]	 [c1]	 2019-06-09 07:30:52.048841
[INFO]	 [c1]	Time elapsed:  0.508744  seconds.
[Output]please call to ask her to bring
[Input]inputType: "string"
inputStream: "721"



[INFO]	 [c1]	 2019-06-09 07:30:52.232503
/container/data/dataset3/recordings/721.wav
he's close to
[INFO]	 [c1]	 2019-06-09 07:30:52.543569
[INFO]	 [c1]	Time elapsed:  0.311066  seconds.
[Output]he's close to
[Input]inputType: "string"
inputStream: "740"



[INFO]	 [c1]	 2019-06-09 07:30:52.830179
/container/data/dataset3/recordings/740.wav
we will go entered ring
[INFO]	 [c1]	 2019-06-09 07:30:53.364319
[INFO]	 [c1]	Time elapsed:  0.53414  seconds.
[Output]we will go entered ring
[Input]inputType: "string"
inputStream: "712"



[INFO]	 [c1]	 2019-06-09 07:30:53.546072
/container/data/dataset3/recordings/712.wav
please call still after bring these things over
[INFO]	 [c1]	 2019-06-09 07:30:54.019910
[INFO]	 [c1]	Time elapsed:  0.473838  seconds.
[Output]please call still after bring these things over
[Input]inputType: "string"
inputStream: "791"



[INFO]	 [c1]	 2019-06-09 07:30:54.207060
/container/data/dataset3/recordings/791.wav
the these calls them astrid timber
[INFO]	 [c1]	 2019-06-09 07:30:55.423856
[INFO]	 [c1]	Time elapsed:  1.216796  seconds.
[Output]the these calls them astrid timber
[Input]inputType: "string"
inputStream: "786"



[INFO]	 [c1]	 2019-06-09 07:30:55.675623
/container/data/dataset3/recordings/786.wav
please calm down and
[INFO]	 [c1]	 2019-06-09 07:30:55.936269
[INFO]	 [c1]	Time elapsed:  0.260646  seconds.
[Output]please calm down and
[Input]inputType: "string"
inputStream: "772"



[INFO]	 [c1]	 2019-06-09 07:30:56.108900
/container/data/dataset3/recordings/772.wav
please call still on to ask
[INFO]	 [c1]	 2019-06-09 07:30:56.535971
[INFO]	 [c1]	Time elapsed:  0.427071  seconds.
[Output]please call still on to ask
[Input]inputType: "string"
inputStream: "750"



[INFO]	 [c1]	 2019-06-09 07:30:56.707499
/container/data/dataset3/recordings/750.wav
dreams cole's the island
[INFO]	 [c1]	 2019-06-09 07:30:57.043893
[INFO]	 [c1]	Time elapsed:  0.336394  seconds.
[Output]dreams cole's the island
[Input]inputType: "string"
inputStream: "716"



[INFO]	 [c1]	 2019-06-09 07:30:57.418041
/container/data/dataset3/recordings/716.wav
please call stella after having these things
[INFO]	 [c1]	 2019-06-09 07:30:58.210443
[INFO]	 [c1]	Time elapsed:  0.792402  seconds.
[Output]please call stella after having these things
[Input]inputType: "string"
inputStream: "766"



[INFO]	 [c1]	 2019-06-09 07:30:58.399526
/container/data/dataset3/recordings/766.wav
he's going to interrupt
[INFO]	 [c1]	 2019-06-09 07:30:58.769435
[INFO]	 [c1]	Time elapsed:  0.369909  seconds.
[Output]he's going to interrupt
[Input]inputType: "string"
inputStream: "760"



[INFO]	 [c1]	 2019-06-09 07:30:59.062604
/container/data/dataset3/recordings/760.wav
these are the at an eighty days
[INFO]	 [c1]	 2019-06-09 07:31:00.096614
[INFO]	 [c1]	Time elapsed:  1.03401  seconds.
[Output]these are the at an eighty days
[Input]inputType: "string"
inputStream: "758"



[INFO]	 [c1]	 2019-06-09 07:31:00.344477
/container/data/dataset3/recordings/758.wav
to these calls the oscar to bring me
[INFO]	 [c1]	 2019-06-09 07:31:00.839223
[INFO]	 [c1]	Time elapsed:  0.494746  seconds.
[Output]to these calls the oscar to bring me
[Input]inputType: "string"
inputStream: "763"



[INFO]	 [c1]	 2019-06-09 07:31:01.065008
/container/data/dataset3/recordings/763.wav
say it off the
[INFO]	 [c1]	 2019-06-09 07:31:01.386627
[INFO]	 [c1]	Time elapsed:  0.321619  seconds.
[Output]say it off the
[Input]inputType: "string"
inputStream: "715"



[INFO]	 [c1]	 2019-06-09 07:31:01.557538
/container/data/dataset3/recordings/715.wav
please call stella ask
[INFO]	 [c1]	 2019-06-09 07:31:01.938255
[INFO]	 [c1]	Time elapsed:  0.380717  seconds.
[Output]please call stella ask
[Input]inputType: "string"
inputStream: "780"



[INFO]	 [c1]	 2019-06-09 07:31:02.116196
/container/data/dataset3/recordings/780.wav
can he call general
[INFO]	 [c1]	 2019-06-09 07:31:02.626031
[INFO]	 [c1]	Time elapsed:  0.509835  seconds.
[Output]can he call general
[Input]inputType: "string"
inputStream: "730"



[INFO]	 [c1]	 2019-06-09 07:31:02.807678
/container/data/dataset3/recordings/730.wav
please call stella after getting to
[INFO]	 [c1]	 2019-06-09 07:31:03.413358
[INFO]	 [c1]	Time elapsed:  0.60568  seconds.
[Output]please call stella after getting to
[Input]inputType: "string"
inputStream: "728"



[INFO]	 [c1]	 2019-06-09 07:31:03.583917
/container/data/dataset3/recordings/728.wav
please call fella action
[INFO]	 [c1]	 2019-06-09 07:31:03.981664
[INFO]	 [c1]	Time elapsed:  0.397747  seconds.
[Output]please call fella action
[Input]inputType: "string"
inputStream: "717"



[INFO]	 [c1]	 2019-06-09 07:31:04.182098
/container/data/dataset3/recordings/717.wav
these call go after the ring
[INFO]	 [c1]	 2019-06-09 07:31:04.764663
[INFO]	 [c1]	Time elapsed:  0.582565  seconds.
[Output]these call go after the ring
[Input]inputType: "string"
inputStream: "705"



[INFO]	 [c1]	 2019-06-09 07:31:05.006604
/container/data/dataset3/recordings/705.wav
to influence them and at
[INFO]	 [c1]	 2019-06-09 07:31:05.693138
[INFO]	 [c1]	Time elapsed:  0.686534  seconds.
[Output]to influence them and at
[Input]inputType: "string"
inputStream: "781"



[INFO]	 [c1]	 2019-06-09 07:31:05.857499
/container/data/dataset3/recordings/781.wav
please call stella ask it of green
[INFO]	 [c1]	 2019-06-09 07:31:06.381754
[INFO]	 [c1]	Time elapsed:  0.524255  seconds.
[Output]please call stella ask it of green
[Input]inputType: "string"
inputStream: "765"



[INFO]	 [c1]	 2019-06-09 07:31:06.570622
/container/data/dataset3/recordings/765.wav
the school stella after numbering the thing
[INFO]	 [c1]	 2019-06-09 07:31:07.096400
[INFO]	 [c1]	Time elapsed:  0.525778  seconds.
[Output]the school stella after numbering the thing
[Input]inputType: "string"
inputStream: "773"



[INFO]	 [c1]	 2019-06-09 07:31:07.404346
/container/data/dataset3/recordings/773.wav
please call the law as the ring
[INFO]	 [c1]	 2019-06-09 07:31:07.927618
[INFO]	 [c1]	Time elapsed:  0.523272  seconds.
[Output]please call the law as the ring
[Input]inputType: "string"
inputStream: "755"



[INFO]	 [c1]	 2019-06-09 07:31:08.228325
/container/data/dataset3/recordings/755.wav
the east coast and the
[INFO]	 [c1]	 2019-06-09 07:31:08.968973
[INFO]	 [c1]	Time elapsed:  0.740648  seconds.
[Output]the east coast and the
[Input]inputType: "string"
inputStream: "719"



[INFO]	 [c1]	 2019-06-09 07:31:09.199822
/container/data/dataset3/recordings/719.wav
we've called all after grungy me
[INFO]	 [c1]	 2019-06-09 07:31:09.580535
[INFO]	 [c1]	Time elapsed:  0.380713  seconds.
[Output]we've called all after grungy me
[Input]inputType: "string"
inputStream: "732"



[INFO]	 [c1]	 2019-06-09 07:31:09.905457
/container/data/dataset3/recordings/732.wav
these calls a casket attorneys been good
[INFO]	 [c1]	 2019-06-09 07:31:10.728997
[INFO]	 [c1]	Time elapsed:  0.82354  seconds.
[Output]these calls a casket attorneys been good
[Input]inputType: "string"
inputStream: "748"



[INFO]	 [c1]	 2019-06-09 07:31:10.920314
/container/data/dataset3/recordings/748.wav
please call the you hurry these things
[INFO]	 [c1]	 2019-06-09 07:31:11.773812
[INFO]	 [c1]	Time elapsed:  0.853498  seconds.
[Output]please call the you hurry these things
[Input]inputType: "string"
inputStream: "722"



[INFO]	 [c1]	 2019-06-09 07:31:12.019092
/container/data/dataset3/recordings/722.wav
please call stale a bastard of brain
[INFO]	 [c1]	 2019-06-09 07:31:12.476568
[INFO]	 [c1]	Time elapsed:  0.457476  seconds.
[Output]please call stale a bastard of brain
[Input]inputType: "string"
inputStream: "787"



[INFO]	 [c1]	 2019-06-09 07:31:12.682629
/container/data/dataset3/recordings/787.wav
please cold spell will ask river
[INFO]	 [c1]	 2019-06-09 07:31:13.014796
[INFO]	 [c1]	Time elapsed:  0.332167  seconds.
[Output]please cold spell will ask river
[Input]inputType: "string"
inputStream: "734"



[INFO]	 [c1]	 2019-06-09 07:31:13.200919
/container/data/dataset3/recordings/734.wav
please call still a ashford or bring these
[INFO]	 [c1]	 2019-06-09 07:31:13.649857
[INFO]	 [c1]	Time elapsed:  0.448938  seconds.
[Output]please call still a ashford or bring these
[Input]inputType: "string"
inputStream: "775"



[INFO]	 [c1]	 2019-06-09 07:31:13.844718
/container/data/dataset3/recordings/775.wav
please go and still yes
[INFO]	 [c1]	 2019-06-09 07:31:14.348266
[INFO]	 [c1]	Time elapsed:  0.503548  seconds.
[Output]please go and still yes
[Input]inputType: "string"
inputStream: "713"



[INFO]	 [c1]	 2019-06-09 07:31:14.520013
/container/data/dataset3/recordings/713.wav
please all fellow cars
[INFO]	 [c1]	 2019-06-09 07:31:14.955151
[INFO]	 [c1]	Time elapsed:  0.435138  seconds.
[Output]please all fellow cars
[Input]inputType: "string"
inputStream: "731"



[INFO]	 [c1]	 2019-06-09 07:31:15.139382
/container/data/dataset3/recordings/731.wav
please call still constructive
[INFO]	 [c1]	 2019-06-09 07:31:15.532587
[INFO]	 [c1]	Time elapsed:  0.393205  seconds.
[Output]please call still constructive
[Input]inputType: "string"
inputStream: "735"



[INFO]	 [c1]	 2019-06-09 07:31:15.696428
/container/data/dataset3/recordings/735.wav
these calls della ask her degree
[INFO]	 [c1]	 2019-06-09 07:31:16.281353
[INFO]	 [c1]	Time elapsed:  0.584925  seconds.
[Output]these calls della ask her degree
[Input]inputType: "string"
inputStream: "754"



[INFO]	 [c1]	 2019-06-09 07:31:16.469602
/container/data/dataset3/recordings/754.wav
we also asked her
[INFO]	 [c1]	 2019-06-09 07:31:16.906447
[INFO]	 [c1]	Time elapsed:  0.436845  seconds.
[Output]we also asked her
[Input]inputType: "string"
inputStream: "785"



[INFO]	 [c1]	 2019-06-09 07:31:17.078085
/container/data/dataset3/recordings/785.wav
these polls ally asking agree me
[INFO]	 [c1]	 2019-06-09 07:31:17.563508
[INFO]	 [c1]	Time elapsed:  0.485423  seconds.
[Output]these polls ally asking agree me
[Input]inputType: "string"
inputStream: "739"



[INFO]	 [c1]	 2019-06-09 07:31:17.730818
/container/data/dataset3/recordings/739.wav
these call stella after during these things were
[INFO]	 [c1]	 2019-06-09 07:31:18.234388
[INFO]	 [c1]	Time elapsed:  0.50357  seconds.
[Output]these call stella after during these things were
[Input]inputType: "string"
inputStream: "752"



[INFO]	 [c1]	 2019-06-09 07:31:18.422557
/container/data/dataset3/recordings/752.wav
please call the anson rainey
[INFO]	 [c1]	 2019-06-09 07:31:18.756746
[INFO]	 [c1]	Time elapsed:  0.334189  seconds.
[Output]please call the anson rainey
[Input]inputType: "string"
inputStream: "779"



[INFO]	 [c1]	 2019-06-09 07:31:19.006922
/container/data/dataset3/recordings/779.wav
the cost on the green the english
[INFO]	 [c1]	 2019-06-09 07:31:19.789003
[INFO]	 [c1]	Time elapsed:  0.782081  seconds.
[Output]the cost on the green the english
[Input]inputType: "string"
inputStream: "725"



[INFO]	 [c1]	 2019-06-09 07:31:20.146490
/container/data/dataset3/recordings/725.wav
please call ella afternoon brains
[INFO]	 [c1]	 2019-06-09 07:31:20.620465
[INFO]	 [c1]	Time elapsed:  0.473975  seconds.
[Output]please call ella afternoon brains
[Input]inputType: "string"
inputStream: "729"



[INFO]	 [c1]	 2019-06-09 07:31:20.812651
/container/data/dataset3/recordings/729.wav
please tell stella after giving these things of that
[INFO]	 [c1]	 2019-06-09 07:31:21.458858
[INFO]	 [c1]	Time elapsed:  0.646207  seconds.
[Output]please tell stella after giving these things of that
[Input]inputType: "string"
inputStream: "701"



[INFO]	 [c1]	 2019-06-09 07:31:21.650145
/container/data/dataset3/recordings/701.wav
these are content content to bring the new
[INFO]	 [c1]	 2019-06-09 07:31:22.614260
[INFO]	 [c1]	Time elapsed:  0.964115  seconds.
[Output]these are content content to bring the new
[Input]inputType: "string"
inputStream: "743"



[INFO]	 [c1]	 2019-06-09 07:31:22.846486
/container/data/dataset3/recordings/743.wav
he's close to and ring extinction hundred
[INFO]	 [c1]	 2019-06-09 07:31:23.424454
[INFO]	 [c1]	Time elapsed:  0.577968  seconds.
[Output]he's close to and ring extinction hundred
[Input]inputType: "string"
inputStream: "770"



[INFO]	 [c1]	 2019-06-09 07:31:23.731782
/container/data/dataset3/recordings/770.wav
please call stella after bring me
[INFO]	 [c1]	 2019-06-09 07:31:24.185848
[INFO]	 [c1]	Time elapsed:  0.454066  seconds.
[Output]please call stella after bring me
[Input]inputType: "string"
inputStream: "736"



[INFO]	 [c1]	 2019-06-09 07:31:24.358281
/container/data/dataset3/recordings/736.wav
to the polls will i've heard every new
[INFO]	 [c1]	 2019-06-09 07:31:25.080663
[INFO]	 [c1]	Time elapsed:  0.722382  seconds.
[Output]to the polls will i've heard every new
[Input]inputType: "string"
inputStream: "742"



[INFO]	 [c1]	 2019-06-09 07:31:25.435367
/container/data/dataset3/recordings/742.wav
sweet off the anchor to bring me
[INFO]	 [c1]	 2019-06-09 07:31:26.118553
[INFO]	 [c1]	Time elapsed:  0.683186  seconds.
[Output]sweet off the anchor to bring me
[Input]inputType: "string"
inputStream: "700"



[INFO]	 [c1]	 2019-06-09 07:31:26.345781
/container/data/dataset3/recordings/700.wav
we've got to pass it ring the city
[INFO]	 [c1]	 2019-06-09 07:31:27.218584
[INFO]	 [c1]	Time elapsed:  0.872803  seconds.
[Output]we've got to pass it ring the city
[Input]inputType: "string"
inputStream: "777"



[INFO]	 [c1]	 2019-06-09 07:31:27.594624
/container/data/dataset3/recordings/777.wav
please hold still a opted to bring
[INFO]	 [c1]	 2019-06-09 07:31:28.155009
[INFO]	 [c1]	Time elapsed:  0.560385  seconds.
[Output]please hold still a opted to bring
[Input]inputType: "string"
inputStream: "718"



[INFO]	 [c1]	 2019-06-09 07:31:28.342343
/container/data/dataset3/recordings/718.wav
please call them we'll ask her to bring
[INFO]	 [c1]	 2019-06-09 07:31:28.740084
[INFO]	 [c1]	Time elapsed:  0.397741  seconds.
[Output]please call them we'll ask her to bring
[Input]inputType: "string"
inputStream: "738"



[INFO]	 [c1]	 2019-06-09 07:31:29.058407
/container/data/dataset3/recordings/738.wav
please call still a basket of bernice
[INFO]	 [c1]	 2019-06-09 07:31:29.479690
[INFO]	 [c1]	Time elapsed:  0.421283  seconds.
[Output]please call still a basket of bernice
[Input]inputType: "string"
inputStream: "794"



[INFO]	 [c1]	 2019-06-09 07:31:29.664639
/container/data/dataset3/recordings/794.wav
please call svehla our vision thing
[INFO]	 [c1]	 2019-06-09 07:31:30.549235
[INFO]	 [c1]	Time elapsed:  0.884596  seconds.
[Output]please call svehla our vision thing
[Input]inputType: "string"
inputStream: "720"



[INFO]	 [c1]	 2019-06-09 07:31:30.772960
/container/data/dataset3/recordings/720.wav
please all lou waters were
[INFO]	 [c1]	 2019-06-09 07:31:31.303674
[INFO]	 [c1]	Time elapsed:  0.530714  seconds.
[Output]please all lou waters were
[Input]inputType: "string"
inputStream: "783"



[INFO]	 [c1]	 2019-06-09 07:31:31.490698
/container/data/dataset3/recordings/783.wav
please call stella ask
[INFO]	 [c1]	 2019-06-09 07:31:31.803168
[INFO]	 [c1]	Time elapsed:  0.31247  seconds.
[Output]please call stella ask
[Input]inputType: "string"
inputStream: "776"



[INFO]	 [c1]	 2019-06-09 07:31:31.982428
/container/data/dataset3/recordings/776.wav
please call stella ask her to bring me
[INFO]	 [c1]	 2019-06-09 07:31:32.491008
[INFO]	 [c1]	Time elapsed:  0.50858  seconds.
[Output]please call stella ask her to bring me
[Input]inputType: "string"
inputStream: "702"



[INFO]	 [c1]	 2019-06-09 07:31:32.662963
/container/data/dataset3/recordings/702.wav
please calls the asking of bring me
[INFO]	 [c1]	 2019-06-09 07:31:33.135435
[INFO]	 [c1]	Time elapsed:  0.472472  seconds.
[Output]please calls the asking of bring me
[Input]inputType: "string"
inputStream: "788"



[INFO]	 [c1]	 2019-06-09 07:31:33.360328
/container/data/dataset3/recordings/788.wav
we call the pastor greenleaf
[INFO]	 [c1]	 2019-06-09 07:31:34.038177
[INFO]	 [c1]	Time elapsed:  0.677849  seconds.
[Output]we call the pastor greenleaf
[Input]inputType: "string"
inputStream: "792"



[INFO]	 [c1]	 2019-06-09 07:31:34.270860
/container/data/dataset3/recordings/792.wav
please call stella s. courage bring these things were
[INFO]	 [c1]	 2019-06-09 07:31:34.674102
[INFO]	 [c1]	Time elapsed:  0.403242  seconds.
[Output]please call stella s. courage bring these things were
[Input]inputType: "string"
inputStream: "706"



[INFO]	 [c1]	 2019-06-09 07:31:34.868533
/container/data/dataset3/recordings/706.wav
please call the law ask than we need
[INFO]	 [c1]	 2019-06-09 07:31:35.407806
[INFO]	 [c1]	Time elapsed:  0.539273  seconds.
[Output]please call the law ask than we need
[Input]inputType: "string"
inputStream: "709"



[INFO]	 [c1]	 2019-06-09 07:31:35.652780
/container/data/dataset3/recordings/709.wav
please house l. o. and her three nice thing
[INFO]	 [c1]	 2019-06-09 07:31:36.261077
[INFO]	 [c1]	Time elapsed:  0.608297  seconds.
[Output]please house l. o. and her three nice thing
[Input]inputType: "string"
inputStream: "749"



[INFO]	 [c1]	 2019-06-09 07:31:36.581147
/container/data/dataset3/recordings/749.wav
please call bella after two
[INFO]	 [c1]	 2019-06-09 07:31:37.048164
[INFO]	 [c1]	Time elapsed:  0.467017  seconds.
[Output]please call bella after two
[Input]inputType: "string"
inputStream: "726"



[INFO]	 [c1]	 2019-06-09 07:31:37.226635
/container/data/dataset3/recordings/726.wav
please call the after you bring me
[INFO]	 [c1]	 2019-06-09 07:31:37.825170
[INFO]	 [c1]	Time elapsed:  0.598535  seconds.
[Output]please call the after you bring me
[Input]inputType: "string"
inputStream: "708"



[INFO]	 [c1]	 2019-06-09 07:31:38.050645
/container/data/dataset3/recordings/708.wav
the school stella after entering
[INFO]	 [c1]	 2019-06-09 07:31:38.616242
[INFO]	 [c1]	Time elapsed:  0.565597  seconds.
[Output]the school stella after entering
[Input]inputType: "string"
inputStream: "756"



[INFO]	 [c1]	 2019-06-09 07:31:38.855342
/container/data/dataset3/recordings/756.wav
