Model Server Started -- c2
[Input]inputType: "string"
inputStream: "he\'s called stella astrid occur"



[INFO]	 [c2]	 2019-06-09 07:30:34.136963
[INFO]	 [c2]	 2019-06-09 07:30:34.147397
[INFO]	 [c2]	Time elapsed:  0.010434  seconds.
[Output]he's called stella astrid occur,
[Input]inputType: "string"
inputStream: "at least call stat law ask her to bring the east"



[INFO]	 [c2]	 2019-06-09 07:30:35.507566
[INFO]	 [c2]	 2019-06-09 07:30:35.517775
[INFO]	 [c2]	Time elapsed:  0.010209  seconds.
[Output]at least call stat law ask her to bring the east,
[Input]inputType: "string"
inputStream: "these cost to have to bring these things that are"



[INFO]	 [c2]	 2019-06-09 07:30:36.456092
[INFO]	 [c2]	 2019-06-09 07:30:36.465075
[INFO]	 [c2]	Time elapsed:  0.008983  seconds.
[Output]these cost to have to bring these things that are,
[Input]inputType: "string"
inputStream: "the schools the stuttering these things"



[INFO]	 [c2]	 2019-06-09 07:30:37.272947
[INFO]	 [c2]	 2019-06-09 07:30:37.281373
[INFO]	 [c2]	Time elapsed:  0.008426  seconds.
[Output]the schools the stuttering these things,
[Input]inputType: "string"
inputStream: "she skull still a casket river"



[INFO]	 [c2]	 2019-06-09 07:30:37.883506
[INFO]	 [c2]	 2019-06-09 07:30:37.892097
[INFO]	 [c2]	Time elapsed:  0.008591  seconds.
[Output]she skull still a casket river,
[Input]inputType: "string"
inputStream: "the school\'s ella positively nice"



[INFO]	 [c2]	 2019-06-09 07:30:38.726265
[INFO]	 [c2]	 2019-06-09 07:30:38.734824
[INFO]	 [c2]	Time elapsed:  0.008559  seconds.
[Output]the school's ella positively nice,
[Input]inputType: "string"
inputStream: "his own stella after bring these things were confirmed"



[INFO]	 [c2]	 2019-06-09 07:30:39.981402
[INFO]	 [c2]	 2019-06-09 07:30:39.990495
[INFO]	 [c2]	Time elapsed:  0.009093  seconds.
[Output]his own stella after bring these things were confirmed,
[Input]inputType: "string"
inputStream: "please call us and good good good"



[INFO]	 [c2]	 2019-06-09 07:30:40.847186
[INFO]	 [c2]	 2019-06-09 07:30:40.855847
[INFO]	 [c2]	Time elapsed:  0.008661  seconds.
[Output]please call us and good good good,
[Input]inputType: "string"
inputStream: "please call fellow at the bring the thing"



[INFO]	 [c2]	 2019-06-09 07:30:41.532173
[INFO]	 [c2]	 2019-06-09 07:30:41.540633
[INFO]	 [c2]	Time elapsed:  0.00846  seconds.
[Output]please call fellow at the bring the thing,
[Input]inputType: "string"
inputStream: "please help dylan and hit him during the"



[INFO]	 [c2]	 2019-06-09 07:30:42.349699
[INFO]	 [c2]	 2019-06-09 07:30:42.358502
[INFO]	 [c2]	Time elapsed:  0.008803  seconds.
[Output]please help dylan and hit him during the,
[Input]inputType: "string"
inputStream: "the schools the best the bring the same"



[INFO]	 [c2]	 2019-06-09 07:30:43.224475
[INFO]	 [c2]	 2019-06-09 07:30:43.232947
[INFO]	 [c2]	Time elapsed:  0.008472  seconds.
[Output]the schools the best the bring the same,
[Input]inputType: "string"
inputStream: "nice cold spell it"



[INFO]	 [c2]	 2019-06-09 07:30:44.047960
[INFO]	 [c2]	 2019-06-09 07:30:44.056920
[INFO]	 [c2]	Time elapsed:  0.00896  seconds.
[Output]nice cold spell it,
[Input]inputType: "string"
inputStream: "to these calls the cost of"



[INFO]	 [c2]	 2019-06-09 07:30:44.595263
[INFO]	 [c2]	 2019-06-09 07:30:44.603554
[INFO]	 [c2]	Time elapsed:  0.008291  seconds.
[Output]to these calls the cost of,
[Input]inputType: "string"
inputStream: "these calls still a casket ring"



[INFO]	 [c2]	 2019-06-09 07:30:45.347300
[INFO]	 [c2]	 2019-06-09 07:30:45.355713
[INFO]	 [c2]	Time elapsed:  0.008413  seconds.
[Output]these calls still a casket ring,
[Input]inputType: "string"
inputStream: "we are cole allen ask"



[INFO]	 [c2]	 2019-06-09 07:30:46.151843
[INFO]	 [c2]	 2019-06-09 07:30:46.160099
[INFO]	 [c2]	Time elapsed:  0.008256  seconds.
[Output]we are cole allen ask,
[Input]inputType: "string"
inputStream: "please call still has to bring these things"



[INFO]	 [c2]	 2019-06-09 07:30:46.790042
[INFO]	 [c2]	 2019-06-09 07:30:46.799489
[INFO]	 [c2]	Time elapsed:  0.009447  seconds.
[Output]please call still has to bring these things,
[Input]inputType: "string"
inputStream: "please call bella ask you to bring you"



[INFO]	 [c2]	 2019-06-09 07:30:47.441824
[INFO]	 [c2]	 2019-06-09 07:30:47.450326
[INFO]	 [c2]	Time elapsed:  0.008502  seconds.
[Output]please call bella ask you to bring you,
[Input]inputType: "string"
inputStream: "please call spell and ask her to bring these things and"



[INFO]	 [c2]	 2019-06-09 07:30:48.146731
[INFO]	 [c2]	 2019-06-09 07:30:48.155749
[INFO]	 [c2]	Time elapsed:  0.009018  seconds.
[Output]please call spell and ask her to bring these things and,
[Input]inputType: "string"
inputStream: "three holes here are"



[INFO]	 [c2]	 2019-06-09 07:30:48.796507
[INFO]	 [c2]	 2019-06-09 07:30:48.804433
[INFO]	 [c2]	Time elapsed:  0.007926  seconds.
[Output]three holes here are,
[Input]inputType: "string"
inputStream: "we call that walcott and things like that"



[INFO]	 [c2]	 2019-06-09 07:30:50.233241
[INFO]	 [c2]	 2019-06-09 07:30:50.241913
[INFO]	 [c2]	Time elapsed:  0.008672  seconds.
[Output]we call that walcott and things like that,
[Input]inputType: "string"
inputStream: "please off that at the in things"



[INFO]	 [c2]	 2019-06-09 07:30:51.299865
[INFO]	 [c2]	 2019-06-09 07:30:51.308290
[INFO]	 [c2]	Time elapsed:  0.008425  seconds.
[Output]please off that at the in things,
[Input]inputType: "string"
inputStream: "please call to ask her to bring"



[INFO]	 [c2]	 2019-06-09 07:30:52.050123
[INFO]	 [c2]	 2019-06-09 07:30:52.058516
[INFO]	 [c2]	Time elapsed:  0.008393  seconds.
[Output]please call to ask her to bring,
[Input]inputType: "string"
inputStream: "he\'s close to"



[INFO]	 [c2]	 2019-06-09 07:30:52.544699
[INFO]	 [c2]	 2019-06-09 07:30:52.552487
[INFO]	 [c2]	Time elapsed:  0.007788  seconds.
[Output]he's close to,
[Input]inputType: "string"
inputStream: "we will go entered ring"



[INFO]	 [c2]	 2019-06-09 07:30:53.365534
[INFO]	 [c2]	 2019-06-09 07:30:53.373946
[INFO]	 [c2]	Time elapsed:  0.008412  seconds.
[Output]we will go entered ring,
[Input]inputType: "string"
inputStream: "please call still after bring these things over"



[INFO]	 [c2]	 2019-06-09 07:30:54.021206
[INFO]	 [c2]	 2019-06-09 07:30:54.029670
[INFO]	 [c2]	Time elapsed:  0.008464  seconds.
[Output]please call still after bring these things over,
[Input]inputType: "string"
inputStream: "the these calls them astrid timber"



[INFO]	 [c2]	 2019-06-09 07:30:55.425192
[INFO]	 [c2]	 2019-06-09 07:30:55.433704
[INFO]	 [c2]	Time elapsed:  0.008512  seconds.
[Output]the these calls them astrid timber,
[Input]inputType: "string"
inputStream: "please calm down and"



[INFO]	 [c2]	 2019-06-09 07:30:55.937413
[INFO]	 [c2]	 2019-06-09 07:30:55.945226
[INFO]	 [c2]	Time elapsed:  0.007813  seconds.
[Output]please calm down and,
[Input]inputType: "string"
inputStream: "please call still on to ask"



[INFO]	 [c2]	 2019-06-09 07:30:56.537127
[INFO]	 [c2]	 2019-06-09 07:30:56.545511
[INFO]	 [c2]	Time elapsed:  0.008384  seconds.
[Output]please call still on to ask,
[Input]inputType: "string"
inputStream: "dreams cole\'s the island"



[INFO]	 [c2]	 2019-06-09 07:30:57.045071
[INFO]	 [c2]	 2019-06-09 07:30:57.053280
[INFO]	 [c2]	Time elapsed:  0.008209  seconds.
[Output]dreams cole's the island,
[Input]inputType: "string"
inputStream: "please call stella after having these things"



[INFO]	 [c2]	 2019-06-09 07:30:58.211718
[INFO]	 [c2]	 2019-06-09 07:30:58.220241
[INFO]	 [c2]	Time elapsed:  0.008523  seconds.
[Output]please call stella after having these things,
[Input]inputType: "string"
inputStream: "he\'s going to interrupt"



[INFO]	 [c2]	 2019-06-09 07:30:58.770676
[INFO]	 [c2]	 2019-06-09 07:30:58.778932
[INFO]	 [c2]	Time elapsed:  0.008256  seconds.
[Output]he's going to interrupt,
[Input]inputType: "string"
inputStream: "these are the at an eighty days"



[INFO]	 [c2]	 2019-06-09 07:31:00.097980
[INFO]	 [c2]	 2019-06-09 07:31:00.107706
[INFO]	 [c2]	Time elapsed:  0.009726  seconds.
[Output]these are the at an eighty days,
[Input]inputType: "string"
inputStream: "to these calls the oscar to bring me"



[INFO]	 [c2]	 2019-06-09 07:31:00.840499
[INFO]	 [c2]	 2019-06-09 07:31:00.849128
[INFO]	 [c2]	Time elapsed:  0.008629  seconds.
[Output]to these calls the oscar to bring me,
[Input]inputType: "string"
inputStream: "say it off the"



[INFO]	 [c2]	 2019-06-09 07:31:01.387755
[INFO]	 [c2]	 2019-06-09 07:31:01.396589
[INFO]	 [c2]	Time elapsed:  0.008834  seconds.
[Output]say it off the,
[Input]inputType: "string"
inputStream: "please call stella ask"



[INFO]	 [c2]	 2019-06-09 07:31:01.939664
[INFO]	 [c2]	 2019-06-09 07:31:01.947349
[INFO]	 [c2]	Time elapsed:  0.007685  seconds.
[Output]please call stella ask,
[Input]inputType: "string"
inputStream: "can he call general"



[INFO]	 [c2]	 2019-06-09 07:31:02.627422
[INFO]	 [c2]	 2019-06-09 07:31:02.635574
[INFO]	 [c2]	Time elapsed:  0.008152  seconds.
[Output]can he call general,
[Input]inputType: "string"
inputStream: "please call stella after getting to"



[INFO]	 [c2]	 2019-06-09 07:31:03.414544
[INFO]	 [c2]	 2019-06-09 07:31:03.422740
[INFO]	 [c2]	Time elapsed:  0.008196  seconds.
[Output]please call stella after getting to,
[Input]inputType: "string"
inputStream: "please call fella action"



[INFO]	 [c2]	 2019-06-09 07:31:03.982840
[INFO]	 [c2]	 2019-06-09 07:31:03.990818
[INFO]	 [c2]	Time elapsed:  0.007978  seconds.
[Output]please call fella action,
[Input]inputType: "string"
inputStream: "these call go after the ring"



[INFO]	 [c2]	 2019-06-09 07:31:04.765879
[INFO]	 [c2]	 2019-06-09 07:31:04.773922
[INFO]	 [c2]	Time elapsed:  0.008043  seconds.
[Output]these call go after the ring,
[Input]inputType: "string"
inputStream: "to influence them and at"



[INFO]	 [c2]	 2019-06-09 07:31:05.694413
[INFO]	 [c2]	 2019-06-09 07:31:05.702832
[INFO]	 [c2]	Time elapsed:  0.008419  seconds.
[Output]to influence them and at,
[Input]inputType: "string"
inputStream: "please call stella ask it of green"



[INFO]	 [c2]	 2019-06-09 07:31:06.382974
[INFO]	 [c2]	 2019-06-09 07:31:06.391321
[INFO]	 [c2]	Time elapsed:  0.008347  seconds.
[Output]please call stella ask it of green,
[Input]inputType: "string"
inputStream: "the school stella after numbering the thing"



[INFO]	 [c2]	 2019-06-09 07:31:07.097618
[INFO]	 [c2]	 2019-06-09 07:31:07.106228
[INFO]	 [c2]	Time elapsed:  0.00861  seconds.
[Output]the school stella after numbering the thing,
[Input]inputType: "string"
inputStream: "please call the law as the ring"



[INFO]	 [c2]	 2019-06-09 07:31:07.928747
[INFO]	 [c2]	 2019-06-09 07:31:07.937044
[INFO]	 [c2]	Time elapsed:  0.008297  seconds.
[Output]please call the law as the ring,
[Input]inputType: "string"
inputStream: "the east coast and the"



[INFO]	 [c2]	 2019-06-09 07:31:08.970246
[INFO]	 [c2]	 2019-06-09 07:31:08.979521
[INFO]	 [c2]	Time elapsed:  0.009275  seconds.
[Output]the east coast and the,
[Input]inputType: "string"
inputStream: "we\'ve called all after grungy me"



[INFO]	 [c2]	 2019-06-09 07:31:09.581797
[INFO]	 [c2]	 2019-06-09 07:31:09.590238
[INFO]	 [c2]	Time elapsed:  0.008441  seconds.
[Output]we've called all after grungy me,
[Input]inputType: "string"
inputStream: "these calls a casket attorneys been good"



[INFO]	 [c2]	 2019-06-09 07:31:10.730286
[INFO]	 [c2]	 2019-06-09 07:31:10.738945
[INFO]	 [c2]	Time elapsed:  0.008659  seconds.
[Output]these calls a casket attorneys been good,
[Input]inputType: "string"
inputStream: "please call the you hurry these things"



[INFO]	 [c2]	 2019-06-09 07:31:11.775171
[INFO]	 [c2]	 2019-06-09 07:31:11.783604
[INFO]	 [c2]	Time elapsed:  0.008433  seconds.
[Output]please call the you hurry these things,
[Input]inputType: "string"
inputStream: "please call stale a bastard of brain"



[INFO]	 [c2]	 2019-06-09 07:31:12.477723
[INFO]	 [c2]	 2019-06-09 07:31:12.486383
[INFO]	 [c2]	Time elapsed:  0.00866  seconds.
[Output]please call stale a bastard of brain,
[Input]inputType: "string"
inputStream: "please cold spell will ask river"



[INFO]	 [c2]	 2019-06-09 07:31:13.016133
[INFO]	 [c2]	 2019-06-09 07:31:13.024250
[INFO]	 [c2]	Time elapsed:  0.008117  seconds.
[Output]please cold spell will ask river,
[Input]inputType: "string"
inputStream: "please call still a ashford or bring these"



[INFO]	 [c2]	 2019-06-09 07:31:13.651069
[INFO]	 [c2]	 2019-06-09 07:31:13.659828
[INFO]	 [c2]	Time elapsed:  0.008759  seconds.
[Output]please call still a ashford or bring these,
[Input]inputType: "string"
inputStream: "please go and still yes"



[INFO]	 [c2]	 2019-06-09 07:31:14.349537
[INFO]	 [c2]	 2019-06-09 07:31:14.357639
[INFO]	 [c2]	Time elapsed:  0.008102  seconds.
[Output]please go and still yes,
[Input]inputType: "string"
inputStream: "please all fellow cars"



[INFO]	 [c2]	 2019-06-09 07:31:14.956383
[INFO]	 [c2]	 2019-06-09 07:31:14.965321
[INFO]	 [c2]	Time elapsed:  0.008938  seconds.
[Output]please all fellow cars,
[Input]inputType: "string"
inputStream: "please call still constructive"



[INFO]	 [c2]	 2019-06-09 07:31:15.533727
[INFO]	 [c2]	 2019-06-09 07:31:15.541547
[INFO]	 [c2]	Time elapsed:  0.00782  seconds.
[Output]please call still constructive,
[Input]inputType: "string"
inputStream: "these calls della ask her degree"



[INFO]	 [c2]	 2019-06-09 07:31:16.282657
[INFO]	 [c2]	 2019-06-09 07:31:16.291170
[INFO]	 [c2]	Time elapsed:  0.008513  seconds.
[Output]these calls della ask her degree,
[Input]inputType: "string"
inputStream: "we also asked her"



[INFO]	 [c2]	 2019-06-09 07:31:16.907733
[INFO]	 [c2]	 2019-06-09 07:31:16.915672
[INFO]	 [c2]	Time elapsed:  0.007939  seconds.
[Output]we also asked her,
[Input]inputType: "string"
inputStream: "these polls ally asking agree me"



[INFO]	 [c2]	 2019-06-09 07:31:17.564683
[INFO]	 [c2]	 2019-06-09 07:31:17.573518
[INFO]	 [c2]	Time elapsed:  0.008835  seconds.
[Output]these polls ally asking agree me,
[Input]inputType: "string"
inputStream: "these call stella after during these things were"



[INFO]	 [c2]	 2019-06-09 07:31:18.235588
[INFO]	 [c2]	 2019-06-09 07:31:18.243977
[INFO]	 [c2]	Time elapsed:  0.008389  seconds.
[Output]these call stella after during these things were,
[Input]inputType: "string"
inputStream: "please call the anson rainey"



[INFO]	 [c2]	 2019-06-09 07:31:18.757884
[INFO]	 [c2]	 2019-06-09 07:31:18.766224
[INFO]	 [c2]	Time elapsed:  0.00834  seconds.
[Output]please call the anson rainey,
[Input]inputType: "string"
inputStream: "the cost on the green the english"



[INFO]	 [c2]	 2019-06-09 07:31:19.790341
[INFO]	 [c2]	 2019-06-09 07:31:19.798622
[INFO]	 [c2]	Time elapsed:  0.008281  seconds.
[Output]the cost on the green the english,
[Input]inputType: "string"
inputStream: "please call ella afternoon brains"



[INFO]	 [c2]	 2019-06-09 07:31:20.621684
[INFO]	 [c2]	 2019-06-09 07:31:20.630109
[INFO]	 [c2]	Time elapsed:  0.008425  seconds.
[Output]please call ella afternoon brains,
[Input]inputType: "string"
inputStream: "please tell stella after giving these things of that"



[INFO]	 [c2]	 2019-06-09 07:31:21.460110
[INFO]	 [c2]	 2019-06-09 07:31:21.468800
[INFO]	 [c2]	Time elapsed:  0.00869  seconds.
[Output]please tell stella after giving these things of that,
[Input]inputType: "string"
inputStream: "these are content content to bring the new"



[INFO]	 [c2]	 2019-06-09 07:31:22.615637
[INFO]	 [c2]	 2019-06-09 07:31:22.624415
[INFO]	 [c2]	Time elapsed:  0.008778  seconds.
[Output]these are content content to bring the new,
[Input]inputType: "string"
inputStream: "he\'s close to and ring extinction hundred"



[INFO]	 [c2]	 2019-06-09 07:31:23.425647
[INFO]	 [c2]	 2019-06-09 07:31:23.434264
[INFO]	 [c2]	Time elapsed:  0.008617  seconds.
[Output]he's close to and ring extinction hundred,
[Input]inputType: "string"
inputStream: "please call stella after bring me"



[INFO]	 [c2]	 2019-06-09 07:31:24.186991
[INFO]	 [c2]	 2019-06-09 07:31:24.195274
[INFO]	 [c2]	Time elapsed:  0.008283  seconds.
[Output]please call stella after bring me,
[Input]inputType: "string"
inputStream: "to the polls will i\'ve heard every new"



[INFO]	 [c2]	 2019-06-09 07:31:25.081971
[INFO]	 [c2]	 2019-06-09 07:31:25.090701
[INFO]	 [c2]	Time elapsed:  0.00873  seconds.
[Output]to the polls will i've heard every new,
[Input]inputType: "string"
inputStream: "sweet off the anchor to bring me"

