Model Server Started -- c2
Received SetProxy:proxyName: "c2_1-79129-proxy"
proxyPort: "22223"


received request:

received request:inputType: "string"
inputStream: "please call us on the ass could bring these things"



[INFO]	 [c2]	 2019-06-07 03:41:54.591266
[INFO]	 [c2]	 2019-06-07 03:41:54.602894
[INFO]	 [c2]	Time elapsed:  0.011628  seconds.
||||----||||Predict Output:please call us on the ass could bring these things,
received request:inputType: "string"
inputStream: "please call still a basket or bring these"



[INFO]	 [c2]	 2019-06-07 03:41:59.775544
[INFO]	 [c2]	 2019-06-07 03:41:59.784897
[INFO]	 [c2]	Time elapsed:  0.009353  seconds.
||||----||||Predict Output:please call still a basket or bring these,
received request:inputType: "string"
inputStream: "please call stella astrid ring"



[INFO]	 [c2]	 2019-06-07 03:42:00.471461
[INFO]	 [c2]	 2019-06-07 03:42:00.479923
[INFO]	 [c2]	Time elapsed:  0.008462  seconds.
||||----||||Predict Output:please call stella astrid ring,
received request:inputType: "string"
inputStream: "he\'s gone is to not as hard to bring thee"



[INFO]	 [c2]	 2019-06-07 03:42:01.498161
[INFO]	 [c2]	 2019-06-07 03:42:01.507954
[INFO]	 [c2]	Time elapsed:  0.009793  seconds.
||||----||||Predict Output:he's gone is to not as hard to bring thee,
received request:inputType: "string"
inputStream: "the signal\'s the fast"



[INFO]	 [c2]	 2019-06-07 03:42:02.639895
[INFO]	 [c2]	 2019-06-07 03:42:02.648222
[INFO]	 [c2]	Time elapsed:  0.008327  seconds.
||||----||||Predict Output:the signal's the fast,
received request:inputType: "string"
inputStream: "police calls goblet astrid"



[INFO]	 [c2]	 2019-06-07 03:42:03.682479
[INFO]	 [c2]	 2019-06-07 03:42:03.690911
[INFO]	 [c2]	Time elapsed:  0.008432  seconds.
||||----||||Predict Output:police calls goblet astrid,
received request:inputType: "string"
inputStream: "please call stella desk or to bring these things were"



[INFO]	 [c2]	 2019-06-07 03:42:04.376891
[INFO]	 [c2]	 2019-06-07 03:42:04.385718
[INFO]	 [c2]	Time elapsed:  0.008827  seconds.
||||----||||Predict Output:please call stella desk or to bring these things were,
received request:inputType: "string"
inputStream: "please call still a schooner bring these things"



[INFO]	 [c2]	 2019-06-07 03:42:05.179075
[INFO]	 [c2]	 2019-06-07 03:42:05.188049
[INFO]	 [c2]	Time elapsed:  0.008974  seconds.
||||----||||Predict Output:please call still a schooner bring these things,
received request:inputType: "string"
inputStream: "we\'ve golf bella as couldn\'t bring these things"



[INFO]	 [c2]	 2019-06-07 03:42:05.998680
[INFO]	 [c2]	 2019-06-07 03:42:06.008516
[INFO]	 [c2]	Time elapsed:  0.009836  seconds.
||||----||||Predict Output:we've golf bella as couldn't bring these things,
received request:inputType: "string"
inputStream: "nicole smell i ask of it randy"



[INFO]	 [c2]	 2019-06-07 03:42:07.495604
[INFO]	 [c2]	 2019-06-07 03:42:07.504780
[INFO]	 [c2]	Time elapsed:  0.009176  seconds.
||||----||||Predict Output:nicole smell i ask of it,randy,
received request:inputType: "string"
inputStream: "please call that a osgood to bring"



[INFO]	 [c2]	 2019-06-07 03:42:08.153016
[INFO]	 [c2]	 2019-06-07 03:42:08.161593
[INFO]	 [c2]	Time elapsed:  0.008577  seconds.
||||----||||Predict Output:please call that a osgood to bring,
received request:inputType: "string"
inputStream: "please costello after tube"



[INFO]	 [c2]	 2019-06-07 03:42:08.809002
[INFO]	 [c2]	 2019-06-07 03:42:08.818211
[INFO]	 [c2]	Time elapsed:  0.009209  seconds.
||||----||||Predict Output:please costello after tube,
received request:inputType: "string"
inputStream: "three holes here are"



[INFO]	 [c2]	 2019-06-07 03:42:09.605630
[INFO]	 [c2]	 2019-06-07 03:42:09.613693
[INFO]	 [c2]	Time elapsed:  0.008063  seconds.
||||----||||Predict Output:three holes here are,
received request:inputType: "string"
inputStream: "piece called stand"



[INFO]	 [c2]	 2019-06-07 03:42:10.146362
[INFO]	 [c2]	 2019-06-07 03:42:10.155743
[INFO]	 [c2]	Time elapsed:  0.009381  seconds.
||||----||||Predict Output:piece called stand,
received request:inputType: "string"
inputStream: "please call the stone of critter bring the se"



[INFO]	 [c2]	 2019-06-07 03:42:10.918368
[INFO]	 [c2]	 2019-06-07 03:42:10.928130
[INFO]	 [c2]	Time elapsed:  0.009762  seconds.
||||----||||Predict Output:please call the stone of critter bring the se,
received request:inputType: "string"
inputStream: "freeze cost and ask her to bring peace"



[INFO]	 [c2]	 2019-06-07 03:42:11.827305
[INFO]	 [c2]	 2019-06-07 03:42:11.836556
[INFO]	 [c2]	Time elapsed:  0.009251  seconds.
||||----||||Predict Output:freeze cost and ask her to bring peace,
received request:inputType: "string"
inputStream: "the scrolls toe after the things"



[INFO]	 [c2]	 2019-06-07 03:42:12.819781
[INFO]	 [c2]	 2019-06-07 03:42:12.829104
[INFO]	 [c2]	Time elapsed:  0.009323  seconds.
||||----||||Predict Output:the scrolls toe after the things,
received request:inputType: "string"
inputStream: "please call still is heard during the"



[INFO]	 [c2]	 2019-06-07 03:42:13.673339
[INFO]	 [c2]	 2019-06-07 03:42:13.683165
[INFO]	 [c2]	Time elapsed:  0.009826  seconds.
||||----||||Predict Output:please call still is heard during the,
received request:inputType: "string"
inputStream: "police calls cannot ask us to bring me"



[INFO]	 [c2]	 2019-06-07 03:42:14.467285
[INFO]	 [c2]	 2019-06-07 03:42:14.476073
[INFO]	 [c2]	Time elapsed:  0.008788  seconds.
||||----||||Predict Output:police calls cannot ask us to bring me,
received request:inputType: "string"
inputStream: "please cars and ask her to pay"



[INFO]	 [c2]	 2019-06-07 03:42:15.193224
[INFO]	 [c2]	 2019-06-07 03:42:15.203120
[INFO]	 [c2]	Time elapsed:  0.009896  seconds.
||||----||||Predict Output:please cars and ask her to pay,
received request:inputType: "string"
inputStream: "please call stella ask her to bring these things"



[INFO]	 [c2]	 2019-06-07 03:42:15.927230
[INFO]	 [c2]	 2019-06-07 03:42:15.935817
[INFO]	 [c2]	Time elapsed:  0.008587  seconds.
||||----||||Predict Output:please call stella ask her to bring these things,
received request:inputType: "string"
inputStream: "please tell us how after giving these"



[INFO]	 [c2]	 2019-06-07 03:42:16.832647
[INFO]	 [c2]	 2019-06-07 03:42:16.841509
[INFO]	 [c2]	Time elapsed:  0.008862  seconds.
||||----||||Predict Output:please tell us how after giving these,
received request:inputType: "string"
inputStream: "we\'ve cost ally at christopher"



[INFO]	 [c2]	 2019-06-07 03:42:17.647619
[INFO]	 [c2]	 2019-06-07 03:42:17.656124
[INFO]	 [c2]	Time elapsed:  0.008505  seconds.
||||----||||Predict Output:we've cost ally at christopher,
received request:inputType: "string"
inputStream: "he\'s got to ask a jittery nice things it\'ll"



[INFO]	 [c2]	 2019-06-07 03:42:18.701385
[INFO]	 [c2]	 2019-06-07 03:42:18.710865
[INFO]	 [c2]	Time elapsed:  0.00948  seconds.
||||----||||Predict Output:he's got to ask a jittery nice things,it'll,
received request:inputType: "string"
inputStream: "because the hotter"



[INFO]	 [c2]	 2019-06-07 03:42:19.994351
[INFO]	 [c2]	 2019-06-07 03:42:20.002351
[INFO]	 [c2]	Time elapsed:  0.008  seconds.
||||----||||Predict Output:because the hotter,
received request:inputType: "string"
inputStream: "things will go all out for many friends with her"



[INFO]	 [c2]	 2019-06-07 03:42:21.384316
[INFO]	 [c2]	 2019-06-07 03:42:21.393708
[INFO]	 [c2]	Time elapsed:  0.009392  seconds.
||||----||||Predict Output:things will go all out for many friends with her,
received request:inputType: "string"
inputStream: "please hold still ask would reader nice"



[INFO]	 [c2]	 2019-06-07 03:42:22.310361
[INFO]	 [c2]	 2019-06-07 03:42:22.319923
[INFO]	 [c2]	Time elapsed:  0.009562  seconds.
||||----||||Predict Output:please hold still ask would reader nice,
received request:inputType: "string"
inputStream: "please call stella ask that ring these things"



[INFO]	 [c2]	 2019-06-07 03:42:23.345530
[INFO]	 [c2]	 2019-06-07 03:42:23.354296
[INFO]	 [c2]	Time elapsed:  0.008766  seconds.
||||----||||Predict Output:please call stella ask that ring these things,
received request:inputType: "string"
inputStream: "please call to the attitude"



[INFO]	 [c2]	 2019-06-07 03:42:24.191287
[INFO]	 [c2]	 2019-06-07 03:42:24.199537
[INFO]	 [c2]	Time elapsed:  0.00825  seconds.
||||----||||Predict Output:please call to the attitude,
received request:inputType: "string"
inputStream: "move he\'s honest"



[INFO]	 [c2]	 2019-06-07 03:42:24.879106
[INFO]	 [c2]	 2019-06-07 03:42:24.887482
[INFO]	 [c2]	Time elapsed:  0.008376  seconds.
||||----||||Predict Output:move he's honest,
received request:inputType: "string"
inputStream: "these calls tell asked her to bring thee"



[INFO]	 [c2]	 2019-06-07 03:42:25.852747
[INFO]	 [c2]	 2019-06-07 03:42:25.861646
[INFO]	 [c2]	Time elapsed:  0.008899  seconds.
||||----||||Predict Output:these calls tell asked her to bring thee,
received request:inputType: "string"
inputStream: "to the polls will i\'ve heard every new"



[INFO]	 [c2]	 2019-06-07 03:42:26.927267
[INFO]	 [c2]	 2019-06-07 03:42:26.937565
[INFO]	 [c2]	Time elapsed:  0.010298  seconds.
||||----||||Predict Output:to the polls will i've heard every new,
received request:inputType: "string"
inputStream: "these calls still a casket ring"



[INFO]	 [c2]	 2019-06-07 03:42:27.941419
[INFO]	 [c2]	 2019-06-07 03:42:27.951117
[INFO]	 [c2]	Time elapsed:  0.009698  seconds.
||||----||||Predict Output:these calls still a casket ring,
received request:inputType: "string"
inputStream: "the cost of ask entering the things of that"



[INFO]	 [c2]	 2019-06-07 03:42:29.061466
[INFO]	 [c2]	 2019-06-07 03:42:29.071488
[INFO]	 [c2]	Time elapsed:  0.010022  seconds.
||||----||||Predict Output:the cost of ask entering the things of that,
received request:inputType: "string"
inputStream: "please call stale a bastard of brain"



[INFO]	 [c2]	 2019-06-07 03:42:29.948399
[INFO]	 [c2]	 2019-06-07 03:42:29.957294
[INFO]	 [c2]	Time elapsed:  0.008895  seconds.
||||----||||Predict Output:please call stale a bastard of brain,
received request:inputType: "string"
inputStream: "please call still on to ask"



[INFO]	 [c2]	 2019-06-07 03:42:30.675230
[INFO]	 [c2]	 2019-06-07 03:42:30.684397
[INFO]	 [c2]	Time elapsed:  0.009167  seconds.
||||----||||Predict Output:please call still on to ask,
received request:inputType: "string"
inputStream: "he\'s gonna say the atkinson"



[INFO]	 [c2]	 2019-06-07 03:42:31.629208
[INFO]	 [c2]	 2019-06-07 03:42:31.639136
[INFO]	 [c2]	Time elapsed:  0.009928  seconds.
||||----||||Predict Output:he's gonna say the atkinson,
received request:inputType: "string"
inputStream: "create kyle\'s bella afternoon during these things"



[INFO]	 [c2]	 2019-06-07 03:42:32.819103
[INFO]	 [c2]	 2019-06-07 03:42:32.828158
[INFO]	 [c2]	Time elapsed:  0.009055  seconds.
||||----||||Predict Output:create kyle's bella afternoon during these things,
received request:inputType: "string"
inputStream: "these are the ad are the beating"



[INFO]	 [c2]	 2019-06-07 03:42:34.352692
[INFO]	 [c2]	 2019-06-07 03:42:34.361135
[INFO]	 [c2]	Time elapsed:  0.008443  seconds.
||||----||||Predict Output:these are the ad are the beating,
received request:inputType: "string"
inputStream: "please call still have to bring these things with firm"



[INFO]	 [c2]	 2019-06-07 03:42:35.446696
[INFO]	 [c2]	 2019-06-07 03:42:35.456702
[INFO]	 [c2]	Time elapsed:  0.010006  seconds.
||||----||||Predict Output:please call still have to bring these things with firm,
received request:inputType: "string"
inputStream: "on shit out to these calls them the fur"



[INFO]	 [c2]	 2019-06-07 03:42:36.303570
[INFO]	 [c2]	 2019-06-07 03:42:36.312455
[INFO]	 [c2]	Time elapsed:  0.008885  seconds.
||||----||||Predict Output:on shit out to these calls them the fur,
received request:inputType: "string"
inputStream: "please call the afternoon bring me"



[INFO]	 [c2]	 2019-06-07 03:42:37.051256
[INFO]	 [c2]	 2019-06-07 03:42:37.059797
[INFO]	 [c2]	Time elapsed:  0.008541  seconds.
||||----||||Predict Output:please call the afternoon bring me,
received request:inputType: "string"
inputStream: "disclose the ask the we"



[INFO]	 [c2]	 2019-06-07 03:42:38.179978
[INFO]	 [c2]	 2019-06-07 03:42:38.188291
[INFO]	 [c2]	Time elapsed:  0.008313  seconds.
||||----||||Predict Output:disclose the ask the we,
received request:inputType: "string"
inputStream: "these columns ally"



[INFO]	 [c2]	 2019-06-07 03:42:38.889283
[INFO]	 [c2]	 2019-06-07 03:42:38.898524
[INFO]	 [c2]	Time elapsed:  0.009241  seconds.
||||----||||Predict Output:these columns ally,
received request:inputType: "string"
inputStream: "these calls the outer to bring these things"



[INFO]	 [c2]	 2019-06-07 03:42:39.981679
[INFO]	 [c2]	 2019-06-07 03:42:39.991294
[INFO]	 [c2]	Time elapsed:  0.009615  seconds.
||||----||||Predict Output:these calls the outer to bring these things,
received request:inputType: "string"
inputStream: "please call stella ask her to bring me"



[INFO]	 [c2]	 2019-06-07 03:42:40.632611
[INFO]	 [c2]	 2019-06-07 03:42:40.642358
[INFO]	 [c2]	Time elapsed:  0.009747  seconds.
||||----||||Predict Output:please call stella ask her to bring me,
received request:inputType: "string"
inputStream: "we have calls them and ask other bring these"



[INFO]	 [c2]	 2019-06-07 03:42:41.493822
[INFO]	 [c2]	 2019-06-07 03:42:41.502914
[INFO]	 [c2]	Time elapsed:  0.009092  seconds.
||||----||||Predict Output:we have calls them and ask other bring these,
received request:inputType: "string"
inputStream: "please call still a basket of bernice"



[INFO]	 [c2]	 2019-06-07 03:42:42.222699
[INFO]	 [c2]	 2019-06-07 03:42:42.231570
[INFO]	 [c2]	Time elapsed:  0.008871  seconds.
||||----||||Predict Output:please call still a basket of bernice,
received request:inputType: "string"
inputStream: "the school\'s ella positively nice"



[INFO]	 [c2]	 2019-06-07 03:42:43.205912
[INFO]	 [c2]	 2019-06-07 03:42:43.214849
[INFO]	 [c2]	Time elapsed:  0.008937  seconds.
||||----||||Predict Output:the school's ella positively nice,
received request:inputType: "string"
inputStream: "please call cell and ashley river nice"



[INFO]	 [c2]	 2019-06-07 03:42:44.168709
[INFO]	 [c2]	 2019-06-07 03:42:44.178216
[INFO]	 [c2]	Time elapsed:  0.009507  seconds.
||||----||||Predict Output:please call cell and ashley river nice,
received request:inputType: "string"
inputStream: "we\'ve got to pass it we mean you"



[INFO]	 [c2]	 2019-06-07 03:42:45.296938
[INFO]	 [c2]	 2019-06-07 03:42:45.306077
[INFO]	 [c2]	Time elapsed:  0.009139  seconds.
||||----||||Predict Output:we've got to pass it,we mean you,
received request:inputType: "string"
inputStream: "he\'s close to"



[INFO]	 [c2]	 2019-06-07 03:42:46.217713
[INFO]	 [c2]	 2019-06-07 03:42:46.225998
[INFO]	 [c2]	Time elapsed:  0.008285  seconds.
||||----||||Predict Output:he's close to,
received request:inputType: "string"
inputStream: "please call still ask her to bring these things with"



[INFO]	 [c2]	 2019-06-07 03:42:46.931421
[INFO]	 [c2]	 2019-06-07 03:42:46.941253
[INFO]	 [c2]	Time elapsed:  0.009832  seconds.
||||----||||Predict Output:please call still ask her to bring these things with,
received request:inputType: "string"
inputStream: "the results than the astrid timber"



[INFO]	 [c2]	 2019-06-07 03:42:48.504397
[INFO]	 [c2]	 2019-06-07 03:42:48.513694
[INFO]	 [c2]	Time elapsed:  0.009297  seconds.
||||----||||Predict Output:the results than the astrid timber,
received request:inputType: "string"
inputStream: "these are the contradicting the new"



[INFO]	 [c2]	 2019-06-07 03:42:49.899191
[INFO]	 [c2]	 2019-06-07 03:42:49.908771
[INFO]	 [c2]	Time elapsed:  0.00958  seconds.
||||----||||Predict Output:these are the contradicting the new,
received request:inputType: "string"
inputStream: "we\'ve got to ask them to bring the thing that part"



[INFO]	 [c2]	 2019-06-07 03:42:51.364001
[INFO]	 [c2]	 2019-06-07 03:42:51.374107
[INFO]	 [c2]	Time elapsed:  0.010106  seconds.
||||----||||Predict Output:we've got to ask them to bring the thing that part,
received request:inputType: "string"
inputStream: "these calls to ask her"



[INFO]	 [c2]	 2019-06-07 03:42:52.245208
[INFO]	 [c2]	 2019-06-07 03:42:52.254608
[INFO]	 [c2]	Time elapsed:  0.0094  seconds.
||||----||||Predict Output:these calls to ask her,
received request:inputType: "string"
inputStream: "sweet calls them the after to bring me"



[INFO]	 [c2]	 2019-06-07 03:42:53.055444
[INFO]	 [c2]	 2019-06-07 03:42:53.065425
[INFO]	 [c2]	Time elapsed:  0.009981  seconds.
||||----||||Predict Output:sweet calls them the after to bring me,
received request:inputType: "string"
inputStream: "please call bella abzug bring you"



[INFO]	 [c2]	 2019-06-07 03:42:53.871795
[INFO]	 [c2]	 2019-06-07 03:42:53.880236
[INFO]	 [c2]	Time elapsed:  0.008441  seconds.
||||----||||Predict Output:please call bella abzug bring you,
received request:inputType: "string"
inputStream: "to these cools the cost of"



[INFO]	 [c2]	 2019-06-07 03:42:54.573271
[INFO]	 [c2]	 2019-06-07 03:42:54.582079
[INFO]	 [c2]	Time elapsed:  0.008808  seconds.
||||----||||Predict Output:to these cools the cost of,
received request:inputType: "string"
inputStream: "who is host the best her room"



[INFO]	 [c2]	 2019-06-07 03:42:55.942538
[INFO]	 [c2]	 2019-06-07 03:42:55.952534
[INFO]	 [c2]	Time elapsed:  0.009996  seconds.
||||----||||Predict Output:who is host the best her room,
received request:inputType: "string"
inputStream: "please call stella ostrich bring"



[INFO]	 [c2]	 2019-06-07 03:42:56.800460
[INFO]	 [c2]	 2019-06-07 03:42:56.809012
[INFO]	 [c2]	Time elapsed:  0.008552  seconds.
||||----||||Predict Output:please call stella ostrich bring,
received request:inputType: "string"
inputStream: "to influence them and at"



[INFO]	 [c2]	 2019-06-07 03:42:57.773552
[INFO]	 [c2]	 2019-06-07 03:42:57.781827
[INFO]	 [c2]	Time elapsed:  0.008275  seconds.
||||----||||Predict Output:to influence them and at,
received request:inputType: "string"
inputStream: "queen although out an when you think lemaire"



[INFO]	 [c2]	 2019-06-07 03:42:58.715349
[INFO]	 [c2]	 2019-06-07 03:42:58.724645
[INFO]	 [c2]	Time elapsed:  0.009296  seconds.
||||----||||Predict Output:queen although out an when you think lemaire,
received request:inputType: "string"
inputStream: "please call still a ass"



[INFO]	 [c2]	 2019-06-07 03:42:59.421560
[INFO]	 [c2]	 2019-06-07 03:42:59.429651
[INFO]	 [c2]	Time elapsed:  0.008091  seconds.
||||----||||Predict Output:please call still a ass,
received request:inputType: "string"
inputStream: "please call the pastor greenleaf"



[INFO]	 [c2]	 2019-06-07 03:43:00.448857
[INFO]	 [c2]	 2019-06-07 03:43:00.457607
[INFO]	 [c2]	Time elapsed:  0.00875  seconds.
||||----||||Predict Output:please call the pastor greenleaf,
received request:inputType: "string"
inputStream: "please calm fidelity it us her"



[INFO]	 [c2]	 2019-06-07 03:43:01.698956
[INFO]	 [c2]	 2019-06-07 03:43:01.707497
[INFO]	 [c2]	Time elapsed:  0.008541  seconds.
||||----||||Predict Output:please calm fidelity it us her,
received request:inputType: "string"
inputStream: "please call the new hurry these things"



[INFO]	 [c2]	 2019-06-07 03:43:02.878333
[INFO]	 [c2]	 2019-06-07 03:43:02.887275
[INFO]	 [c2]	Time elapsed:  0.008942  seconds.
||||----||||Predict Output:please call the new hurry these things,
received request:inputType: "string"
inputStream: "these calls stella after to bring these things what"



[INFO]	 [c2]	 2019-06-07 03:43:03.735421
[INFO]	 [c2]	 2019-06-07 03:43:03.744116
[INFO]	 [c2]	Time elapsed:  0.008695  seconds.
||||----||||Predict Output:these calls stella after to bring these things what,
received request:inputType: "string"
inputStream: "we schools will ask him to bring me say"



[INFO]	 [c2]	 2019-06-07 03:43:04.697476
[INFO]	 [c2]	 2019-06-07 03:43:04.706954
[INFO]	 [c2]	Time elapsed:  0.009478  seconds.
||||----||||Predict Output:we schools will ask him to bring me say,
received request:inputType: "string"
inputStream: "these calls the island after death"



[INFO]	 [c2]	 2019-06-07 03:43:05.483449
[INFO]	 [c2]	 2019-06-07 03:43:05.492877
[INFO]	 [c2]	Time elapsed:  0.009428  seconds.
||||----||||Predict Output:these calls the island after death,
received request:inputType: "string"
inputStream: "can he call general"



[INFO]	 [c2]	 2019-06-07 03:43:06.377513
[INFO]	 [c2]	 2019-06-07 03:43:06.385897
[INFO]	 [c2]	Time elapsed:  0.008384  seconds.
||||----||||Predict Output:can he call general,
received request:inputType: "string"
inputStream: "these called stella have screwed up"



[INFO]	 [c2]	 2019-06-07 03:43:07.059917
[INFO]	 [c2]	 2019-06-07 03:43:07.068682
[INFO]	 [c2]	Time elapsed:  0.008765  seconds.
||||----||||Predict Output:these called stella have screwed up,
received request:inputType: "string"
inputStream: "please call still oscar to bring these three"



[INFO]	 [c2]	 2019-06-07 03:43:07.739941
[INFO]	 [c2]	 2019-06-07 03:43:07.748817
[INFO]	 [c2]	Time elapsed:  0.008876  seconds.
||||----||||Predict Output:please call still oscar to bring these three,
received request:inputType: "string"
inputStream: "please call still has her to"



[INFO]	 [c2]	 2019-06-07 03:43:08.408690
[INFO]	 [c2]	 2019-06-07 03:43:08.417353
[INFO]	 [c2]	Time elapsed:  0.008663  seconds.
||||----||||Predict Output:please call still has her to,
received request:inputType: "string"
inputStream: "the schools the oscars ring extinction hundred"



[INFO]	 [c2]	 2019-06-07 03:43:09.254586
[INFO]	 [c2]	 2019-06-07 03:43:09.264604
[INFO]	 [c2]	Time elapsed:  0.010018  seconds.
||||----||||Predict Output:the schools the oscars ring extinction hundred,
received request:inputType: "string"
inputStream: "say it off the"



[INFO]	 [c2]	 2019-06-07 03:43:10.025260
[INFO]	 [c2]	 2019-06-07 03:43:10.033590
[INFO]	 [c2]	Time elapsed:  0.00833  seconds.
||||----||||Predict Output:say it off the,
received request:inputType: "string"
inputStream: "please call the after you bring me"



[INFO]	 [c2]	 2019-06-07 03:43:10.899628
[INFO]	 [c2]	 2019-06-07 03:43:10.909550
[INFO]	 [c2]	Time elapsed:  0.009922  seconds.
||||----||||Predict Output:please call the after you bring me,
received request:inputType: "string"
inputStream: "he\'s called to him of torture"



[INFO]	 [c2]	 2019-06-07 03:43:11.807015
[INFO]	 [c2]	 2019-06-07 03:43:11.816781
[INFO]	 [c2]	Time elapsed:  0.009766  seconds.
||||----||||Predict Output:he's called to him of torture,
received request:inputType: "string"
inputStream: "please call stella astrid to bring"



[INFO]	 [c2]	 2019-06-07 03:43:12.619328
[INFO]	 [c2]	 2019-06-07 03:43:12.627616
[INFO]	 [c2]	Time elapsed:  0.008288  seconds.
||||----||||Predict Output:please call stella astrid to bring,
received request:inputType: "string"
inputStream: "we caught ala at the meeting"



[INFO]	 [c2]	 2019-06-07 03:43:13.521003
[INFO]	 [c2]	 2019-06-07 03:43:13.529815
[INFO]	 [c2]	Time elapsed:  0.008812  seconds.
||||----||||Predict Output:we caught ala at the meeting,
received request:inputType: "string"
inputStream: "please call stella of turner bring these things and i\'m stuart"



[INFO]	 [c2]	 2019-06-07 03:43:14.733594
[INFO]	 [c2]	 2019-06-07 03:43:14.742904
[INFO]	 [c2]	Time elapsed:  0.00931  seconds.
||||----||||Predict Output:please call stella of turner bring these things,and i'm stuart,
received request:inputType: "string"
inputStream: "peace talks over ross covering the stone"



[INFO]	 [c2]	 2019-06-07 03:43:15.947828
[INFO]	 [c2]	 2019-06-07 03:43:15.956837
[INFO]	 [c2]	Time elapsed:  0.009009  seconds.
||||----||||Predict Output:peace talks over ross covering the stone,
received request:inputType: "string"
inputStream: "these caught a dana"



[INFO]	 [c2]	 2019-06-07 03:43:16.883257
[INFO]	 [c2]	 2019-06-07 03:43:16.891173
[INFO]	 [c2]	Time elapsed:  0.007916  seconds.
||||----||||Predict Output:these caught a dana,
received request:inputType: "string"
inputStream: "please call still has to bring these things"



[INFO]	 [c2]	 2019-06-07 03:43:17.677445
[INFO]	 [c2]	 2019-06-07 03:43:17.686202
[INFO]	 [c2]	Time elapsed:  0.008757  seconds.
||||----||||Predict Output:please call still has to bring these things,
received request:inputType: "string"
inputStream: "please call stella after bring these things are for"



[INFO]	 [c2]	 2019-06-07 03:43:18.531763
[INFO]	 [c2]	 2019-06-07 03:43:18.541403
[INFO]	 [c2]	Time elapsed:  0.00964  seconds.
||||----||||Predict Output:please call stella after bring these things are for,
received request:inputType: "string"
inputStream: "the cold spell out her to bring these things are for"



[INFO]	 [c2]	 2019-06-07 03:43:19.492539
[INFO]	 [c2]	 2019-06-07 03:43:19.502020
[INFO]	 [c2]	Time elapsed:  0.009481  seconds.
||||----||||Predict Output:the cold spell out her to bring these things are for,
received request:inputType: "string"
inputStream: "these calls the oscar to bring the things we\'re"



[INFO]	 [c2]	 2019-06-07 03:43:20.642344
[INFO]	 [c2]	 2019-06-07 03:43:20.651799
[INFO]	 [c2]	Time elapsed:  0.009455  seconds.
||||----||||Predict Output:these calls the oscar to bring the things we're,
received request:inputType: "string"
inputStream: "these cars out ask his company"



[INFO]	 [c2]	 2019-06-07 03:43:22.113849
[INFO]	 [c2]	 2019-06-07 03:43:22.122577
[INFO]	 [c2]	Time elapsed:  0.008728  seconds.
||||----||||Predict Output:these cars out ask his company,
received request:inputType: "string"
inputStream: "he\'s called don\'t ask her to bring the thing"



[INFO]	 [c2]	 2019-06-07 03:43:23.029468
[INFO]	 [c2]	 2019-06-07 03:43:23.039317
[INFO]	 [c2]	Time elapsed:  0.009849  seconds.
||||----||||Predict Output:he's called don't ask her to bring the thing,
received request:inputType: "string"
inputStream: "he\'s going to interrupt"



[INFO]	 [c2]	 2019-06-07 03:43:24.057933
[INFO]	 [c2]	 2019-06-07 03:43:24.066654
[INFO]	 [c2]	Time elapsed:  0.008721  seconds.
||||----||||Predict Output:he's going to interrupt,
received request:inputType: "string"
inputStream: "police colts della boss could endure"



[INFO]	 [c2]	 2019-06-07 03:43:25.171417
[INFO]	 [c2]	 2019-06-07 03:43:25.180014
[INFO]	 [c2]	Time elapsed:  0.008597  seconds.
||||----||||Predict Output:police colts della boss could endure,
received request:inputType: "string"
inputStream: "please call still after bring these things over"



[INFO]	 [c2]	 2019-06-07 03:43:25.963838
[INFO]	 [c2]	 2019-06-07 03:43:25.972759
[INFO]	 [c2]	Time elapsed:  0.008921  seconds.
||||----||||Predict Output:please call still after bring these things over,
received request:inputType: "string"
inputStream: "please call the law that are run the ring to it"



[INFO]	 [c2]	 2019-06-07 03:43:27.326808
[INFO]	 [c2]	 2019-06-07 03:43:27.336417
[INFO]	 [c2]	Time elapsed:  0.009609  seconds.
||||----||||Predict Output:please call the law that are run the ring to it,
received request:inputType: "string"
inputStream: "was curls drove ask the room"



[INFO]	 [c2]	 2019-06-07 03:43:28.426040
[INFO]	 [c2]	 2019-06-07 03:43:28.434869
[INFO]	 [c2]	Time elapsed:  0.008829  seconds.
||||----||||Predict Output:was curls drove ask the room,
received request:inputType: "string"
inputStream: "white falls below cost an ring"



[INFO]	 [c2]	 2019-06-07 03:43:29.498909
[INFO]	 [c2]	 2019-06-07 03:43:29.507870
[INFO]	 [c2]	Time elapsed:  0.008961  seconds.
||||----||||Predict Output:white falls below cost an ring,
received request:inputType: "string"
inputStream: "please cold spell will ask river"



[INFO]	 [c2]	 2019-06-07 03:43:30.121994
[INFO]	 [c2]	 2019-06-07 03:43:30.130620
[INFO]	 [c2]	Time elapsed:  0.008626  seconds.
||||----||||Predict Output:please cold spell will ask river,
received request:inputType: "string"
inputStream: "she skull still a casket river"



[INFO]	 [c2]	 2019-06-07 03:43:30.715823
[INFO]	 [c2]	 2019-06-07 03:43:30.724558
[INFO]	 [c2]	Time elapsed:  0.008735  seconds.
||||----||||Predict Output:she skull still a casket river,
received request:inputType: "string"
inputStream: "could cause them and ask at ring"



[INFO]	 [c2]	 2019-06-07 03:43:31.719123
[INFO]	 [c2]	 2019-06-07 03:43:31.727931
[INFO]	 [c2]	Time elapsed:  0.008808  seconds.
||||----||||Predict Output:could cause them and ask at ring,
received request:inputType: "string"
inputStream: "the cost island after during the english"



[INFO]	 [c2]	 2019-06-07 03:43:32.807306
[INFO]	 [c2]	 2019-06-07 03:43:32.816770
[INFO]	 [c2]	Time elapsed:  0.009464  seconds.
||||----||||Predict Output:the cost island after during the english,
received request:inputType: "string"
inputStream: "please all the effort to bring"



[INFO]	 [c2]	 2019-06-07 03:43:33.849950
[INFO]	 [c2]	 2019-06-07 03:43:33.858702
[INFO]	 [c2]	Time elapsed:  0.008752  seconds.
||||----||||Predict Output:please all the effort to bring,
received request:inputType: "string"
inputStream: "the school stella after numbering the thing"



[INFO]	 [c2]	 2019-06-07 03:43:34.751293
[INFO]	 [c2]	 2019-06-07 03:43:34.760148
[INFO]	 [c2]	Time elapsed:  0.008855  seconds.
||||----||||Predict Output:the school stella after numbering the thing,
received request:inputType: "string"
inputStream: "the schools now as for to bring these things over"



[INFO]	 [c2]	 2019-06-07 03:43:36.420951
[INFO]	 [c2]	 2019-06-07 03:43:36.430046
[INFO]	 [c2]	Time elapsed:  0.009095  seconds.
||||----||||Predict Output:the schools now as for to bring these things over,
received request:inputType: "string"
inputStream: "please call stella ask it of green"



[INFO]	 [c2]	 2019-06-07 03:43:37.318220
[INFO]	 [c2]	 2019-06-07 03:43:37.328189
[INFO]	 [c2]	Time elapsed:  0.009969  seconds.
||||----||||Predict Output:please call stella ask it of green,
received request:inputType: "string"
inputStream: "we\'ve got style asked in green he\'s"



[INFO]	 [c2]	 2019-06-07 03:43:38.230546
[INFO]	 [c2]	 2019-06-07 03:43:38.239362
[INFO]	 [c2]	Time elapsed:  0.008816  seconds.
||||----||||Predict Output:we've got style asked in green,he's,
received request:inputType: "string"
inputStream: "please call stella after bring things up"



[INFO]	 [c2]	 2019-06-07 03:43:39.144124
[INFO]	 [c2]	 2019-06-07 03:43:39.153830
[INFO]	 [c2]	Time elapsed:  0.009706  seconds.
||||----||||Predict Output:please call stella after bring things up,
received request:inputType: "string"
inputStream: "please call"



[INFO]	 [c2]	 2019-06-07 03:43:39.742742
[INFO]	 [c2]	 2019-06-07 03:43:39.751389
[INFO]	 [c2]	Time elapsed:  0.008647  seconds.
||||----||||Predict Output:please call,
received request:inputType: "string"
inputStream: "please call stella after bring me"



[INFO]	 [c2]	 2019-06-07 03:43:40.492926
[INFO]	 [c2]	 2019-06-07 03:43:40.502362
[INFO]	 [c2]	Time elapsed:  0.009436  seconds.
||||----||||Predict Output:please call stella after bring me,
received request:inputType: "string"
inputStream: "please call dole out a oscar to bring me"



[INFO]	 [c2]	 2019-06-07 03:43:41.187449
[INFO]	 [c2]	 2019-06-07 03:43:41.197259
[INFO]	 [c2]	Time elapsed:  0.00981  seconds.
||||----||||Predict Output:please call dole out a oscar to bring me,
received request:inputType: "string"
inputStream: "these calls tell afternoon bring these things"



[INFO]	 [c2]	 2019-06-07 03:43:42.053786
[INFO]	 [c2]	 2019-06-07 03:43:42.062570
[INFO]	 [c2]	Time elapsed:  0.008784  seconds.
||||----||||Predict Output:these calls tell afternoon bring these things,
received request:inputType: "string"
inputStream: "we scoff at all at it and things like that"



[INFO]	 [c2]	 2019-06-07 03:43:43.651097
[INFO]	 [c2]	 2019-06-07 03:43:43.659893
[INFO]	 [c2]	Time elapsed:  0.008796  seconds.
||||----||||Predict Output:we scoff at all at it and things like that,
received request:inputType: "string"
inputStream: "the comments thing that handsome vain"



[INFO]	 [c2]	 2019-06-07 03:43:44.721450
[INFO]	 [c2]	 2019-06-07 03:43:44.730382
[INFO]	 [c2]	Time elapsed:  0.008932  seconds.
||||----||||Predict Output:the comments thing that handsome vain,
received request:inputType: "string"
inputStream: "these polls ally asking agree me"



[INFO]	 [c2]	 2019-06-07 03:43:45.601387
[INFO]	 [c2]	 2019-06-07 03:43:45.610164
[INFO]	 [c2]	Time elapsed:  0.008777  seconds.
||||----||||Predict Output:these polls ally asking agree me,
received request:inputType: "string"
inputStream: "we are cole allen ask"



[INFO]	 [c2]	 2019-06-07 03:43:46.525277
[INFO]	 [c2]	 2019-06-07 03:43:46.533881
[INFO]	 [c2]	Time elapsed:  0.008604  seconds.
||||----||||Predict Output:we are cole allen ask,
received request:inputType: "string"
inputStream: "these calls della ask her degree"



[INFO]	 [c2]	 2019-06-07 03:43:47.421707
[INFO]	 [c2]	 2019-06-07 03:43:47.431430
[INFO]	 [c2]	Time elapsed:  0.009723  seconds.
||||----||||Predict Output:these calls della ask her degree,
received request:inputType: "string"
inputStream: "nice cold spell it"



[INFO]	 [c2]	 2019-06-07 03:43:48.125255
[INFO]	 [c2]	 2019-06-07 03:43:48.134013
[INFO]	 [c2]	Time elapsed:  0.008758  seconds.
||||----||||Predict Output:nice cold spell it,
received request:inputType: "string"
inputStream: "please call bella after two"



[INFO]	 [c2]	 2019-06-07 03:43:48.868712
[INFO]	 [c2]	 2019-06-07 03:43:48.877828
[INFO]	 [c2]	Time elapsed:  0.009116  seconds.
||||----||||Predict Output:please call bella after two,
received request:inputType: "string"
inputStream: "dreams cole\'s the island"



[INFO]	 [c2]	 2019-06-07 03:43:49.521959
[INFO]	 [c2]	 2019-06-07 03:43:49.530652
[INFO]	 [c2]	Time elapsed:  0.008693  seconds.
||||----||||Predict Output:dreams cole's the island,
received request:inputType: "string"
inputStream: "these calls dylan outtake of thing"



[INFO]	 [c2]	 2019-06-07 03:43:50.934588
[INFO]	 [c2]	 2019-06-07 03:43:50.944030
[INFO]	 [c2]	Time elapsed:  0.009442  seconds.
||||----||||Predict Output:these calls dylan outtake of thing,
received request:inputType: "string"
inputStream: "we\'ve caught bella as current bring these"



[INFO]	 [c2]	 2019-06-07 03:43:51.777208
[INFO]	 [c2]	 2019-06-07 03:43:51.786231
[INFO]	 [c2]	Time elapsed:  0.009023  seconds.
||||----||||Predict Output:we've caught bella as current bring these,
received request:inputType: "string"
inputStream: "freeze will stumble as to"



[INFO]	 [c2]	 2019-06-07 03:43:52.792559
[INFO]	 [c2]	 2019-06-07 03:43:52.800866
[INFO]	 [c2]	Time elapsed:  0.008307  seconds.
||||----||||Predict Output:freeze will stumble as to,
received request:inputType: "string"
inputStream: "please all of that one ask"



[INFO]	 [c2]	 2019-06-07 03:43:53.689604
[INFO]	 [c2]	 2019-06-07 03:43:53.699244
[INFO]	 [c2]	Time elapsed:  0.00964  seconds.
||||----||||Predict Output:please all of that one ask,
received request:inputType: "string"
inputStream: "jeez calls so of scuttling the"



[INFO]	 [c2]	 2019-06-07 03:43:54.513382
[INFO]	 [c2]	 2019-06-07 03:43:54.521953
[INFO]	 [c2]	Time elapsed:  0.008571  seconds.
||||----||||Predict Output:jeez calls so of scuttling the,
received request:inputType: "string"
inputStream: "please call della after"



[INFO]	 [c2]	 2019-06-07 03:43:55.269397
[INFO]	 [c2]	 2019-06-07 03:43:55.277467
[INFO]	 [c2]	Time elapsed:  0.00807  seconds.
||||----||||Predict Output:please call della after,
received request:inputType: "string"
inputStream: "please go and still yes"



[INFO]	 [c2]	 2019-06-07 03:43:56.083859
[INFO]	 [c2]	 2019-06-07 03:43:56.093068
[INFO]	 [c2]	Time elapsed:  0.009209  seconds.
||||----||||Predict Output:please go and still yes,
received request:inputType: "string"
inputStream: "please call stella asked her to bring these"



[INFO]	 [c2]	 2019-06-07 03:43:56.743288
[INFO]	 [c2]	 2019-06-07 03:43:56.752034
[INFO]	 [c2]	Time elapsed:  0.008746  seconds.
||||----||||Predict Output:please call stella asked her to bring these,
received request:inputType: "string"
inputStream: "please call still has to go bring the things with her for"



[INFO]	 [c2]	 2019-06-07 03:43:57.470213
[INFO]	 [c2]	 2019-06-07 03:43:57.480338
[INFO]	 [c2]	Time elapsed:  0.010125  seconds.
||||----||||Predict Output:please call still has to go bring the things with her for,
received request:inputType: "string"
inputStream: "please call us as a as a"



[INFO]	 [c2]	 2019-06-07 03:43:58.328110
[INFO]	 [c2]	 2019-06-07 03:43:58.336645
[INFO]	 [c2]	Time elapsed:  0.008535  seconds.
||||----||||Predict Output:please call us as a as a,
received request:inputType: "string"
inputStream: "please call stella off the rim beef"



[INFO]	 [c2]	 2019-06-07 03:43:59.083249
[INFO]	 [c2]	 2019-06-07 03:43:59.091884
[INFO]	 [c2]	Time elapsed:  0.008635  seconds.
||||----||||Predict Output:please call stella off the rim beef,
received request:inputType: "string"
inputStream: "please call the love of scooter bring the thing"



[INFO]	 [c2]	 2019-06-07 03:44:00.049842
[INFO]	 [c2]	 2019-06-07 03:44:00.059082
[INFO]	 [c2]	Time elapsed:  0.00924  seconds.
||||----||||Predict Output:please call the love of scooter bring the thing,
received request:inputType: "string"
inputStream: "please call stella ask the bernie\'s thing"



[INFO]	 [c2]	 2019-06-07 03:44:00.932760
[INFO]	 [c2]	 2019-06-07 03:44:00.941695
[INFO]	 [c2]	Time elapsed:  0.008935  seconds.
||||----||||Predict Output:please call stella ask the bernie's thing,
received request:inputType: "string"
inputStream: "we also asked her"



[INFO]	 [c2]	 2019-06-07 03:44:01.880348
[INFO]	 [c2]	 2019-06-07 03:44:01.889599
[INFO]	 [c2]	Time elapsed:  0.009251  seconds.
||||----||||Predict Output:we also asked her,
received request:inputType: "string"
inputStream: "please call us all a doctor number"



[INFO]	 [c2]	 2019-06-07 03:44:02.720654
[INFO]	 [c2]	 2019-06-07 03:44:02.729553
[INFO]	 [c2]	Time elapsed:  0.008899  seconds.
||||----||||Predict Output:please call us all a doctor number,
received request:inputType: "string"
inputStream: "sweet off the anchor to bring me"



[INFO]	 [c2]	 2019-06-07 03:44:03.702267
[INFO]	 [c2]	 2019-06-07 03:44:03.710787
[INFO]	 [c2]	Time elapsed:  0.00852  seconds.
||||----||||Predict Output:sweet off the anchor to bring me,
received request:inputType: "string"
inputStream: "do you call go after the ring"



[INFO]	 [c2]	 2019-06-07 03:44:04.659871
[INFO]	 [c2]	 2019-06-07 03:44:04.668604
[INFO]	 [c2]	Time elapsed:  0.008733  seconds.
||||----||||Predict Output:do you call go after the ring,
received request:inputType: "string"
inputStream: "the school stella after entering"



[INFO]	 [c2]	 2019-06-07 03:44:05.628361
[INFO]	 [c2]	 2019-06-07 03:44:05.636778
[INFO]	 [c2]	Time elapsed:  0.008417  seconds.
||||----||||Predict Output:the school stella after entering,
received request:inputType: "string"
inputStream: "please calm down a path to the brain these things that are"



[INFO]	 [c2]	 2019-06-07 03:44:06.779396
[INFO]	 [c2]	 2019-06-07 03:44:06.789984
[INFO]	 [c2]	Time elapsed:  0.010588  seconds.
||||----||||Predict Output:please calm down a path to the brain these things that are,
received request:inputType: "string"
inputStream: "please call fella has cabrini thanks to the firm"



[INFO]	 [c2]	 2019-06-07 03:44:07.652135
[INFO]	 [c2]	 2019-06-07 03:44:07.661310
[INFO]	 [c2]	Time elapsed:  0.009175  seconds.
||||----||||Predict Output:please call fella has cabrini thanks to the firm,
received request:inputType: "string"
inputStream: "three skulls they\'ll ask her to bring these things"



[INFO]	 [c2]	 2019-06-07 03:44:08.543247
[INFO]	 [c2]	 2019-06-07 03:44:08.552009
[INFO]	 [c2]	Time elapsed:  0.008762  seconds.
||||----||||Predict Output:three skulls they'll ask her to bring these things,
received request:inputType: "string"
inputStream: "the gold don\'t often agree meat"



[INFO]	 [c2]	 2019-06-07 03:44:09.455985
[INFO]	 [c2]	 2019-06-07 03:44:09.465117
[INFO]	 [c2]	Time elapsed:  0.009132  seconds.
||||----||||Predict Output:the gold don't often agree meat,
received request:inputType: "string"
inputStream: "please call bill passed are bringing"



[INFO]	 [c2]	 2019-06-07 03:44:10.374445
[INFO]	 [c2]	 2019-06-07 03:44:10.382989
[INFO]	 [c2]	Time elapsed:  0.008544  seconds.
||||----||||Predict Output:please call bill passed are bringing,
received request:inputType: "string"
inputStream: "faceless the pocket ring these things"



[INFO]	 [c2]	 2019-06-07 03:44:11.805962
[INFO]	 [c2]	 2019-06-07 03:44:11.814719
[INFO]	 [c2]	Time elapsed:  0.008757  seconds.
||||----||||Predict Output:faceless the pocket ring these things,
received request:inputType: "string"
inputStream: "we will go entered ring"



[INFO]	 [c2]	 2019-06-07 03:44:12.732901
[INFO]	 [c2]	 2019-06-07 03:44:12.741253
[INFO]	 [c2]	Time elapsed:  0.008352  seconds.
||||----||||Predict Output:we will go entered ring,
received request:inputType: "string"
inputStream: "preschool stay alone basket"



[INFO]	 [c2]	 2019-06-07 03:44:13.436801
[INFO]	 [c2]	 2019-06-07 03:44:13.445155
[INFO]	 [c2]	Time elapsed:  0.008354  seconds.
||||----||||Predict Output:preschool stay alone basket,
received request:inputType: "string"
inputStream: "the schools the stuttering these things"



[INFO]	 [c2]	 2019-06-07 03:44:14.403487
[INFO]	 [c2]	 2019-06-07 03:44:14.412812
[INFO]	 [c2]	Time elapsed:  0.009325  seconds.
||||----||||Predict Output:the schools the stuttering these things,
received request:inputType: "string"
inputStream: "these calls the house cat and wring the sting"



[INFO]	 [c2]	 2019-06-07 03:44:15.535231
[INFO]	 [c2]	 2019-06-07 03:44:15.545323
[INFO]	 [c2]	Time elapsed:  0.010092  seconds.
||||----||||Predict Output:these calls the house cat and wring the sting,
received request:inputType: "string"
inputStream: "we\'ve called the pass through to bring"



[INFO]	 [c2]	 2019-06-07 03:44:16.613981
[INFO]	 [c2]	 2019-06-07 03:44:16.623569
[INFO]	 [c2]	Time elapsed:  0.009588  seconds.
||||----||||Predict Output:we've called the pass through to bring,
received request:inputType: "string"
inputStream: "please call svehla as for bringing"



[INFO]	 [c2]	 2019-06-07 03:44:17.545706
[INFO]	 [c2]	 2019-06-07 03:44:17.554320
[INFO]	 [c2]	Time elapsed:  0.008614  seconds.
||||----||||Predict Output:please call svehla as for bringing,
received request:inputType: "string"
inputStream: "the school still cost to bring these"



[INFO]	 [c2]	 2019-06-07 03:44:18.477155
[INFO]	 [c2]	 2019-06-07 03:44:18.485601
[INFO]	 [c2]	Time elapsed:  0.008446  seconds.
||||----||||Predict Output:the school still cost to bring these,
received request:inputType: "string"
inputStream: "the scholars they\'ll all casket"



[INFO]	 [c2]	 2019-06-07 03:44:19.275194
[INFO]	 [c2]	 2019-06-07 03:44:19.283934
[INFO]	 [c2]	Time elapsed:  0.00874  seconds.
||||----||||Predict Output:the scholars they'll all casket,
received request:inputType: "string"
inputStream: "please call ella afternoon brains"



[INFO]	 [c2]	 2019-06-07 03:44:20.286294
[INFO]	 [c2]	 2019-06-07 03:44:20.294657
[INFO]	 [c2]	Time elapsed:  0.008363  seconds.
||||----||||Predict Output:please call ella afternoon brains,
received request:inputType: "string"
inputStream: "please call stella ask"



[INFO]	 [c2]	 2019-06-07 03:44:20.895005
[INFO]	 [c2]	 2019-06-07 03:44:20.903165
[INFO]	 [c2]	Time elapsed:  0.00816  seconds.
||||----||||Predict Output:please call stella ask,
received request:inputType: "string"
inputStream: "please call a valid at that ring the day"



[INFO]	 [c2]	 2019-06-07 03:44:21.910423
[INFO]	 [c2]	 2019-06-07 03:44:21.919232
[INFO]	 [c2]	Time elapsed:  0.008809  seconds.
||||----||||Predict Output:please call a valid at that ring the day,
received request:inputType: "string"
inputStream: "please call the one after bringing"



[INFO]	 [c2]	 2019-06-07 03:44:22.678537
[INFO]	 [c2]	 2019-06-07 03:44:22.687053
[INFO]	 [c2]	Time elapsed:  0.008516  seconds.
||||----||||Predict Output:please call the one after bringing,
received request:inputType: "string"
inputStream: "at least call stat law ask her to bring the east"



[INFO]	 [c2]	 2019-06-07 03:44:23.590095
[INFO]	 [c2]	 2019-06-07 03:44:23.599292
[INFO]	 [c2]	Time elapsed:  0.009197  seconds.
||||----||||Predict Output:at least call stat law ask her to bring the east,
received request:inputType: "string"
inputStream: "the calls the asking attorney"



[INFO]	 [c2]	 2019-06-07 03:44:24.567542
[INFO]	 [c2]	 2019-06-07 03:44:24.576117
[INFO]	 [c2]	Time elapsed:  0.008575  seconds.
||||----||||Predict Output:the calls the asking attorney,
received request:inputType: "string"
inputStream: "please calm down and"



[INFO]	 [c2]	 2019-06-07 03:44:25.809896
[INFO]	 [c2]	 2019-06-07 03:44:25.818650
[INFO]	 [c2]	Time elapsed:  0.008754  seconds.
||||----||||Predict Output:please calm down and,
received request:inputType: "string"
inputStream: "please call so after bernice and a firm"



[INFO]	 [c2]	 2019-06-07 03:44:26.592118
[INFO]	 [c2]	 2019-06-07 03:44:26.601999
[INFO]	 [c2]	Time elapsed:  0.009881  seconds.
||||----||||Predict Output:please call so after bernice and a firm,
received request:inputType: "string"
inputStream: "control stella and as rich"



[INFO]	 [c2]	 2019-06-07 03:44:27.396193
[INFO]	 [c2]	 2019-06-07 03:44:27.404548
[INFO]	 [c2]	Time elapsed:  0.008355  seconds.
||||----||||Predict Output:control stella and as rich,
received request:inputType: "string"
inputStream: "please cocktail and asked her to burn"



[INFO]	 [c2]	 2019-06-07 03:44:28.010661
[INFO]	 [c2]	 2019-06-07 03:44:28.020593
[INFO]	 [c2]	Time elapsed:  0.009932  seconds.
||||----||||Predict Output:please cocktail and asked her to burn,
received request:inputType: "string"
inputStream: "please close to outfit"



[INFO]	 [c2]	 2019-06-07 03:44:28.669677
[INFO]	 [c2]	 2019-06-07 03:44:28.677707
[INFO]	 [c2]	Time elapsed:  0.00803  seconds.
||||----||||Predict Output:please close to outfit,
received request:inputType: "string"
inputStream: "please call stella ask her to bring the east"



[INFO]	 [c2]	 2019-06-07 03:44:29.316239
[INFO]	 [c2]	 2019-06-07 03:44:29.325225
[INFO]	 [c2]	Time elapsed:  0.008986  seconds.
||||----||||Predict Output:please call stella ask her to bring the east,
received request:inputType: "string"
inputStream: "dissolves the f. has scourge of gringo"



[INFO]	 [c2]	 2019-06-07 03:44:30.331804
[INFO]	 [c2]	 2019-06-07 03:44:30.340484
[INFO]	 [c2]	Time elapsed:  0.00868  seconds.
||||----||||Predict Output:dissolves the f. has scourge of gringo,
received request:inputType: "string"
inputStream: "please call them we\'ll ask her to bring"



[INFO]	 [c2]	 2019-06-07 03:44:31.162683
[INFO]	 [c2]	 2019-06-07 03:44:31.171680
[INFO]	 [c2]	Time elapsed:  0.008997  seconds.
||||----||||Predict Output:please call them we'll ask her to bring,
received request:inputType: "string"
inputStream: "these calls gamma ask her to"



[INFO]	 [c2]	 2019-06-07 03:44:32.040356
[INFO]	 [c2]	 2019-06-07 03:44:32.049023
[INFO]	 [c2]	Time elapsed:  0.008667  seconds.
||||----||||Predict Output:these calls gamma ask her to,
received request:inputType: "string"
inputStream: "krieg all stella after it to dream"



[INFO]	 [c2]	 2019-06-07 03:44:32.877427
[INFO]	 [c2]	 2019-06-07 03:44:32.887437
[INFO]	 [c2]	Time elapsed:  0.01001  seconds.
||||----||||Predict Output:krieg all stella after it to dream,
received request:inputType: "string"
inputStream: "please call stella got to bring the scenes"



[INFO]	 [c2]	 2019-06-07 03:44:33.933457
[INFO]	 [c2]	 2019-06-07 03:44:33.943443
[INFO]	 [c2]	Time elapsed:  0.009986  seconds.
||||----||||Predict Output:please call stella got to bring the scenes,
received request:inputType: "string"
inputStream: "please cost of estrogen"



[INFO]	 [c2]	 2019-06-07 03:44:34.789244
[INFO]	 [c2]	 2019-06-07 03:44:34.797538
[INFO]	 [c2]	Time elapsed:  0.008294  seconds.
||||----||||Predict Output:please cost of estrogen,
received request:inputType: "string"
inputStream: "recall the at randy\'s the"



[INFO]	 [c2]	 2019-06-07 03:44:35.929499
[INFO]	 [c2]	 2019-06-07 03:44:35.939159
[INFO]	 [c2]	Time elapsed:  0.00966  seconds.
||||----||||Predict Output:recall the at randy's the,
received request:inputType: "string"
inputStream: "please call still a oscar degree"



[INFO]	 [c2]	 2019-06-07 03:44:37.112937
[INFO]	 [c2]	 2019-06-07 03:44:37.121519
[INFO]	 [c2]	Time elapsed:  0.008582  seconds.
||||----||||Predict Output:please call still a oscar degree,
received request:inputType: "string"
inputStream: "please call\'s gala at"



[INFO]	 [c2]	 2019-06-07 03:44:37.674998
[INFO]	 [c2]	 2019-06-07 03:44:37.683654
[INFO]	 [c2]	Time elapsed:  0.008656  seconds.
||||----||||Predict Output:please call's gala at,
received request:inputType: "string"
inputStream: "these golf will inherit randy"



[INFO]	 [c2]	 2019-06-07 03:44:38.830312
[INFO]	 [c2]	 2019-06-07 03:44:38.838919
[INFO]	 [c2]	Time elapsed:  0.008607  seconds.
||||----||||Predict Output:these golf will inherit randy,
received request:inputType: "string"
inputStream: "please call fellow at the bring the thing"



[INFO]	 [c2]	 2019-06-07 03:44:39.651966
[INFO]	 [c2]	 2019-06-07 03:44:39.660937
[INFO]	 [c2]	Time elapsed:  0.008971  seconds.
||||----||||Predict Output:please call fellow at the bring the thing,
received request:inputType: "string"
inputStream: "please call the lot ask richard"



[INFO]	 [c2]	 2019-06-07 03:44:40.375756
[INFO]	 [c2]	 2019-06-07 03:44:40.384415
[INFO]	 [c2]	Time elapsed:  0.008659  seconds.
||||----||||Predict Output:please call the lot ask richard,
received request:inputType: "string"
inputStream: "please call scanlon ask her to bring tea"



[INFO]	 [c2]	 2019-06-07 03:44:41.079571
[INFO]	 [c2]	 2019-06-07 03:44:41.089534
[INFO]	 [c2]	Time elapsed:  0.009963  seconds.
||||----||||Predict Output:please call scanlon ask her to bring tea,
received request:inputType: "string"
inputStream: "please help dylan and hit him during the"



[INFO]	 [c2]	 2019-06-07 03:44:41.868959
[INFO]	 [c2]	 2019-06-07 03:44:41.878845
[INFO]	 [c2]	Time elapsed:  0.009886  seconds.
||||----||||Predict Output:please help dylan and hit him during the,
received request:inputType: "string"
inputStream: "please all fellow ass"



[INFO]	 [c2]	 2019-06-07 03:44:42.602812
[INFO]	 [c2]	 2019-06-07 03:44:42.610639
[INFO]	 [c2]	Time elapsed:  0.007827  seconds.
||||----||||Predict Output:please all fellow ass,
received request:inputType: "string"
inputStream: "pete hold on a oscar to bring these"



[INFO]	 [c2]	 2019-06-07 03:44:43.572926
[INFO]	 [c2]	 2019-06-07 03:44:43.581512
[INFO]	 [c2]	Time elapsed:  0.008586  seconds.
||||----||||Predict Output:pete hold on a oscar to bring these,
received request:inputType: "string"
inputStream: "please call the island after bring the things"



[INFO]	 [c2]	 2019-06-07 03:44:44.307705
[INFO]	 [c2]	 2019-06-07 03:44:44.316404
[INFO]	 [c2]	Time elapsed:  0.008699  seconds.
||||----||||Predict Output:please call the island after bring the things,
received request:inputType: "string"
inputStream: "please off the thingy things"



[INFO]	 [c2]	 2019-06-07 03:44:45.133094
[INFO]	 [c2]	 2019-06-07 03:44:45.141423
[INFO]	 [c2]	Time elapsed:  0.008329  seconds.
||||----||||Predict Output:please off the thingy things,
received request:inputType: "string"
inputStream: "the schools the best the bring the same"



[INFO]	 [c2]	 2019-06-07 03:44:46.287455
[INFO]	 [c2]	 2019-06-07 03:44:46.296291
[INFO]	 [c2]	Time elapsed:  0.008836  seconds.
||||----||||Predict Output:the schools the best the bring the same,
received request:inputType: "string"
inputStream: "these calls stella after bring these things were"



[INFO]	 [c2]	 2019-06-07 03:44:47.335246
[INFO]	 [c2]	 2019-06-07 03:44:47.344668
[INFO]	 [c2]	Time elapsed:  0.009422  seconds.
||||----||||Predict Output:these calls stella after bring these things were,
received request:inputType: "string"
inputStream: "please call still at turner bring me"



[INFO]	 [c2]	 2019-06-07 03:44:48.003951
[INFO]	 [c2]	 2019-06-07 03:44:48.012335
[INFO]	 [c2]	Time elapsed:  0.008384  seconds.
||||----||||Predict Output:please call still at turner bring me,
received request:inputType: "string"
inputStream: "please tell stella after giving these things of that"



[INFO]	 [c2]	 2019-06-07 03:44:48.940672
[INFO]	 [c2]	 2019-06-07 03:44:48.949210
[INFO]	 [c2]	Time elapsed:  0.008538  seconds.
||||----||||Predict Output:please tell stella after giving these things of that,
received request:inputType: "string"
inputStream: "recalls the at rain"



[INFO]	 [c2]	 2019-06-07 03:44:49.812295
[INFO]	 [c2]	 2019-06-07 03:44:49.821256
[INFO]	 [c2]	Time elapsed:  0.008961  seconds.
||||----||||Predict Output:recalls the at rain,
received request:inputType: "string"
inputStream: "please call stella ask or bring these things which are"



[INFO]	 [c2]	 2019-06-07 03:44:50.605917
[INFO]	 [c2]	 2019-06-07 03:44:50.614620
[INFO]	 [c2]	Time elapsed:  0.008703  seconds.
||||----||||Predict Output:please call stella ask or bring these things which are,
received request:inputType: "string"
inputStream: "please call fella afternoon"



[INFO]	 [c2]	 2019-06-07 03:44:51.296976
[INFO]	 [c2]	 2019-06-07 03:44:51.304730
[INFO]	 [c2]	Time elapsed:  0.007754  seconds.
||||----||||Predict Output:please call fella afternoon,
received request:inputType: "string"
inputStream: "these are the hour after the it and he v."



[INFO]	 [c2]	 2019-06-07 03:44:52.298538
[INFO]	 [c2]	 2019-06-07 03:44:52.307201
[INFO]	 [c2]	Time elapsed:  0.008663  seconds.
||||----||||Predict Output:these are the hour after the it and he v.,
received request:inputType: "string"
inputStream: "please call the law has the ring"



[INFO]	 [c2]	 2019-06-07 03:44:53.222418
[INFO]	 [c2]	 2019-06-07 03:44:53.230781
[INFO]	 [c2]	Time elapsed:  0.008363  seconds.
||||----||||Predict Output:please call the law has the ring,
received request:inputType: "string"
inputStream: "please hold still a opted to bring"



[INFO]	 [c2]	 2019-06-07 03:44:54.336585
[INFO]	 [c2]	 2019-06-07 03:44:54.345385
[INFO]	 [c2]	Time elapsed:  0.0088  seconds.
||||----||||Predict Output:please hold still a opted to bring,
received request:inputType: "string"
inputStream: "please gulf below bos card"



[INFO]	 [c2]	 2019-06-07 03:44:55.048772
[INFO]	 [c2]	 2019-06-07 03:44:55.057360
[INFO]	 [c2]	Time elapsed:  0.008588  seconds.
||||----||||Predict Output:please gulf below bos card,
received request:inputType: "string"
inputStream: "please close ally"



[INFO]	 [c2]	 2019-06-07 03:44:55.864522
[INFO]	 [c2]	 2019-06-07 03:44:55.872330
[INFO]	 [c2]	Time elapsed:  0.007808  seconds.
||||----||||Predict Output:please close ally,
received request:inputType: "string"
inputStream: "these calls a casket attorneys been good"



[INFO]	 [c2]	 2019-06-07 03:44:57.018321
[INFO]	 [c2]	 2019-06-07 03:44:57.028238
[INFO]	 [c2]	Time elapsed:  0.009917  seconds.
||||----||||Predict Output:these calls a casket attorneys been good,
received request:inputType: "string"
inputStream: "these calls the ala tass cabrini thing"



[INFO]	 [c2]	 2019-06-07 03:44:57.813784
[INFO]	 [c2]	 2019-06-07 03:44:57.823605
[INFO]	 [c2]	Time elapsed:  0.009821  seconds.
||||----||||Predict Output:these calls the ala tass cabrini thing,
received request:inputType: "string"
inputStream: "we\'ve got stella ask an bring the east"



[INFO]	 [c2]	 2019-06-07 03:44:58.977747
[INFO]	 [c2]	 2019-06-07 03:44:58.986703
[INFO]	 [c2]	Time elapsed:  0.008956  seconds.
||||----||||Predict Output:we've got stella ask an bring the east,
received request:inputType: "string"
inputStream: "please call still a ashford or bring these"



[INFO]	 [c2]	 2019-06-07 03:44:59.976820
[INFO]	 [c2]	 2019-06-07 03:44:59.986685
[INFO]	 [c2]	Time elapsed:  0.009865  seconds.
||||----||||Predict Output:please call still a ashford or bring these,
received request:inputType: "string"
inputStream: "please calls to ask the bring me"



[INFO]	 [c2]	 2019-06-07 03:45:00.769542
[INFO]	 [c2]	 2019-06-07 03:45:00.779142
[INFO]	 [c2]	Time elapsed:  0.0096  seconds.
||||----||||Predict Output:please calls to ask the bring me,
received request:inputType: "string"
inputStream: "please call will pass to re visa"



[INFO]	 [c2]	 2019-06-07 03:45:01.749760
[INFO]	 [c2]	 2019-06-07 03:45:01.758545
[INFO]	 [c2]	Time elapsed:  0.008785  seconds.
||||----||||Predict Output:please call will pass to re visa,
received request:inputType: "string"
inputStream: "please call though"



[INFO]	 [c2]	 2019-06-07 03:45:02.249767
[INFO]	 [c2]	 2019-06-07 03:45:02.258625
[INFO]	 [c2]	Time elapsed:  0.008858  seconds.
||||----||||Predict Output:please call though,
received request:inputType: "string"
inputStream: "please call stella structured imprint"



[INFO]	 [c2]	 2019-06-07 03:45:03.206507
[INFO]	 [c2]	 2019-06-07 03:45:03.215221
[INFO]	 [c2]	Time elapsed:  0.008714  seconds.
||||----||||Predict Output:please call stella structured imprint,
received request:inputType: "string"
inputStream: "many schools stand and osgood"



[INFO]	 [c2]	 2019-06-07 03:45:03.958459
[INFO]	 [c2]	 2019-06-07 03:45:03.966621
[INFO]	 [c2]	Time elapsed:  0.008162  seconds.
||||----||||Predict Output:many schools stand and osgood,
received request:inputType: "string"
inputStream: "the east coast thou hast her to bring these things"



[INFO]	 [c2]	 2019-06-07 03:45:05.023932
[INFO]	 [c2]	 2019-06-07 03:45:05.033131
[INFO]	 [c2]	Time elapsed:  0.009199  seconds.
||||----||||Predict Output:the east coast thou hast her to bring these things,
received request:inputType: "string"
inputStream: "today it caught on a stand up"



[INFO]	 [c2]	 2019-06-07 03:45:06.023448
[INFO]	 [c2]	 2019-06-07 03:45:06.032016
[INFO]	 [c2]	Time elapsed:  0.008568  seconds.
||||----||||Predict Output:today it caught on a stand up,
received request:inputType: "string"
inputStream: "these cars that are as carats of green"



[INFO]	 [c2]	 2019-06-07 03:45:06.938790
[INFO]	 [c2]	 2019-06-07 03:45:06.947349
[INFO]	 [c2]	Time elapsed:  0.008559  seconds.
||||----||||Predict Output:these cars that are as carats of green,
received request:inputType: "string"
inputStream: "the whole ella and her"



[INFO]	 [c2]	 2019-06-07 03:45:07.822841
[INFO]	 [c2]	 2019-06-07 03:45:07.832154
[INFO]	 [c2]	Time elapsed:  0.009313  seconds.
||||----||||Predict Output:the whole ella and her,
received request:inputType: "string"
inputStream: "please call still have to bring these things were"



[INFO]	 [c2]	 2019-06-07 03:45:08.847731
[INFO]	 [c2]	 2019-06-07 03:45:08.857363
[INFO]	 [c2]	Time elapsed:  0.009632  seconds.
||||----||||Predict Output:please call still have to bring these things were,
received request:inputType: "string"
inputStream: "please call stella got her to bring these things work"



[INFO]	 [c2]	 2019-06-07 03:45:09.678606
[INFO]	 [c2]	 2019-06-07 03:45:09.687295
[INFO]	 [c2]	Time elapsed:  0.008689  seconds.
||||----||||Predict Output:please call stella got her to bring these things work,
received request:inputType: "string"
inputStream: "his own stella after bring these things were confirmed"



[INFO]	 [c2]	 2019-06-07 03:45:10.847765
[INFO]	 [c2]	 2019-06-07 03:45:10.856589
[INFO]	 [c2]	Time elapsed:  0.008824  seconds.
||||----||||Predict Output:his own stella after bring these things were confirmed,
received request:inputType: "string"
inputStream: "please call stella of scourge of bringing things with her for"



[INFO]	 [c2]	 2019-06-07 03:45:11.684561
[INFO]	 [c2]	 2019-06-07 03:45:11.693424
[INFO]	 [c2]	Time elapsed:  0.008863  seconds.
||||----||||Predict Output:please call stella of scourge of bringing things with her for,
received request:inputType: "string"
inputStream: "whose goal though those whom"



[INFO]	 [c2]	 2019-06-07 03:45:12.737096
[INFO]	 [c2]	 2019-06-07 03:45:12.745422
[INFO]	 [c2]	Time elapsed:  0.008326  seconds.
||||----||||Predict Output:whose goal though those whom,
received request:inputType: "string"
inputStream: "the schools and confident"



[INFO]	 [c2]	 2019-06-07 03:45:13.735222
[INFO]	 [c2]	 2019-06-07 03:45:13.743185
[INFO]	 [c2]	Time elapsed:  0.007963  seconds.
||||----||||Predict Output:the schools and confident,
received request:inputType: "string"
inputStream: "please call the law ask than we need"



[INFO]	 [c2]	 2019-06-07 03:45:14.624159
[INFO]	 [c2]	 2019-06-07 03:45:14.632693
[INFO]	 [c2]	Time elapsed:  0.008534  seconds.
||||----||||Predict Output:please call the law ask than we need,
received request:inputType: "string"
inputStream: "we will stay out a"



[INFO]	 [c2]	 2019-06-07 03:45:15.381090
[INFO]	 [c2]	 2019-06-07 03:45:15.389509
[INFO]	 [c2]	Time elapsed:  0.008419  seconds.
||||----||||Predict Output:we will stay out a,
received request:inputType: "string"
inputStream: "please call stella ask her to bring these"



[INFO]	 [c2]	 2019-06-07 03:45:16.003087
[INFO]	 [c2]	 2019-06-07 03:45:16.011561
[INFO]	 [c2]	Time elapsed:  0.008474  seconds.
||||----||||Predict Output:please call stella ask her to bring these,
received request:inputType: "string"
inputStream: "please call svehla astrid and bring"



[INFO]	 [c2]	 2019-06-07 03:45:16.751957
[INFO]	 [c2]	 2019-06-07 03:45:16.760501
[INFO]	 [c2]	Time elapsed:  0.008544  seconds.
||||----||||Predict Output:please call svehla astrid and bring,
received request:inputType: "string"
inputStream: "please call the path through to bring"



[INFO]	 [c2]	 2019-06-07 03:45:17.611478
[INFO]	 [c2]	 2019-06-07 03:45:17.619849
[INFO]	 [c2]	Time elapsed:  0.008371  seconds.
||||----||||Predict Output:please call the path through to bring,
received request:inputType: "string"
inputStream: "please tell us galloped and hurt her niece in"



[INFO]	 [c2]	 2019-06-07 03:45:18.563448
[INFO]	 [c2]	 2019-06-07 03:45:18.573717
[INFO]	 [c2]	Time elapsed:  0.010269  seconds.
||||----||||Predict Output:please tell us galloped and hurt her niece in,
received request:inputType: "string"
inputStream: "he coldness the"



[INFO]	 [c2]	 2019-06-07 03:45:19.245520
[INFO]	 [c2]	 2019-06-07 03:45:19.253464
[INFO]	 [c2]	Time elapsed:  0.007944  seconds.
||||----||||Predict Output:he coldness the,
received request:inputType: "string"
inputStream: "these calls them the"



[INFO]	 [c2]	 2019-06-07 03:45:19.953052
[INFO]	 [c2]	 2019-06-07 03:45:19.961069
[INFO]	 [c2]	Time elapsed:  0.008017  seconds.
||||----||||Predict Output:these calls them the,
received request:inputType: "string"
inputStream: "please close ally gasket and gray"



[INFO]	 [c2]	 2019-06-07 03:45:20.660224
[INFO]	 [c2]	 2019-06-07 03:45:20.669050
[INFO]	 [c2]	Time elapsed:  0.008826  seconds.
||||----||||Predict Output:please close ally gasket and gray,
received request:inputType: "string"
inputStream: "these call stella asked to bring these things"



[INFO]	 [c2]	 2019-06-07 03:45:21.554653
[INFO]	 [c2]	 2019-06-07 03:45:21.563519
[INFO]	 [c2]	Time elapsed:  0.008866  seconds.
||||----||||Predict Output:these call stella asked to bring these things,
received request:inputType: "string"
inputStream: "please call della ask"



[INFO]	 [c2]	 2019-06-07 03:45:22.248904
[INFO]	 [c2]	 2019-06-07 03:45:22.257001
[INFO]	 [c2]	Time elapsed:  0.008097  seconds.
||||----||||Predict Output:please call della ask,
received request:inputType: "string"
inputStream: "please call still astra\'s bring these things"



[INFO]	 [c2]	 2019-06-07 03:45:23.030046
[INFO]	 [c2]	 2019-06-07 03:45:23.038985
[INFO]	 [c2]	Time elapsed:  0.008939  seconds.
||||----||||Predict Output:please call still astra's bring these things,
received request:inputType: "string"
inputStream: "please call stella as forgiving v."



[INFO]	 [c2]	 2019-06-07 03:45:23.983348
[INFO]	 [c2]	 2019-06-07 03:45:23.992704
[INFO]	 [c2]	Time elapsed:  0.009356  seconds.
||||----||||Predict Output:please call stella as forgiving v.,
received request:inputType: "string"
inputStream: "please castellano casket and bring the sting"



[INFO]	 [c2]	 2019-06-07 03:45:24.740926
[INFO]	 [c2]	 2019-06-07 03:45:24.749463
[INFO]	 [c2]	Time elapsed:  0.008537  seconds.
||||----||||Predict Output:please castellano casket and bring the sting,
received request:inputType: "string"
inputStream: "please call stella after having these thing"



[INFO]	 [c2]	 2019-06-07 03:45:25.923909
[INFO]	 [c2]	 2019-06-07 03:45:25.932740
[INFO]	 [c2]	Time elapsed:  0.008831  seconds.
||||----||||Predict Output:please call stella after having these thing,
received request:inputType: "string"
inputStream: "he\'s called stella astrid occur"



[INFO]	 [c2]	 2019-06-07 03:45:26.718264
[INFO]	 [c2]	 2019-06-07 03:45:26.726717
[INFO]	 [c2]	Time elapsed:  0.008453  seconds.
||||----||||Predict Output:he's called stella astrid occur,
received request:inputType: "string"
inputStream: "please go lou waters were"



[INFO]	 [c2]	 2019-06-07 03:45:27.661031
[INFO]	 [c2]	 2019-06-07 03:45:27.670700
[INFO]	 [c2]	Time elapsed:  0.009669  seconds.
||||----||||Predict Output:please go lou waters were,
received request:inputType: "string"
inputStream: "please call spell and ask her to bring these things and"



[INFO]	 [c2]	 2019-06-07 03:45:28.494164
[INFO]	 [c2]	 2019-06-07 03:45:28.503510
[INFO]	 [c2]	Time elapsed:  0.009346  seconds.
||||----||||Predict Output:please call spell and ask her to bring these things and,
received request:inputType: "string"
inputStream: "please go also asked him"



[INFO]	 [c2]	 2019-06-07 03:45:29.052466
[INFO]	 [c2]	 2019-06-07 03:45:29.060574
[INFO]	 [c2]	Time elapsed:  0.008108  seconds.
||||----||||Predict Output:please go also asked him,
received request:inputType: "string"
inputStream: "these costello after bring"



[INFO]	 [c2]	 2019-06-07 03:45:29.607942
[INFO]	 [c2]	 2019-06-07 03:45:29.616005
[INFO]	 [c2]	Time elapsed:  0.008063  seconds.
||||----||||Predict Output:these costello after bring,
received request:inputType: "string"
inputStream: "these castilla after bring these things up"



[INFO]	 [c2]	 2019-06-07 03:45:30.417289
[INFO]	 [c2]	 2019-06-07 03:45:30.425810
[INFO]	 [c2]	Time elapsed:  0.008521  seconds.
||||----||||Predict Output:these castilla after bring these things up,
received request:inputType: "string"
inputStream: "these calls to look after bring thee"



[INFO]	 [c2]	 2019-06-07 03:45:31.142382
[INFO]	 [c2]	 2019-06-07 03:45:31.151138
[INFO]	 [c2]	Time elapsed:  0.008756  seconds.
||||----||||Predict Output:these calls to look after bring thee,
received request:inputType: "string"
inputStream: "we\'ll help gala and couldn\'t bring"



[INFO]	 [c2]	 2019-06-07 03:45:31.910263
[INFO]	 [c2]	 2019-06-07 03:45:31.918714
[INFO]	 [c2]	Time elapsed:  0.008451  seconds.
||||----||||Predict Output:we'll help gala and couldn't bring,
received request:inputType: "string"
inputStream: "these are all still a count it bring the thing to"



[INFO]	 [c2]	 2019-06-07 03:45:33.345615
[INFO]	 [c2]	 2019-06-07 03:45:33.355963
[INFO]	 [c2]	Time elapsed:  0.010348  seconds.
||||----||||Predict Output:these are all still a count it bring the thing to,
received request:inputType: "string"
inputStream: "the east coast and the"



[INFO]	 [c2]	 2019-06-07 03:45:34.446073
[INFO]	 [c2]	 2019-06-07 03:45:34.454165
[INFO]	 [c2]	Time elapsed:  0.008092  seconds.
||||----||||Predict Output:the east coast and the,
received request:inputType: "string"
inputStream: "the polls have a lot to bring the thing"



[INFO]	 [c2]	 2019-06-07 03:45:35.837192
[INFO]	 [c2]	 2019-06-07 03:45:35.846968
[INFO]	 [c2]	Time elapsed:  0.009776  seconds.
||||----||||Predict Output:the polls have a lot to bring the thing,
received request:inputType: "string"
inputStream: "we\'ve called all after grungy me"



[INFO]	 [c2]	 2019-06-07 03:45:36.628991
[INFO]	 [c2]	 2019-06-07 03:45:36.637471
[INFO]	 [c2]	Time elapsed:  0.00848  seconds.
||||----||||Predict Output:we've called all after grungy me,
received request:inputType: "string"
inputStream: "to these calls the oscar to bring me"



[INFO]	 [c2]	 2019-06-07 03:45:37.633681
[INFO]	 [c2]	 2019-06-07 03:45:37.642682
[INFO]	 [c2]	Time elapsed:  0.009001  seconds.
||||----||||Predict Output:to these calls the oscar to bring me,
